\BOOKMARK [0][-]{chapter.1}{\376\377\0001\000\040\000N\000a\000m\000e\000s\000p\000a\000c\000e\000\040\000I\000n\000d\000e\000x}{}% 1
\BOOKMARK [1][-]{section.1.1}{\376\377\0001\000.\0001\000\040\000P\000a\000c\000k\000a\000g\000e\000s}{chapter.1}% 2
\BOOKMARK [0][-]{chapter.2}{\376\377\0002\000\040\000H\000i\000e\000r\000a\000r\000c\000h\000i\000c\000a\000l\000\040\000I\000n\000d\000e\000x}{}% 3
\BOOKMARK [1][-]{section.2.1}{\376\377\0002\000.\0001\000\040\000C\000l\000a\000s\000s\000\040\000H\000i\000e\000r\000a\000r\000c\000h\000y}{chapter.2}% 4
\BOOKMARK [0][-]{chapter.3}{\376\377\0003\000\040\000C\000l\000a\000s\000s\000\040\000I\000n\000d\000e\000x}{}% 5
\BOOKMARK [1][-]{section.3.1}{\376\377\0003\000.\0001\000\040\000C\000l\000a\000s\000s\000\040\000L\000i\000s\000t}{chapter.3}% 6
\BOOKMARK [0][-]{chapter.4}{\376\377\0004\000\040\000F\000i\000l\000e\000\040\000I\000n\000d\000e\000x}{}% 7
\BOOKMARK [1][-]{section.4.1}{\376\377\0004\000.\0001\000\040\000F\000i\000l\000e\000\040\000L\000i\000s\000t}{chapter.4}% 8
\BOOKMARK [0][-]{chapter.5}{\376\377\0005\000\040\000N\000a\000m\000e\000s\000p\000a\000c\000e\000\040\000D\000o\000c\000u\000m\000e\000n\000t\000a\000t\000i\000o\000n}{}% 9
\BOOKMARK [1][-]{section.5.1}{\376\377\0005\000.\0001\000\040\000P\000a\000c\000k\000a\000g\000e\000\040\000e\000s\000.\000d\000e\000u\000s\000t\000o\000.\000s\000p\000q\000.\000c\000l\000i\000e\000n\000t}{chapter.5}% 10
\BOOKMARK [1][-]{section.5.2}{\376\377\0005\000.\0002\000\040\000P\000a\000c\000k\000a\000g\000e\000\040\000e\000s\000.\000d\000e\000u\000s\000t\000o\000.\000s\000p\000q\000.\000c\000l\000i\000e\000n\000t\000.\000g\000u\000i}{chapter.5}% 11
\BOOKMARK [1][-]{section.5.3}{\376\377\0005\000.\0003\000\040\000P\000a\000c\000k\000a\000g\000e\000\040\000e\000s\000.\000d\000e\000u\000s\000t\000o\000.\000s\000p\000q\000.\000s\000e\000r\000v\000e\000r}{chapter.5}% 12
\BOOKMARK [0][-]{chapter.6}{\376\377\0006\000\040\000C\000l\000a\000s\000s\000\040\000D\000o\000c\000u\000m\000e\000n\000t\000a\000t\000i\000o\000n}{}% 13
\BOOKMARK [1][-]{section.6.1}{\376\377\0006\000.\0001\000\040\000e\000s\000.\000d\000e\000u\000s\000t\000o\000.\000s\000p\000q\000.\000c\000l\000i\000e\000n\000t\000.\000C\000l\000i\000e\000n\000t\000e\000\040\000C\000l\000a\000s\000s\000\040\000R\000e\000f\000e\000r\000e\000n\000c\000e}{chapter.6}% 14
\BOOKMARK [2][-]{subsection.6.1.1}{\376\377\0006\000.\0001\000.\0001\000\040\000D\000e\000t\000a\000i\000l\000e\000d\000\040\000D\000e\000s\000c\000r\000i\000p\000t\000i\000o\000n}{section.6.1}% 15
\BOOKMARK [2][-]{subsection.6.1.2}{\376\377\0006\000.\0001\000.\0002\000\040\000C\000o\000n\000s\000t\000r\000u\000c\000t\000o\000r\000\040\000\046\000\040\000D\000e\000s\000t\000r\000u\000c\000t\000o\000r\000\040\000D\000o\000c\000u\000m\000e\000n\000t\000a\000t\000i\000o\000n}{section.6.1}% 16
\BOOKMARK [3][-]{subsubsection.6.1.2.1}{\376\377\0006\000.\0001\000.\0002\000.\0001\000\040\000C\000l\000i\000e\000n\000t\000e\000\050\000\051\000\040\000[\0001\000/\0002\000]}{subsection.6.1.2}% 17
\BOOKMARK [3][-]{subsubsection.6.1.2.2}{\376\377\0006\000.\0001\000.\0002\000.\0002\000\040\000C\000l\000i\000e\000n\000t\000e\000\050\000\051\000\040\000[\0002\000/\0002\000]}{subsection.6.1.2}% 18
\BOOKMARK [2][-]{subsection.6.1.3}{\376\377\0006\000.\0001\000.\0003\000\040\000M\000e\000m\000b\000e\000r\000\040\000F\000u\000n\000c\000t\000i\000o\000n\000\040\000D\000o\000c\000u\000m\000e\000n\000t\000a\000t\000i\000o\000n}{section.6.1}% 19
\BOOKMARK [3][-]{subsubsection.6.1.3.1}{\376\377\0006\000.\0001\000.\0003\000.\0001\000\040\000g\000e\000t\000A\000p\000e\000l\000l\000i\000d\000o\000\050\000\051}{subsection.6.1.3}% 20
\BOOKMARK [3][-]{subsubsection.6.1.3.2}{\376\377\0006\000.\0001\000.\0003\000.\0002\000\040\000g\000e\000t\000C\000o\000n\000t\000r\000a\000s\000e\000n\000y\000a\000\050\000\051}{subsection.6.1.3}% 21
\BOOKMARK [3][-]{subsubsection.6.1.3.3}{\376\377\0006\000.\0001\000.\0003\000.\0003\000\040\000g\000e\000t\000D\000N\000I\000\050\000\051}{subsection.6.1.3}% 22
\BOOKMARK [3][-]{subsubsection.6.1.3.4}{\376\377\0006\000.\0001\000.\0003\000.\0004\000\040\000g\000e\000t\000E\000m\000a\000i\000l\000\050\000\051}{subsection.6.1.3}% 23
\BOOKMARK [3][-]{subsubsection.6.1.3.5}{\376\377\0006\000.\0001\000.\0003\000.\0005\000\040\000g\000e\000t\000N\000o\000m\000b\000r\000e\000\050\000\051}{subsection.6.1.3}% 24
\BOOKMARK [3][-]{subsubsection.6.1.3.6}{\376\377\0006\000.\0001\000.\0003\000.\0006\000\040\000i\000s\000E\000s\000A\000d\000m\000i\000n\000\050\000\051}{subsection.6.1.3}% 25
\BOOKMARK [3][-]{subsubsection.6.1.3.7}{\376\377\0006\000.\0001\000.\0003\000.\0007\000\040\000m\000a\000i\000n\000\050\000\051}{subsection.6.1.3}% 26
\BOOKMARK [3][-]{subsubsection.6.1.3.8}{\376\377\0006\000.\0001\000.\0003\000.\0008\000\040\000s\000e\000t\000A\000p\000e\000l\000l\000i\000d\000o\000\050\000\051}{subsection.6.1.3}% 27
\BOOKMARK [3][-]{subsubsection.6.1.3.9}{\376\377\0006\000.\0001\000.\0003\000.\0009\000\040\000s\000e\000t\000C\000o\000n\000t\000r\000a\000s\000e\000n\000y\000a\000\050\000\051}{subsection.6.1.3}% 28
\BOOKMARK [3][-]{subsubsection.6.1.3.10}{\376\377\0006\000.\0001\000.\0003\000.\0001\0000\000\040\000s\000e\000t\000D\000N\000I\000\050\000\051}{subsection.6.1.3}% 29
\BOOKMARK [3][-]{subsubsection.6.1.3.11}{\376\377\0006\000.\0001\000.\0003\000.\0001\0001\000\040\000s\000e\000t\000E\000m\000a\000i\000l\000\050\000\051}{subsection.6.1.3}% 30
\BOOKMARK [3][-]{subsubsection.6.1.3.12}{\376\377\0006\000.\0001\000.\0003\000.\0001\0002\000\040\000s\000e\000t\000E\000s\000A\000d\000m\000i\000n\000\050\000\051}{subsection.6.1.3}% 31
\BOOKMARK [3][-]{subsubsection.6.1.3.13}{\376\377\0006\000.\0001\000.\0003\000.\0001\0003\000\040\000s\000e\000t\000N\000o\000m\000b\000r\000e\000\050\000\051}{subsection.6.1.3}% 32
\BOOKMARK [3][-]{subsubsection.6.1.3.14}{\376\377\0006\000.\0001\000.\0003\000.\0001\0004\000\040\000t\000o\000S\000t\000r\000i\000n\000g\000\050\000\051}{subsection.6.1.3}% 33
\BOOKMARK [1][-]{section.6.2}{\376\377\0006\000.\0002\000\040\000e\000s\000.\000d\000e\000u\000s\000t\000o\000.\000s\000p\000q\000.\000c\000l\000i\000e\000n\000t\000.\000C\000l\000i\000e\000n\000t\000e\000T\000e\000s\000t\000\040\000C\000l\000a\000s\000s\000\040\000R\000e\000f\000e\000r\000e\000n\000c\000e}{chapter.6}% 34
\BOOKMARK [2][-]{subsection.6.2.1}{\376\377\0006\000.\0002\000.\0001\000\040\000D\000e\000t\000a\000i\000l\000e\000d\000\040\000D\000e\000s\000c\000r\000i\000p\000t\000i\000o\000n}{section.6.2}% 35
\BOOKMARK [2][-]{subsection.6.2.2}{\376\377\0006\000.\0002\000.\0002\000\040\000M\000e\000m\000b\000e\000r\000\040\000F\000u\000n\000c\000t\000i\000o\000n\000\040\000D\000o\000c\000u\000m\000e\000n\000t\000a\000t\000i\000o\000n}{section.6.2}% 36
\BOOKMARK [3][-]{subsubsection.6.2.2.1}{\376\377\0006\000.\0002\000.\0002\000.\0001\000\040\000g\000e\000t\000A\000p\000e\000l\000l\000i\000d\000o\000T\000e\000s\000t\000\050\000\051}{subsection.6.2.2}% 37
\BOOKMARK [3][-]{subsubsection.6.2.2.2}{\376\377\0006\000.\0002\000.\0002\000.\0002\000\040\000g\000e\000t\000C\000o\000n\000t\000r\000a\000s\000e\000n\000y\000a\000T\000e\000s\000t\000\050\000\051}{subsection.6.2.2}% 38
\BOOKMARK [3][-]{subsubsection.6.2.2.3}{\376\377\0006\000.\0002\000.\0002\000.\0003\000\040\000g\000e\000t\000D\000N\000I\000T\000e\000s\000t\000\050\000\051}{subsection.6.2.2}% 39
\BOOKMARK [3][-]{subsubsection.6.2.2.4}{\376\377\0006\000.\0002\000.\0002\000.\0004\000\040\000g\000e\000t\000E\000m\000a\000i\000l\000T\000e\000s\000t\000\050\000\051}{subsection.6.2.2}% 40
\BOOKMARK [3][-]{subsubsection.6.2.2.5}{\376\377\0006\000.\0002\000.\0002\000.\0005\000\040\000g\000e\000t\000E\000s\000A\000d\000m\000i\000n\000T\000e\000s\000t\000\050\000\051}{subsection.6.2.2}% 41
\BOOKMARK [3][-]{subsubsection.6.2.2.6}{\376\377\0006\000.\0002\000.\0002\000.\0006\000\040\000g\000e\000t\000N\000o\000m\000b\000r\000e\000T\000e\000s\000t\000\050\000\051}{subsection.6.2.2}% 42
\BOOKMARK [3][-]{subsubsection.6.2.2.7}{\376\377\0006\000.\0002\000.\0002\000.\0007\000\040\000s\000e\000t\000U\000p\000\050\000\051}{subsection.6.2.2}% 43
\BOOKMARK [1][-]{section.6.3}{\376\377\0006\000.\0003\000\040\000e\000s\000.\000d\000e\000u\000s\000t\000o\000.\000s\000p\000q\000.\000c\000l\000i\000e\000n\000t\000.\000C\000o\000n\000t\000r\000o\000l\000l\000e\000r\000\040\000C\000l\000a\000s\000s\000\040\000R\000e\000f\000e\000r\000e\000n\000c\000e}{chapter.6}% 44
\BOOKMARK [2][-]{subsection.6.3.1}{\376\377\0006\000.\0003\000.\0001\000\040\000D\000e\000t\000a\000i\000l\000e\000d\000\040\000D\000e\000s\000c\000r\000i\000p\000t\000i\000o\000n}{section.6.3}% 45
\BOOKMARK [2][-]{subsection.6.3.2}{\376\377\0006\000.\0003\000.\0002\000\040\000C\000o\000n\000s\000t\000r\000u\000c\000t\000o\000r\000\040\000\046\000\040\000D\000e\000s\000t\000r\000u\000c\000t\000o\000r\000\040\000D\000o\000c\000u\000m\000e\000n\000t\000a\000t\000i\000o\000n}{section.6.3}% 46
\BOOKMARK [3][-]{subsubsection.6.3.2.1}{\376\377\0006\000.\0003\000.\0002\000.\0001\000\040\000C\000o\000n\000t\000r\000o\000l\000l\000e\000r\000\050\000\051}{subsection.6.3.2}% 47
\BOOKMARK [2][-]{subsection.6.3.3}{\376\377\0006\000.\0003\000.\0003\000\040\000M\000e\000m\000b\000e\000r\000\040\000F\000u\000n\000c\000t\000i\000o\000n\000\040\000D\000o\000c\000u\000m\000e\000n\000t\000a\000t\000i\000o\000n}{section.6.3}% 48
\BOOKMARK [3][-]{subsubsection.6.3.3.1}{\376\377\0006\000.\0003\000.\0003\000.\0001\000\040\000a\000n\000a\000d\000i\000r\000C\000l\000i\000e\000n\000t\000e\000\050\000\051}{subsection.6.3.3}% 49
\BOOKMARK [3][-]{subsubsection.6.3.3.2}{\376\377\0006\000.\0003\000.\0003\000.\0002\000\040\000a\000n\000a\000d\000i\000r\000E\000v\000e\000n\000t\000o\000\050\000\051}{subsection.6.3.3}% 50
\BOOKMARK [3][-]{subsubsection.6.3.3.3}{\376\377\0006\000.\0003\000.\0003\000.\0003\000\040\000a\000n\000a\000d\000i\000r\000R\000e\000s\000e\000r\000v\000a\000\050\000\051}{subsection.6.3.3}% 51
\BOOKMARK [3][-]{subsubsection.6.3.3.4}{\376\377\0006\000.\0003\000.\0003\000.\0004\000\040\000b\000o\000r\000r\000a\000r\000C\000l\000i\000e\000n\000t\000e\000\050\000\051}{subsection.6.3.3}% 52
\BOOKMARK [3][-]{subsubsection.6.3.3.5}{\376\377\0006\000.\0003\000.\0003\000.\0005\000\040\000b\000o\000r\000r\000a\000r\000E\000v\000e\000n\000t\000o\000\050\000\051}{subsection.6.3.3}% 53
\BOOKMARK [3][-]{subsubsection.6.3.3.6}{\376\377\0006\000.\0003\000.\0003\000.\0006\000\040\000b\000o\000r\000r\000a\000r\000R\000e\000s\000e\000r\000v\000a\000\050\000\051}{subsection.6.3.3}% 54
\BOOKMARK [3][-]{subsubsection.6.3.3.7}{\376\377\0006\000.\0003\000.\0003\000.\0007\000\040\000e\000d\000i\000t\000a\000r\000U\000s\000u\000a\000r\000i\000o\000\050\000\051}{subsection.6.3.3}% 55
\BOOKMARK [3][-]{subsubsection.6.3.3.8}{\376\377\0006\000.\0003\000.\0003\000.\0008\000\040\000g\000e\000t\000E\000v\000e\000n\000t\000o\000\050\000\051}{subsection.6.3.3}% 56
\BOOKMARK [3][-]{subsubsection.6.3.3.9}{\376\377\0006\000.\0003\000.\0003\000.\0009\000\040\000g\000e\000t\000E\000v\000e\000n\000t\000o\000s\000\050\000\051}{subsection.6.3.3}% 57
\BOOKMARK [3][-]{subsubsection.6.3.3.10}{\376\377\0006\000.\0003\000.\0003\000.\0001\0000\000\040\000g\000e\000t\000H\000a\000b\000i\000t\000a\000c\000i\000o\000n\000\050\000\051}{subsection.6.3.3}% 58
\BOOKMARK [3][-]{subsubsection.6.3.3.11}{\376\377\0006\000.\0003\000.\0003\000.\0001\0001\000\040\000g\000e\000t\000R\000e\000s\000e\000r\000v\000a\000\050\000\051}{subsection.6.3.3}% 59
\BOOKMARK [3][-]{subsubsection.6.3.3.12}{\376\377\0006\000.\0003\000.\0003\000.\0001\0002\000\040\000g\000e\000t\000U\000s\000u\000a\000r\000i\000o\000\050\000\051}{subsection.6.3.3}% 60
\BOOKMARK [3][-]{subsubsection.6.3.3.13}{\376\377\0006\000.\0003\000.\0003\000.\0001\0003\000\040\000i\000n\000i\000c\000i\000a\000r\000S\000e\000s\000i\000o\000n\000\050\000\051}{subsection.6.3.3}% 61
\BOOKMARK [3][-]{subsubsection.6.3.3.14}{\376\377\0006\000.\0003\000.\0003\000.\0001\0004\000\040\000o\000b\000t\000e\000n\000e\000r\000C\000l\000i\000e\000n\000t\000e\000s\000\050\000\051}{subsection.6.3.3}% 62
\BOOKMARK [3][-]{subsubsection.6.3.3.15}{\376\377\0006\000.\0003\000.\0003\000.\0001\0005\000\040\000o\000b\000t\000e\000n\000e\000r\000H\000a\000b\000i\000t\000a\000c\000i\000o\000n\000e\000s\000\050\000\051}{subsection.6.3.3}% 63
\BOOKMARK [3][-]{subsubsection.6.3.3.16}{\376\377\0006\000.\0003\000.\0003\000.\0001\0006\000\040\000o\000b\000t\000e\000n\000e\000r\000R\000e\000s\000e\000r\000v\000a\000s\000\050\000\051}{subsection.6.3.3}% 64
\BOOKMARK [2][-]{subsection.6.3.4}{\376\377\0006\000.\0003\000.\0004\000\040\000M\000e\000m\000b\000e\000r\000\040\000D\000a\000t\000a\000\040\000D\000o\000c\000u\000m\000e\000n\000t\000a\000t\000i\000o\000n}{section.6.3}% 65
\BOOKMARK [3][-]{subsubsection.6.3.4.1}{\376\377\0006\000.\0003\000.\0004\000.\0001\000\040\000s\000e\000r\000v\000i\000c\000e\000L\000o\000c\000a\000t\000o\000r}{subsection.6.3.4}% 66
\BOOKMARK [1][-]{section.6.4}{\376\377\0006\000.\0004\000\040\000e\000s\000.\000d\000e\000u\000s\000t\000o\000.\000s\000p\000q\000.\000c\000l\000i\000e\000n\000t\000.\000C\000o\000n\000t\000r\000o\000l\000l\000e\000r\000T\000e\000s\000t\000\040\000C\000l\000a\000s\000s\000\040\000R\000e\000f\000e\000r\000e\000n\000c\000e}{chapter.6}% 67
\BOOKMARK [2][-]{subsection.6.4.1}{\376\377\0006\000.\0004\000.\0001\000\040\000D\000e\000t\000a\000i\000l\000e\000d\000\040\000D\000e\000s\000c\000r\000i\000p\000t\000i\000o\000n}{section.6.4}% 68
\BOOKMARK [2][-]{subsection.6.4.2}{\376\377\0006\000.\0004\000.\0002\000\040\000M\000e\000m\000b\000e\000r\000\040\000F\000u\000n\000c\000t\000i\000o\000n\000\040\000D\000o\000c\000u\000m\000e\000n\000t\000a\000t\000i\000o\000n}{section.6.4}% 69
\BOOKMARK [3][-]{subsubsection.6.4.2.1}{\376\377\0006\000.\0004\000.\0002\000.\0001\000\040\000i\000n\000i\000c\000i\000a\000r\000S\000e\000s\000i\000o\000n\000T\000e\000s\000t\000\050\000\051}{subsection.6.4.2}% 70
\BOOKMARK [3][-]{subsubsection.6.4.2.2}{\376\377\0006\000.\0004\000.\0002\000.\0002\000\040\000o\000b\000t\000e\000n\000e\000r\000C\000l\000i\000e\000n\000t\000e\000s\000T\000e\000s\000t\000\050\000\051}{subsection.6.4.2}% 71
\BOOKMARK [3][-]{subsubsection.6.4.2.3}{\376\377\0006\000.\0004\000.\0002\000.\0003\000\040\000o\000b\000t\000e\000n\000e\000r\000H\000a\000b\000i\000t\000a\000c\000i\000o\000n\000e\000s\000T\000e\000s\000t\000\050\000\051}{subsection.6.4.2}% 72
\BOOKMARK [3][-]{subsubsection.6.4.2.4}{\376\377\0006\000.\0004\000.\0002\000.\0004\000\040\000o\000b\000t\000e\000n\000e\000r\000R\000e\000s\000e\000r\000v\000a\000s\000T\000e\000s\000t\000\050\000\051}{subsection.6.4.2}% 73
\BOOKMARK [3][-]{subsubsection.6.4.2.5}{\376\377\0006\000.\0004\000.\0002\000.\0005\000\040\000r\000e\000g\000i\000s\000t\000r\000a\000r\000U\000s\000u\000a\000r\000i\000o\000T\000e\000s\000t\000\050\000\051}{subsection.6.4.2}% 74
\BOOKMARK [2][-]{subsection.6.4.3}{\376\377\0006\000.\0004\000.\0003\000\040\000M\000e\000m\000b\000e\000r\000\040\000D\000a\000t\000a\000\040\000D\000o\000c\000u\000m\000e\000n\000t\000a\000t\000i\000o\000n}{section.6.4}% 75
\BOOKMARK [3][-]{subsubsection.6.4.3.1}{\376\377\0006\000.\0004\000.\0003\000.\0001\000\040\000i}{subsection.6.4.3}% 76
\BOOKMARK [1][-]{section.6.5}{\376\377\0006\000.\0005\000\040\000e\000s\000.\000d\000e\000u\000s\000t\000o\000.\000s\000p\000q\000.\000s\000e\000r\000v\000e\000r\000.\000D\000B\000M\000a\000n\000a\000g\000e\000r\000\040\000C\000l\000a\000s\000s\000\040\000R\000e\000f\000e\000r\000e\000n\000c\000e}{chapter.6}% 77
\BOOKMARK [2][-]{subsection.6.5.1}{\376\377\0006\000.\0005\000.\0001\000\040\000D\000e\000t\000a\000i\000l\000e\000d\000\040\000D\000e\000s\000c\000r\000i\000p\000t\000i\000o\000n}{section.6.5}% 78
\BOOKMARK [2][-]{subsection.6.5.2}{\376\377\0006\000.\0005\000.\0002\000\040\000M\000e\000m\000b\000e\000r\000\040\000F\000u\000n\000c\000t\000i\000o\000n\000\040\000D\000o\000c\000u\000m\000e\000n\000t\000a\000t\000i\000o\000n}{section.6.5}% 79
\BOOKMARK [3][-]{subsubsection.6.5.2.1}{\376\377\0006\000.\0005\000.\0002\000.\0001\000\040\000a\000c\000t\000u\000a\000l\000i\000z\000a\000r\000D\000a\000t\000o\000s\000C\000l\000i\000e\000n\000t\000e\000\050\000\051}{subsection.6.5.2}% 80
\BOOKMARK [3][-]{subsubsection.6.5.2.2}{\376\377\0006\000.\0005\000.\0002\000.\0002\000\040\000a\000n\000a\000d\000i\000r\000C\000l\000i\000e\000n\000t\000e\000\050\000\051}{subsection.6.5.2}% 81
\BOOKMARK [3][-]{subsubsection.6.5.2.3}{\376\377\0006\000.\0005\000.\0002\000.\0003\000\040\000a\000n\000a\000d\000i\000r\000H\000a\000b\000i\000t\000a\000c\000i\000o\000n\000e\000s\000\050\000\051}{subsection.6.5.2}% 82
\BOOKMARK [3][-]{subsubsection.6.5.2.4}{\376\377\0006\000.\0005\000.\0002\000.\0004\000\040\000b\000o\000r\000r\000a\000r\000C\000l\000i\000e\000n\000t\000e\000\050\000\051}{subsection.6.5.2}% 83
\BOOKMARK [3][-]{subsubsection.6.5.2.5}{\376\377\0006\000.\0005\000.\0002\000.\0005\000\040\000b\000o\000r\000r\000a\000r\000E\000v\000e\000n\000t\000o\000\050\000\051}{subsection.6.5.2}% 84
\BOOKMARK [3][-]{subsubsection.6.5.2.6}{\376\377\0006\000.\0005\000.\0002\000.\0006\000\040\000b\000o\000r\000r\000a\000r\000R\000e\000s\000e\000r\000v\000a\000\050\000\051}{subsection.6.5.2}% 85
\BOOKMARK [3][-]{subsubsection.6.5.2.7}{\376\377\0006\000.\0005\000.\0002\000.\0007\000\040\000d\000e\000l\000e\000t\000e\000\050\000\051\000\040\000[\0001\000/\0005\000]}{subsection.6.5.2}% 86
\BOOKMARK [3][-]{subsubsection.6.5.2.8}{\376\377\0006\000.\0005\000.\0002\000.\0008\000\040\000d\000e\000l\000e\000t\000e\000\050\000\051\000\040\000[\0002\000/\0005\000]}{subsection.6.5.2}% 87
\BOOKMARK [3][-]{subsubsection.6.5.2.9}{\376\377\0006\000.\0005\000.\0002\000.\0009\000\040\000d\000e\000l\000e\000t\000e\000\050\000\051\000\040\000[\0003\000/\0005\000]}{subsection.6.5.2}% 88
\BOOKMARK [3][-]{subsubsection.6.5.2.10}{\376\377\0006\000.\0005\000.\0002\000.\0001\0000\000\040\000d\000e\000l\000e\000t\000e\000\050\000\051\000\040\000[\0004\000/\0005\000]}{subsection.6.5.2}% 89
\BOOKMARK [3][-]{subsubsection.6.5.2.11}{\376\377\0006\000.\0005\000.\0002\000.\0001\0001\000\040\000d\000e\000l\000e\000t\000e\000\050\000\051\000\040\000[\0005\000/\0005\000]}{subsection.6.5.2}% 90
\BOOKMARK [3][-]{subsubsection.6.5.2.12}{\376\377\0006\000.\0005\000.\0002\000.\0001\0002\000\040\000d\000e\000l\000e\000t\000e\000C\000l\000i\000e\000n\000t\000e\000s\000\050\000\051}{subsection.6.5.2}% 91
\BOOKMARK [3][-]{subsubsection.6.5.2.13}{\376\377\0006\000.\0005\000.\0002\000.\0001\0003\000\040\000d\000e\000l\000e\000t\000e\000D\000a\000t\000a\000\050\000\051}{subsection.6.5.2}% 92
\BOOKMARK [3][-]{subsubsection.6.5.2.14}{\376\377\0006\000.\0005\000.\0002\000.\0001\0004\000\040\000d\000e\000l\000e\000t\000e\000h\000a\000b\000i\000t\000a\000c\000i\000o\000n\000e\000s\000\050\000\051}{subsection.6.5.2}% 93
\BOOKMARK [3][-]{subsubsection.6.5.2.15}{\376\377\0006\000.\0005\000.\0002\000.\0001\0005\000\040\000d\000e\000l\000e\000t\000e\000O\000b\000j\000e\000c\000t\000F\000r\000o\000m\000D\000B\000\050\000\051}{subsection.6.5.2}% 94
\BOOKMARK [3][-]{subsubsection.6.5.2.16}{\376\377\0006\000.\0005\000.\0002\000.\0001\0006\000\040\000d\000e\000l\000e\000t\000e\000R\000e\000s\000e\000r\000v\000a\000s\000\050\000\051}{subsection.6.5.2}% 95
\BOOKMARK [3][-]{subsubsection.6.5.2.17}{\376\377\0006\000.\0005\000.\0002\000.\0001\0007\000\040\000g\000e\000t\000C\000l\000i\000e\000n\000t\000e\000s\000\050\000\051}{subsection.6.5.2}% 96
\BOOKMARK [3][-]{subsubsection.6.5.2.18}{\376\377\0006\000.\0005\000.\0002\000.\0001\0008\000\040\000g\000e\000t\000E\000v\000e\000n\000t\000o\000\050\000\051}{subsection.6.5.2}% 97
\BOOKMARK [3][-]{subsubsection.6.5.2.19}{\376\377\0006\000.\0005\000.\0002\000.\0001\0009\000\040\000g\000e\000t\000E\000v\000e\000n\000t\000o\000s\000\050\000\051}{subsection.6.5.2}% 98
\BOOKMARK [3][-]{subsubsection.6.5.2.20}{\376\377\0006\000.\0005\000.\0002\000.\0002\0000\000\040\000g\000e\000t\000H\000a\000b\000i\000t\000a\000c\000i\000o\000n\000\050\000\051}{subsection.6.5.2}% 99
\BOOKMARK [3][-]{subsubsection.6.5.2.21}{\376\377\0006\000.\0005\000.\0002\000.\0002\0001\000\040\000g\000e\000t\000H\000a\000b\000i\000t\000a\000c\000i\000o\000n\000e\000s\000\050\000\051}{subsection.6.5.2}% 100
\BOOKMARK [3][-]{subsubsection.6.5.2.22}{\376\377\0006\000.\0005\000.\0002\000.\0002\0002\000\040\000g\000e\000t\000I\000n\000s\000t\000a\000n\000c\000e\000\050\000\051}{subsection.6.5.2}% 101
\BOOKMARK [3][-]{subsubsection.6.5.2.23}{\376\377\0006\000.\0005\000.\0002\000.\0002\0003\000\040\000g\000e\000t\000R\000e\000s\000e\000r\000v\000a\000\050\000\051}{subsection.6.5.2}% 102
\BOOKMARK [3][-]{subsubsection.6.5.2.24}{\376\377\0006\000.\0005\000.\0002\000.\0002\0004\000\040\000g\000e\000t\000R\000e\000s\000e\000r\000v\000a\000s\000\050\000\051}{subsection.6.5.2}% 103
\BOOKMARK [3][-]{subsubsection.6.5.2.25}{\376\377\0006\000.\0005\000.\0002\000.\0002\0005\000\040\000g\000e\000t\000U\000s\000u\000a\000r\000i\000o\000\050\000\051}{subsection.6.5.2}% 104
\BOOKMARK [3][-]{subsubsection.6.5.2.26}{\376\377\0006\000.\0005\000.\0002\000.\0002\0006\000\040\000i\000n\000i\000t\000i\000a\000l\000i\000z\000e\000D\000a\000t\000a\000\050\000\051}{subsection.6.5.2}% 105
\BOOKMARK [3][-]{subsubsection.6.5.2.27}{\376\377\0006\000.\0005\000.\0002\000.\0002\0007\000\040\000s\000e\000l\000e\000c\000c\000i\000o\000n\000a\000U\000s\000u\000a\000r\000i\000o\000B\000D\000\050\000\051}{subsection.6.5.2}% 106
\BOOKMARK [3][-]{subsubsection.6.5.2.28}{\376\377\0006\000.\0005\000.\0002\000.\0002\0008\000\040\000s\000t\000o\000r\000e\000\050\000\051\000\040\000[\0001\000/\0005\000]}{subsection.6.5.2}% 107
\BOOKMARK [3][-]{subsubsection.6.5.2.29}{\376\377\0006\000.\0005\000.\0002\000.\0002\0009\000\040\000s\000t\000o\000r\000e\000\050\000\051\000\040\000[\0002\000/\0005\000]}{subsection.6.5.2}% 108
\BOOKMARK [3][-]{subsubsection.6.5.2.30}{\376\377\0006\000.\0005\000.\0002\000.\0003\0000\000\040\000s\000t\000o\000r\000e\000\050\000\051\000\040\000[\0003\000/\0005\000]}{subsection.6.5.2}% 109
\BOOKMARK [3][-]{subsubsection.6.5.2.31}{\376\377\0006\000.\0005\000.\0002\000.\0003\0001\000\040\000s\000t\000o\000r\000e\000\050\000\051\000\040\000[\0004\000/\0005\000]}{subsection.6.5.2}% 110
\BOOKMARK [3][-]{subsubsection.6.5.2.32}{\376\377\0006\000.\0005\000.\0002\000.\0003\0002\000\040\000s\000t\000o\000r\000e\000\050\000\051\000\040\000[\0005\000/\0005\000]}{subsection.6.5.2}% 111
\BOOKMARK [3][-]{subsubsection.6.5.2.33}{\376\377\0006\000.\0005\000.\0002\000.\0003\0003\000\040\000s\000t\000o\000r\000e\000O\000b\000j\000e\000c\000t\000I\000n\000D\000B\000\050\000\051}{subsection.6.5.2}% 112
\BOOKMARK [3][-]{subsubsection.6.5.2.34}{\376\377\0006\000.\0005\000.\0002\000.\0003\0004\000\040\000u\000p\000d\000a\000t\000e\000\050\000\051}{subsection.6.5.2}% 113
\BOOKMARK [1][-]{section.6.6}{\376\377\0006\000.\0006\000\040\000e\000s\000.\000d\000e\000u\000s\000t\000o\000.\000s\000p\000q\000.\000c\000l\000i\000e\000n\000t\000.\000E\000s\000t\000a\000d\000i\000s\000t\000i\000c\000a\000F\000e\000e\000d\000b\000a\000c\000k\000\040\000C\000l\000a\000s\000s\000\040\000R\000e\000f\000e\000r\000e\000n\000c\000e}{chapter.6}% 114
\BOOKMARK [2][-]{subsection.6.6.1}{\376\377\0006\000.\0006\000.\0001\000\040\000D\000e\000t\000a\000i\000l\000e\000d\000\040\000D\000e\000s\000c\000r\000i\000p\000t\000i\000o\000n}{section.6.6}% 115
\BOOKMARK [2][-]{subsection.6.6.2}{\376\377\0006\000.\0006\000.\0002\000\040\000M\000e\000m\000b\000e\000r\000\040\000F\000u\000n\000c\000t\000i\000o\000n\000\040\000D\000o\000c\000u\000m\000e\000n\000t\000a\000t\000i\000o\000n}{section.6.6}% 116
\BOOKMARK [3][-]{subsubsection.6.6.2.1}{\376\377\0006\000.\0006\000.\0002\000.\0001\000\040\000m\000e\000d\000i\000a\000P\000u\000n\000t\000u\000a\000c\000i\000o\000n\000\050\000\051}{subsection.6.6.2}% 117
\BOOKMARK [3][-]{subsubsection.6.6.2.2}{\376\377\0006\000.\0006\000.\0002\000.\0002\000\040\000R\000e\000a\000d\000A\000n\000d\000L\000o\000a\000d\000\050\000\051}{subsection.6.6.2}% 118
\BOOKMARK [3][-]{subsubsection.6.6.2.3}{\376\377\0006\000.\0006\000.\0002\000.\0003\000\040\000s\000i\000N\000o\000\050\000\051}{subsection.6.6.2}% 119
\BOOKMARK [1][-]{section.6.7}{\376\377\0006\000.\0007\000\040\000e\000s\000.\000d\000e\000u\000s\000t\000o\000.\000s\000p\000q\000.\000c\000l\000i\000e\000n\000t\000.\000E\000v\000e\000n\000t\000o\000\040\000C\000l\000a\000s\000s\000\040\000R\000e\000f\000e\000r\000e\000n\000c\000e}{chapter.6}% 120
\BOOKMARK [2][-]{subsection.6.7.1}{\376\377\0006\000.\0007\000.\0001\000\040\000D\000e\000t\000a\000i\000l\000e\000d\000\040\000D\000e\000s\000c\000r\000i\000p\000t\000i\000o\000n}{section.6.7}% 121
\BOOKMARK [2][-]{subsection.6.7.2}{\376\377\0006\000.\0007\000.\0002\000\040\000C\000o\000n\000s\000t\000r\000u\000c\000t\000o\000r\000\040\000\046\000\040\000D\000e\000s\000t\000r\000u\000c\000t\000o\000r\000\040\000D\000o\000c\000u\000m\000e\000n\000t\000a\000t\000i\000o\000n}{section.6.7}% 122
\BOOKMARK [3][-]{subsubsection.6.7.2.1}{\376\377\0006\000.\0007\000.\0002\000.\0001\000\040\000E\000v\000e\000n\000t\000o\000\050\000\051\000\040\000[\0001\000/\0003\000]}{subsection.6.7.2}% 123
\BOOKMARK [3][-]{subsubsection.6.7.2.2}{\376\377\0006\000.\0007\000.\0002\000.\0002\000\040\000E\000v\000e\000n\000t\000o\000\050\000\051\000\040\000[\0002\000/\0003\000]}{subsection.6.7.2}% 124
\BOOKMARK [3][-]{subsubsection.6.7.2.3}{\376\377\0006\000.\0007\000.\0002\000.\0003\000\040\000E\000v\000e\000n\000t\000o\000\050\000\051\000\040\000[\0003\000/\0003\000]}{subsection.6.7.2}% 125
\BOOKMARK [2][-]{subsection.6.7.3}{\376\377\0006\000.\0007\000.\0003\000\040\000M\000e\000m\000b\000e\000r\000\040\000F\000u\000n\000c\000t\000i\000o\000n\000\040\000D\000o\000c\000u\000m\000e\000n\000t\000a\000t\000i\000o\000n}{section.6.7}% 126
\BOOKMARK [3][-]{subsubsection.6.7.3.1}{\376\377\0006\000.\0007\000.\0003\000.\0001\000\040\000g\000e\000t\000A\000n\000y\000o\000\050\000\051}{subsection.6.7.3}% 127
\BOOKMARK [3][-]{subsubsection.6.7.3.2}{\376\377\0006\000.\0007\000.\0003\000.\0002\000\040\000g\000e\000t\000C\000o\000d\000i\000g\000o\000\050\000\051}{subsection.6.7.3}% 128
\BOOKMARK [3][-]{subsubsection.6.7.3.3}{\376\377\0006\000.\0007\000.\0003\000.\0003\000\040\000g\000e\000t\000D\000e\000s\000c\000r\000i\000p\000c\000i\000o\000n\000\050\000\051}{subsection.6.7.3}% 129
\BOOKMARK [3][-]{subsubsection.6.7.3.4}{\376\377\0006\000.\0007\000.\0003\000.\0004\000\040\000g\000e\000t\000D\000i\000a\000\050\000\051}{subsection.6.7.3}% 130
\BOOKMARK [3][-]{subsubsection.6.7.3.5}{\376\377\0006\000.\0007\000.\0003\000.\0005\000\040\000g\000e\000t\000H\000o\000r\000a\000\050\000\051}{subsection.6.7.3}% 131
\BOOKMARK [3][-]{subsubsection.6.7.3.6}{\376\377\0006\000.\0007\000.\0003\000.\0006\000\040\000g\000e\000t\000M\000e\000s\000\050\000\051}{subsection.6.7.3}% 132
\BOOKMARK [3][-]{subsubsection.6.7.3.7}{\376\377\0006\000.\0007\000.\0003\000.\0007\000\040\000g\000e\000t\000N\000o\000m\000b\000r\000e\000\050\000\051}{subsection.6.7.3}% 133
\BOOKMARK [3][-]{subsubsection.6.7.3.8}{\376\377\0006\000.\0007\000.\0003\000.\0008\000\040\000g\000e\000t\000N\000u\000m\000M\000a\000x\000P\000e\000r\000s\000o\000n\000a\000s\000\050\000\051}{subsection.6.7.3}% 134
\BOOKMARK [3][-]{subsubsection.6.7.3.9}{\376\377\0006\000.\0007\000.\0003\000.\0009\000\040\000s\000e\000t\000A\000n\000y\000o\000\050\000\051}{subsection.6.7.3}% 135
\BOOKMARK [3][-]{subsubsection.6.7.3.10}{\376\377\0006\000.\0007\000.\0003\000.\0001\0000\000\040\000s\000e\000t\000C\000o\000d\000i\000g\000o\000\050\000\051}{subsection.6.7.3}% 136
\BOOKMARK [3][-]{subsubsection.6.7.3.11}{\376\377\0006\000.\0007\000.\0003\000.\0001\0001\000\040\000s\000e\000t\000D\000e\000s\000c\000r\000i\000p\000c\000i\000o\000n\000\050\000\051}{subsection.6.7.3}% 137
\BOOKMARK [3][-]{subsubsection.6.7.3.12}{\376\377\0006\000.\0007\000.\0003\000.\0001\0002\000\040\000s\000e\000t\000D\000i\000a\000\050\000\051}{subsection.6.7.3}% 138
\BOOKMARK [3][-]{subsubsection.6.7.3.13}{\376\377\0006\000.\0007\000.\0003\000.\0001\0003\000\040\000s\000e\000t\000H\000o\000r\000a\000\050\000\051}{subsection.6.7.3}% 139
\BOOKMARK [3][-]{subsubsection.6.7.3.14}{\376\377\0006\000.\0007\000.\0003\000.\0001\0004\000\040\000s\000e\000t\000M\000e\000s\000\050\000\051}{subsection.6.7.3}% 140
\BOOKMARK [3][-]{subsubsection.6.7.3.15}{\376\377\0006\000.\0007\000.\0003\000.\0001\0005\000\040\000s\000e\000t\000N\000o\000m\000b\000r\000e\000\050\000\051}{subsection.6.7.3}% 141
\BOOKMARK [3][-]{subsubsection.6.7.3.16}{\376\377\0006\000.\0007\000.\0003\000.\0001\0006\000\040\000s\000e\000t\000N\000u\000m\000M\000a\000x\000P\000e\000r\000s\000o\000n\000a\000s\000\050\000\051}{subsection.6.7.3}% 142
\BOOKMARK [3][-]{subsubsection.6.7.3.17}{\376\377\0006\000.\0007\000.\0003\000.\0001\0007\000\040\000t\000o\000S\000t\000r\000i\000n\000g\000\050\000\051}{subsection.6.7.3}% 143
\BOOKMARK [1][-]{section.6.8}{\376\377\0006\000.\0008\000\040\000e\000s\000.\000d\000e\000u\000s\000t\000o\000.\000s\000p\000q\000.\000c\000l\000i\000e\000n\000t\000.\000F\000e\000e\000d\000b\000a\000c\000k\000\040\000C\000l\000a\000s\000s\000\040\000R\000e\000f\000e\000r\000e\000n\000c\000e}{chapter.6}% 144
\BOOKMARK [2][-]{subsection.6.8.1}{\376\377\0006\000.\0008\000.\0001\000\040\000D\000e\000t\000a\000i\000l\000e\000d\000\040\000D\000e\000s\000c\000r\000i\000p\000t\000i\000o\000n}{section.6.8}% 145
\BOOKMARK [2][-]{subsection.6.8.2}{\376\377\0006\000.\0008\000.\0002\000\040\000C\000o\000n\000s\000t\000r\000u\000c\000t\000o\000r\000\040\000\046\000\040\000D\000e\000s\000t\000r\000u\000c\000t\000o\000r\000\040\000D\000o\000c\000u\000m\000e\000n\000t\000a\000t\000i\000o\000n}{section.6.8}% 146
\BOOKMARK [3][-]{subsubsection.6.8.2.1}{\376\377\0006\000.\0008\000.\0002\000.\0001\000\040\000F\000e\000e\000d\000b\000a\000c\000k\000\050\000\051\000\040\000[\0001\000/\0002\000]}{subsection.6.8.2}% 147
\BOOKMARK [3][-]{subsubsection.6.8.2.2}{\376\377\0006\000.\0008\000.\0002\000.\0002\000\040\000F\000e\000e\000d\000b\000a\000c\000k\000\050\000\051\000\040\000[\0002\000/\0002\000]}{subsection.6.8.2}% 148
\BOOKMARK [2][-]{subsection.6.8.3}{\376\377\0006\000.\0008\000.\0003\000\040\000M\000e\000m\000b\000e\000r\000\040\000F\000u\000n\000c\000t\000i\000o\000n\000\040\000D\000o\000c\000u\000m\000e\000n\000t\000a\000t\000i\000o\000n}{section.6.8}% 149
\BOOKMARK [3][-]{subsubsection.6.8.3.1}{\376\377\0006\000.\0008\000.\0003\000.\0001\000\040\000g\000e\000t\000E\000m\000a\000i\000l\000\050\000\051}{subsection.6.8.3}% 150
\BOOKMARK [3][-]{subsubsection.6.8.3.2}{\376\377\0006\000.\0008\000.\0003\000.\0002\000\040\000g\000e\000t\000R\000e\000c\000o\000m\000e\000n\000d\000a\000c\000i\000o\000n\000\050\000\051}{subsection.6.8.3}% 151
\BOOKMARK [3][-]{subsubsection.6.8.3.3}{\376\377\0006\000.\0008\000.\0003\000.\0003\000\040\000g\000e\000t\000V\000a\000l\000o\000r\000a\000c\000i\000o\000n\000\050\000\051}{subsection.6.8.3}% 152
\BOOKMARK [3][-]{subsubsection.6.8.3.4}{\376\377\0006\000.\0008\000.\0003\000.\0004\000\040\000s\000e\000t\000E\000m\000a\000i\000l\000\050\000\051}{subsection.6.8.3}% 153
\BOOKMARK [3][-]{subsubsection.6.8.3.5}{\376\377\0006\000.\0008\000.\0003\000.\0005\000\040\000s\000e\000t\000R\000e\000c\000o\000m\000e\000n\000d\000a\000c\000i\000o\000n\000\050\000\051}{subsection.6.8.3}% 154
\BOOKMARK [3][-]{subsubsection.6.8.3.6}{\376\377\0006\000.\0008\000.\0003\000.\0006\000\040\000s\000e\000t\000V\000a\000l\000o\000r\000a\000c\000i\000o\000n\000\050\000\051}{subsection.6.8.3}% 155
\BOOKMARK [3][-]{subsubsection.6.8.3.7}{\376\377\0006\000.\0008\000.\0003\000.\0007\000\040\000t\000o\000S\000t\000r\000i\000n\000g\000\050\000\051}{subsection.6.8.3}% 156
\BOOKMARK [1][-]{section.6.9}{\376\377\0006\000.\0009\000\040\000e\000s\000.\000d\000e\000u\000s\000t\000o\000.\000s\000p\000q\000.\000c\000l\000i\000e\000n\000t\000.\000G\000e\000t\000P\000r\000o\000p\000e\000r\000t\000i\000e\000s\000\040\000C\000l\000a\000s\000s\000\040\000R\000e\000f\000e\000r\000e\000n\000c\000e}{chapter.6}% 157
\BOOKMARK [2][-]{subsection.6.9.1}{\376\377\0006\000.\0009\000.\0001\000\040\000D\000e\000t\000a\000i\000l\000e\000d\000\040\000D\000e\000s\000c\000r\000i\000p\000t\000i\000o\000n}{section.6.9}% 158
\BOOKMARK [2][-]{subsection.6.9.2}{\376\377\0006\000.\0009\000.\0002\000\040\000M\000e\000m\000b\000e\000r\000\040\000F\000u\000n\000c\000t\000i\000o\000n\000\040\000D\000o\000c\000u\000m\000e\000n\000t\000a\000t\000i\000o\000n}{section.6.9}% 159
\BOOKMARK [3][-]{subsubsection.6.9.2.1}{\376\377\0006\000.\0009\000.\0002\000.\0001\000\040\000g\000e\000t\000U\000R\000L\000\050\000\051}{subsection.6.9.2}% 160
\BOOKMARK [1][-]{section.6.10}{\376\377\0006\000.\0001\0000\000\040\000e\000s\000.\000d\000e\000u\000s\000t\000o\000.\000s\000p\000q\000.\000s\000e\000r\000v\000e\000r\000.\000G\000e\000t\000P\000r\000o\000p\000e\000r\000t\000i\000e\000s\000\040\000C\000l\000a\000s\000s\000\040\000R\000e\000f\000e\000r\000e\000n\000c\000e}{chapter.6}% 161
\BOOKMARK [2][-]{subsection.6.10.1}{\376\377\0006\000.\0001\0000\000.\0001\000\040\000D\000e\000t\000a\000i\000l\000e\000d\000\040\000D\000e\000s\000c\000r\000i\000p\000t\000i\000o\000n}{section.6.10}% 162
\BOOKMARK [2][-]{subsection.6.10.2}{\376\377\0006\000.\0001\0000\000.\0002\000\040\000M\000e\000m\000b\000e\000r\000\040\000F\000u\000n\000c\000t\000i\000o\000n\000\040\000D\000o\000c\000u\000m\000e\000n\000t\000a\000t\000i\000o\000n}{section.6.10}% 163
\BOOKMARK [3][-]{subsubsection.6.10.2.1}{\376\377\0006\000.\0001\0000\000.\0002\000.\0001\000\040\000g\000e\000t\000U\000R\000L\000\050\000\051}{subsection.6.10.2}% 164
\BOOKMARK [1][-]{section.6.11}{\376\377\0006\000.\0001\0001\000\040\000e\000s\000.\000d\000e\000u\000s\000t\000o\000.\000s\000p\000q\000.\000c\000l\000i\000e\000n\000t\000.\000H\000a\000b\000i\000t\000a\000c\000i\000o\000n\000\040\000C\000l\000a\000s\000s\000\040\000R\000e\000f\000e\000r\000e\000n\000c\000e}{chapter.6}% 165
\BOOKMARK [2][-]{subsection.6.11.1}{\376\377\0006\000.\0001\0001\000.\0001\000\040\000D\000e\000t\000a\000i\000l\000e\000d\000\040\000D\000e\000s\000c\000r\000i\000p\000t\000i\000o\000n}{section.6.11}% 166
\BOOKMARK [2][-]{subsection.6.11.2}{\376\377\0006\000.\0001\0001\000.\0002\000\040\000C\000o\000n\000s\000t\000r\000u\000c\000t\000o\000r\000\040\000\046\000\040\000D\000e\000s\000t\000r\000u\000c\000t\000o\000r\000\040\000D\000o\000c\000u\000m\000e\000n\000t\000a\000t\000i\000o\000n}{section.6.11}% 167
\BOOKMARK [3][-]{subsubsection.6.11.2.1}{\376\377\0006\000.\0001\0001\000.\0002\000.\0001\000\040\000H\000a\000b\000i\000t\000a\000c\000i\000o\000n\000\050\000\051\000\040\000[\0001\000/\0003\000]}{subsection.6.11.2}% 168
\BOOKMARK [3][-]{subsubsection.6.11.2.2}{\376\377\0006\000.\0001\0001\000.\0002\000.\0002\000\040\000H\000a\000b\000i\000t\000a\000c\000i\000o\000n\000\050\000\051\000\040\000[\0002\000/\0003\000]}{subsection.6.11.2}% 169
\BOOKMARK [3][-]{subsubsection.6.11.2.3}{\376\377\0006\000.\0001\0001\000.\0002\000.\0003\000\040\000H\000a\000b\000i\000t\000a\000c\000i\000o\000n\000\050\000\051\000\040\000[\0003\000/\0003\000]}{subsection.6.11.2}% 170
\BOOKMARK [2][-]{subsection.6.11.3}{\376\377\0006\000.\0001\0001\000.\0003\000\040\000M\000e\000m\000b\000e\000r\000\040\000F\000u\000n\000c\000t\000i\000o\000n\000\040\000D\000o\000c\000u\000m\000e\000n\000t\000a\000t\000i\000o\000n}{section.6.11}% 171
\BOOKMARK [3][-]{subsubsection.6.11.3.1}{\376\377\0006\000.\0001\0001\000.\0003\000.\0001\000\040\000g\000e\000t\000C\000o\000d\000i\000g\000o\000\050\000\051}{subsection.6.11.3}% 172
\BOOKMARK [3][-]{subsubsection.6.11.3.2}{\376\377\0006\000.\0001\0001\000.\0003\000.\0002\000\040\000g\000e\000t\000N\000u\000m\000C\000a\000m\000a\000s\000\050\000\051}{subsection.6.11.3}% 173
\BOOKMARK [3][-]{subsubsection.6.11.3.3}{\376\377\0006\000.\0001\0001\000.\0003\000.\0003\000\040\000g\000e\000t\000P\000r\000e\000c\000i\000o\000\050\000\051}{subsection.6.11.3}% 174
\BOOKMARK [3][-]{subsubsection.6.11.3.4}{\376\377\0006\000.\0001\0001\000.\0003\000.\0004\000\040\000i\000s\000O\000c\000u\000p\000a\000d\000a\000\050\000\051}{subsection.6.11.3}% 175
\BOOKMARK [3][-]{subsubsection.6.11.3.5}{\376\377\0006\000.\0001\0001\000.\0003\000.\0005\000\040\000s\000e\000t\000C\000o\000d\000i\000g\000o\000\050\000\051}{subsection.6.11.3}% 176
\BOOKMARK [3][-]{subsubsection.6.11.3.6}{\376\377\0006\000.\0001\0001\000.\0003\000.\0006\000\040\000s\000e\000t\000N\000u\000m\000C\000a\000m\000a\000s\000\050\000\051}{subsection.6.11.3}% 177
\BOOKMARK [3][-]{subsubsection.6.11.3.7}{\376\377\0006\000.\0001\0001\000.\0003\000.\0007\000\040\000s\000e\000t\000O\000c\000u\000p\000a\000d\000a\000\050\000\051}{subsection.6.11.3}% 178
\BOOKMARK [3][-]{subsubsection.6.11.3.8}{\376\377\0006\000.\0001\0001\000.\0003\000.\0008\000\040\000s\000e\000t\000P\000r\000e\000c\000i\000o\000\050\000\051}{subsection.6.11.3}% 179
\BOOKMARK [3][-]{subsubsection.6.11.3.9}{\376\377\0006\000.\0001\0001\000.\0003\000.\0009\000\040\000t\000o\000S\000t\000r\000i\000n\000g\000\050\000\051}{subsection.6.11.3}% 180
\BOOKMARK [1][-]{section.6.12}{\376\377\0006\000.\0001\0002\000\040\000e\000s\000.\000d\000e\000u\000s\000t\000o\000.\000s\000p\000q\000.\000c\000l\000i\000e\000n\000t\000.\000H\000a\000b\000i\000t\000a\000c\000i\000o\000n\000T\000e\000s\000t\000\040\000C\000l\000a\000s\000s\000\040\000R\000e\000f\000e\000r\000e\000n\000c\000e}{chapter.6}% 181
\BOOKMARK [2][-]{subsection.6.12.1}{\376\377\0006\000.\0001\0002\000.\0001\000\040\000D\000e\000t\000a\000i\000l\000e\000d\000\040\000D\000e\000s\000c\000r\000i\000p\000t\000i\000o\000n}{section.6.12}% 182
\BOOKMARK [2][-]{subsection.6.12.2}{\376\377\0006\000.\0001\0002\000.\0002\000\040\000M\000e\000m\000b\000e\000r\000\040\000F\000u\000n\000c\000t\000i\000o\000n\000\040\000D\000o\000c\000u\000m\000e\000n\000t\000a\000t\000i\000o\000n}{section.6.12}% 183
\BOOKMARK [3][-]{subsubsection.6.12.2.1}{\376\377\0006\000.\0001\0002\000.\0002\000.\0001\000\040\000g\000e\000t\000C\000o\000d\000i\000g\000o\000T\000e\000s\000t\000\050\000\051}{subsection.6.12.2}% 184
\BOOKMARK [3][-]{subsubsection.6.12.2.2}{\376\377\0006\000.\0001\0002\000.\0002\000.\0002\000\040\000g\000e\000t\000N\000u\000m\000C\000a\000m\000a\000s\000T\000e\000s\000t\000\050\000\051}{subsection.6.12.2}% 185
\BOOKMARK [3][-]{subsubsection.6.12.2.3}{\376\377\0006\000.\0001\0002\000.\0002\000.\0003\000\040\000g\000e\000t\000O\000c\000u\000p\000a\000d\000a\000T\000e\000s\000t\000\050\000\051}{subsection.6.12.2}% 186
\BOOKMARK [3][-]{subsubsection.6.12.2.4}{\376\377\0006\000.\0001\0002\000.\0002\000.\0004\000\040\000g\000e\000t\000P\000r\000e\000c\000i\000o\000T\000e\000s\000t\000\050\000\051}{subsection.6.12.2}% 187
\BOOKMARK [3][-]{subsubsection.6.12.2.5}{\376\377\0006\000.\0001\0002\000.\0002\000.\0005\000\040\000s\000e\000t\000U\000p\000\050\000\051}{subsection.6.12.2}% 188
\BOOKMARK [1][-]{section.6.13}{\376\377\0006\000.\0001\0003\000\040\000e\000s\000.\000d\000e\000u\000s\000t\000o\000.\000s\000p\000q\000.\000s\000e\000r\000v\000e\000r\000.\000I\000R\000e\000m\000o\000t\000e\000F\000a\000c\000a\000d\000e\000\040\000I\000n\000t\000e\000r\000f\000a\000c\000e\000\040\000R\000e\000f\000e\000r\000e\000n\000c\000e}{chapter.6}% 189
\BOOKMARK [2][-]{subsection.6.13.1}{\376\377\0006\000.\0001\0003\000.\0001\000\040\000D\000e\000t\000a\000i\000l\000e\000d\000\040\000D\000e\000s\000c\000r\000i\000p\000t\000i\000o\000n}{section.6.13}% 190
\BOOKMARK [2][-]{subsection.6.13.2}{\376\377\0006\000.\0001\0003\000.\0002\000\040\000M\000e\000m\000b\000e\000r\000\040\000F\000u\000n\000c\000t\000i\000o\000n\000\040\000D\000o\000c\000u\000m\000e\000n\000t\000a\000t\000i\000o\000n}{section.6.13}% 191
\BOOKMARK [3][-]{subsubsection.6.13.2.1}{\376\377\0006\000.\0001\0003\000.\0002\000.\0001\000\040\000b\000o\000r\000r\000a\000r\000R\000e\000s\000e\000r\000v\000a\000\050\000\051}{subsection.6.13.2}% 192
\BOOKMARK [3][-]{subsubsection.6.13.2.2}{\376\377\0006\000.\0001\0003\000.\0002\000.\0002\000\040\000e\000d\000i\000t\000a\000r\000U\000s\000u\000a\000r\000i\000o\000\050\000\051}{subsection.6.13.2}% 193
\BOOKMARK [3][-]{subsubsection.6.13.2.3}{\376\377\0006\000.\0001\0003\000.\0002\000.\0003\000\040\000e\000n\000c\000o\000n\000t\000r\000a\000r\000C\000l\000i\000e\000n\000t\000e\000\050\000\051}{subsection.6.13.2}% 194
\BOOKMARK [3][-]{subsubsection.6.13.2.4}{\376\377\0006\000.\0001\0003\000.\0002\000.\0004\000\040\000e\000n\000c\000o\000n\000t\000r\000a\000r\000C\000l\000i\000e\000n\000t\000e\000s\000\050\000\051}{subsection.6.13.2}% 195
\BOOKMARK [3][-]{subsubsection.6.13.2.5}{\376\377\0006\000.\0001\0003\000.\0002\000.\0005\000\040\000e\000n\000c\000o\000n\000t\000r\000a\000r\000H\000a\000b\000i\000t\000a\000c\000i\000o\000n\000\050\000\051}{subsection.6.13.2}% 196
\BOOKMARK [3][-]{subsubsection.6.13.2.6}{\376\377\0006\000.\0001\0003\000.\0002\000.\0006\000\040\000e\000n\000c\000o\000n\000t\000r\000a\000r\000H\000a\000b\000i\000t\000a\000c\000i\000o\000n\000e\000s\000\050\000\051}{subsection.6.13.2}% 197
\BOOKMARK [3][-]{subsubsection.6.13.2.7}{\376\377\0006\000.\0001\0003\000.\0002\000.\0007\000\040\000e\000n\000c\000o\000n\000t\000r\000a\000r\000R\000e\000s\000e\000r\000v\000a\000\050\000\051}{subsection.6.13.2}% 198
\BOOKMARK [3][-]{subsubsection.6.13.2.8}{\376\377\0006\000.\0001\0003\000.\0002\000.\0008\000\040\000e\000n\000c\000o\000n\000t\000r\000a\000r\000R\000e\000s\000e\000r\000v\000a\000s\000\050\000\051}{subsection.6.13.2}% 199
\BOOKMARK [3][-]{subsubsection.6.13.2.9}{\376\377\0006\000.\0001\0003\000.\0002\000.\0009\000\040\000i\000n\000i\000c\000i\000a\000r\000S\000e\000s\000i\000o\000n\000\050\000\051}{subsection.6.13.2}% 200
\BOOKMARK [3][-]{subsubsection.6.13.2.10}{\376\377\0006\000.\0001\0003\000.\0002\000.\0001\0000\000\040\000r\000e\000g\000i\000s\000t\000r\000a\000r\000C\000l\000i\000e\000n\000t\000e\000\050\000\051}{subsection.6.13.2}% 201
\BOOKMARK [3][-]{subsubsection.6.13.2.11}{\376\377\0006\000.\0001\0003\000.\0002\000.\0001\0001\000\040\000r\000e\000g\000i\000s\000t\000r\000a\000r\000R\000e\000s\000e\000r\000v\000a\000\050\000\051}{subsection.6.13.2}% 202
\BOOKMARK [1][-]{section.6.14}{\376\377\0006\000.\0001\0004\000\040\000e\000s\000.\000d\000e\000u\000s\000t\000o\000.\000s\000p\000q\000.\000c\000l\000i\000e\000n\000t\000.\000g\000u\000i\000.\000V\000e\000n\000t\000a\000n\000a\000R\000e\000g\000i\000s\000t\000r\000o\000.\000J\000N\000u\000m\000b\000e\000r\000T\000e\000x\000t\000F\000i\000e\000l\000d\000\040\000C\000l\000a\000s\000s\000\040\000R\000e\000f\000e\000r\000e\000n\000c\000e}{chapter.6}% 203
\BOOKMARK [2][-]{subsection.6.14.1}{\376\377\0006\000.\0001\0004\000.\0001\000\040\000D\000e\000t\000a\000i\000l\000e\000d\000\040\000D\000e\000s\000c\000r\000i\000p\000t\000i\000o\000n}{section.6.14}% 204
\BOOKMARK [1][-]{section.6.15}{\376\377\0006\000.\0001\0005\000\040\000e\000s\000.\000d\000e\000u\000s\000t\000o\000.\000s\000p\000q\000.\000c\000l\000i\000e\000n\000t\000.\000M\000a\000i\000n\000\040\000C\000l\000a\000s\000s\000\040\000R\000e\000f\000e\000r\000e\000n\000c\000e}{chapter.6}% 205
\BOOKMARK [2][-]{subsection.6.15.1}{\376\377\0006\000.\0001\0005\000.\0001\000\040\000D\000e\000t\000a\000i\000l\000e\000d\000\040\000D\000e\000s\000c\000r\000i\000p\000t\000i\000o\000n}{section.6.15}% 206
\BOOKMARK [2][-]{subsection.6.15.2}{\376\377\0006\000.\0001\0005\000.\0002\000\040\000M\000e\000m\000b\000e\000r\000\040\000F\000u\000n\000c\000t\000i\000o\000n\000\040\000D\000o\000c\000u\000m\000e\000n\000t\000a\000t\000i\000o\000n}{section.6.15}% 207
\BOOKMARK [3][-]{subsubsection.6.15.2.1}{\376\377\0006\000.\0001\0005\000.\0002\000.\0001\000\040\000m\000a\000i\000n\000\050\000\051}{subsection.6.15.2}% 208
\BOOKMARK [1][-]{section.6.16}{\376\377\0006\000.\0001\0006\000\040\000e\000s\000.\000d\000e\000u\000s\000t\000o\000.\000s\000p\000q\000.\000s\000e\000r\000v\000e\000r\000.\000M\000a\000i\000n\000\040\000C\000l\000a\000s\000s\000\040\000R\000e\000f\000e\000r\000e\000n\000c\000e}{chapter.6}% 209
\BOOKMARK [2][-]{subsection.6.16.1}{\376\377\0006\000.\0001\0006\000.\0001\000\040\000D\000e\000t\000a\000i\000l\000e\000d\000\040\000D\000e\000s\000c\000r\000i\000p\000t\000i\000o\000n}{section.6.16}% 210
\BOOKMARK [2][-]{subsection.6.16.2}{\376\377\0006\000.\0001\0006\000.\0002\000\040\000M\000e\000m\000b\000e\000r\000\040\000F\000u\000n\000c\000t\000i\000o\000n\000\040\000D\000o\000c\000u\000m\000e\000n\000t\000a\000t\000i\000o\000n}{section.6.16}% 211
\BOOKMARK [3][-]{subsubsection.6.16.2.1}{\376\377\0006\000.\0001\0006\000.\0002\000.\0001\000\040\000c\000r\000e\000a\000r\000F\000i\000c\000h\000e\000r\000o\000L\000o\000g\000\050\000\051}{subsection.6.16.2}% 212
\BOOKMARK [3][-]{subsubsection.6.16.2.2}{\376\377\0006\000.\0001\0006\000.\0002\000.\0002\000\040\000g\000e\000t\000U\000R\000L\000\050\000\051}{subsection.6.16.2}% 213
\BOOKMARK [3][-]{subsubsection.6.16.2.3}{\376\377\0006\000.\0001\0006\000.\0002\000.\0003\000\040\000m\000a\000i\000n\000\050\000\051}{subsection.6.16.2}% 214
\BOOKMARK [3][-]{subsubsection.6.16.2.4}{\376\377\0006\000.\0001\0006\000.\0002\000.\0004\000\040\000s\000t\000a\000r\000t\000S\000e\000r\000v\000e\000r\000\050\000\051}{subsection.6.16.2}% 215
\BOOKMARK [2][-]{subsection.6.16.3}{\376\377\0006\000.\0001\0006\000.\0003\000\040\000M\000e\000m\000b\000e\000r\000\040\000D\000a\000t\000a\000\040\000D\000o\000c\000u\000m\000e\000n\000t\000a\000t\000i\000o\000n}{section.6.16}% 216
\BOOKMARK [3][-]{subsubsection.6.16.3.1}{\376\377\0006\000.\0001\0006\000.\0003\000.\0001\000\040\000l\000o\000g\000F\000e\000e\000d\000b\000a\000c\000k}{subsection.6.16.3}% 217
\BOOKMARK [3][-]{subsubsection.6.16.3.2}{\376\377\0006\000.\0001\0006\000.\0003\000.\0002\000\040\000l\000o\000g\000g\000e\000r\000G\000e\000n\000e\000r\000a\000l}{subsection.6.16.3}% 218
\BOOKMARK [1][-]{section.6.17}{\376\377\0006\000.\0001\0007\000\040\000e\000s\000.\000d\000e\000u\000s\000t\000o\000.\000s\000p\000q\000.\000c\000l\000i\000e\000n\000t\000.\000F\000e\000e\000d\000b\000a\000c\000k\000.\000R\000e\000c\000o\000m\000e\000n\000d\000a\000c\000i\000o\000n\000\040\000E\000n\000u\000m\000\040\000R\000e\000f\000e\000r\000e\000n\000c\000e}{chapter.6}% 219
\BOOKMARK [2][-]{subsection.6.17.1}{\376\377\0006\000.\0001\0007\000.\0001\000\040\000D\000e\000t\000a\000i\000l\000e\000d\000\040\000D\000e\000s\000c\000r\000i\000p\000t\000i\000o\000n}{section.6.17}% 220
\BOOKMARK [2][-]{subsection.6.17.2}{\376\377\0006\000.\0001\0007\000.\0002\000\040\000M\000e\000m\000b\000e\000r\000\040\000D\000a\000t\000a\000\040\000D\000o\000c\000u\000m\000e\000n\000t\000a\000t\000i\000o\000n}{section.6.17}% 221
\BOOKMARK [3][-]{subsubsection.6.17.2.1}{\376\377\0006\000.\0001\0007\000.\0002\000.\0001\000\040\000n\000o}{subsection.6.17.2}% 222
\BOOKMARK [3][-]{subsubsection.6.17.2.2}{\376\377\0006\000.\0001\0007\000.\0002\000.\0002\000\040\000s\000i}{subsection.6.17.2}% 223
\BOOKMARK [1][-]{section.6.18}{\376\377\0006\000.\0001\0008\000\040\000e\000s\000.\000d\000e\000u\000s\000t\000o\000.\000s\000p\000q\000.\000s\000e\000r\000v\000e\000r\000.\000R\000e\000m\000o\000t\000e\000F\000a\000c\000a\000d\000e\000\040\000C\000l\000a\000s\000s\000\040\000R\000e\000f\000e\000r\000e\000n\000c\000e}{chapter.6}% 224
\BOOKMARK [2][-]{subsection.6.18.1}{\376\377\0006\000.\0001\0008\000.\0001\000\040\000D\000e\000t\000a\000i\000l\000e\000d\000\040\000D\000e\000s\000c\000r\000i\000p\000t\000i\000o\000n}{section.6.18}% 225
\BOOKMARK [2][-]{subsection.6.18.2}{\376\377\0006\000.\0001\0008\000.\0002\000\040\000C\000o\000n\000s\000t\000r\000u\000c\000t\000o\000r\000\040\000\046\000\040\000D\000e\000s\000t\000r\000u\000c\000t\000o\000r\000\040\000D\000o\000c\000u\000m\000e\000n\000t\000a\000t\000i\000o\000n}{section.6.18}% 226
\BOOKMARK [3][-]{subsubsection.6.18.2.1}{\376\377\0006\000.\0001\0008\000.\0002\000.\0001\000\040\000R\000e\000m\000o\000t\000e\000F\000a\000c\000a\000d\000e\000\050\000\051}{subsection.6.18.2}% 227
\BOOKMARK [2][-]{subsection.6.18.3}{\376\377\0006\000.\0001\0008\000.\0003\000\040\000M\000e\000m\000b\000e\000r\000\040\000F\000u\000n\000c\000t\000i\000o\000n\000\040\000D\000o\000c\000u\000m\000e\000n\000t\000a\000t\000i\000o\000n}{section.6.18}% 228
\BOOKMARK [3][-]{subsubsection.6.18.3.1}{\376\377\0006\000.\0001\0008\000.\0003\000.\0001\000\040\000b\000o\000r\000r\000a\000r\000E\000v\000e\000n\000t\000o\000\050\000\051}{subsection.6.18.3}% 229
\BOOKMARK [3][-]{subsubsection.6.18.3.2}{\376\377\0006\000.\0001\0008\000.\0003\000.\0002\000\040\000b\000o\000r\000r\000a\000r\000R\000e\000s\000e\000r\000v\000a\000\050\000\051}{subsection.6.18.3}% 230
\BOOKMARK [3][-]{subsubsection.6.18.3.3}{\376\377\0006\000.\0001\0008\000.\0003\000.\0003\000\040\000b\000o\000r\000r\000a\000r\000U\000s\000u\000a\000r\000i\000o\000\050\000\051}{subsection.6.18.3}% 231
\BOOKMARK [3][-]{subsubsection.6.18.3.4}{\376\377\0006\000.\0001\0008\000.\0003\000.\0004\000\040\000e\000d\000i\000t\000a\000r\000U\000s\000u\000a\000r\000i\000o\000\050\000\051}{subsection.6.18.3}% 232
\BOOKMARK [3][-]{subsubsection.6.18.3.5}{\376\377\0006\000.\0001\0008\000.\0003\000.\0005\000\040\000e\000n\000c\000o\000n\000t\000r\000a\000r\000C\000l\000i\000e\000n\000t\000e\000\050\000\051}{subsection.6.18.3}% 233
\BOOKMARK [3][-]{subsubsection.6.18.3.6}{\376\377\0006\000.\0001\0008\000.\0003\000.\0006\000\040\000e\000n\000c\000o\000n\000t\000r\000a\000r\000C\000l\000i\000e\000n\000t\000e\000s\000\050\000\051}{subsection.6.18.3}% 234
\BOOKMARK [3][-]{subsubsection.6.18.3.7}{\376\377\0006\000.\0001\0008\000.\0003\000.\0007\000\040\000e\000n\000c\000o\000n\000t\000r\000a\000r\000E\000v\000e\000n\000t\000o\000\050\000\051}{subsection.6.18.3}% 235
\BOOKMARK [3][-]{subsubsection.6.18.3.8}{\376\377\0006\000.\0001\0008\000.\0003\000.\0008\000\040\000e\000n\000c\000o\000n\000t\000r\000a\000r\000E\000v\000e\000n\000t\000o\000s\000\050\000\051}{subsection.6.18.3}% 236
\BOOKMARK [3][-]{subsubsection.6.18.3.9}{\376\377\0006\000.\0001\0008\000.\0003\000.\0009\000\040\000e\000n\000c\000o\000n\000t\000r\000a\000r\000H\000a\000b\000i\000t\000a\000c\000i\000o\000n\000\050\000\051}{subsection.6.18.3}% 237
\BOOKMARK [3][-]{subsubsection.6.18.3.10}{\376\377\0006\000.\0001\0008\000.\0003\000.\0001\0000\000\040\000e\000n\000c\000o\000n\000t\000r\000a\000r\000H\000a\000b\000i\000t\000a\000c\000i\000o\000n\000e\000s\000\050\000\051}{subsection.6.18.3}% 238
\BOOKMARK [3][-]{subsubsection.6.18.3.11}{\376\377\0006\000.\0001\0008\000.\0003\000.\0001\0001\000\040\000e\000n\000c\000o\000n\000t\000r\000a\000r\000R\000e\000s\000e\000r\000v\000a\000\050\000\051}{subsection.6.18.3}% 239
\BOOKMARK [3][-]{subsubsection.6.18.3.12}{\376\377\0006\000.\0001\0008\000.\0003\000.\0001\0002\000\040\000e\000n\000c\000o\000n\000t\000r\000a\000r\000R\000e\000s\000e\000r\000v\000a\000s\000\050\000\051}{subsection.6.18.3}% 240
\BOOKMARK [3][-]{subsubsection.6.18.3.13}{\376\377\0006\000.\0001\0008\000.\0003\000.\0001\0003\000\040\000g\000e\000t\000I\000n\000s\000t\000a\000n\000c\000e\000\050\000\051}{subsection.6.18.3}% 241
\BOOKMARK [3][-]{subsubsection.6.18.3.14}{\376\377\0006\000.\0001\0008\000.\0003\000.\0001\0004\000\040\000i\000n\000i\000c\000i\000a\000r\000S\000e\000s\000i\000o\000n\000\050\000\051}{subsection.6.18.3}% 242
\BOOKMARK [3][-]{subsubsection.6.18.3.15}{\376\377\0006\000.\0001\0008\000.\0003\000.\0001\0005\000\040\000r\000e\000g\000i\000s\000t\000r\000a\000r\000C\000l\000i\000e\000n\000t\000e\000\050\000\051}{subsection.6.18.3}% 243
\BOOKMARK [3][-]{subsubsection.6.18.3.16}{\376\377\0006\000.\0001\0008\000.\0003\000.\0001\0006\000\040\000r\000e\000g\000i\000s\000t\000r\000a\000r\000R\000e\000s\000e\000r\000v\000a\000\050\000\051\000\040\000[\0001\000/\0002\000]}{subsection.6.18.3}% 244
\BOOKMARK [3][-]{subsubsection.6.18.3.17}{\376\377\0006\000.\0001\0008\000.\0003\000.\0001\0007\000\040\000r\000e\000g\000i\000s\000t\000r\000a\000r\000R\000e\000s\000e\000r\000v\000a\000\050\000\051\000\040\000[\0002\000/\0002\000]}{subsection.6.18.3}% 245
\BOOKMARK [1][-]{section.6.19}{\376\377\0006\000.\0001\0009\000\040\000e\000s\000.\000d\000e\000u\000s\000t\000o\000.\000s\000p\000q\000.\000s\000e\000r\000v\000e\000r\000.\000R\000e\000m\000o\000t\000e\000F\000a\000c\000a\000d\000e\000T\000e\000s\000t\000\040\000C\000l\000a\000s\000s\000\040\000R\000e\000f\000e\000r\000e\000n\000c\000e}{chapter.6}% 246
\BOOKMARK [2][-]{subsection.6.19.1}{\376\377\0006\000.\0001\0009\000.\0001\000\040\000D\000e\000t\000a\000i\000l\000e\000d\000\040\000D\000e\000s\000c\000r\000i\000p\000t\000i\000o\000n}{section.6.19}% 247
\BOOKMARK [2][-]{subsection.6.19.2}{\376\377\0006\000.\0001\0009\000.\0002\000\040\000M\000e\000m\000b\000e\000r\000\040\000F\000u\000n\000c\000t\000i\000o\000n\000\040\000D\000o\000c\000u\000m\000e\000n\000t\000a\000t\000i\000o\000n}{section.6.19}% 248
\BOOKMARK [3][-]{subsubsection.6.19.2.1}{\376\377\0006\000.\0001\0009\000.\0002\000.\0001\000\040\000e\000n\000c\000o\000n\000t\000r\000a\000r\000C\000l\000i\000e\000n\000t\000e\000s\000T\000e\000s\000t\000\050\000\051}{subsection.6.19.2}% 249
\BOOKMARK [3][-]{subsubsection.6.19.2.2}{\376\377\0006\000.\0001\0009\000.\0002\000.\0002\000\040\000e\000n\000c\000o\000n\000t\000r\000a\000r\000C\000l\000i\000e\000n\000t\000e\000T\000e\000s\000t\000\050\000\051}{subsection.6.19.2}% 250
\BOOKMARK [3][-]{subsubsection.6.19.2.3}{\376\377\0006\000.\0001\0009\000.\0002\000.\0003\000\040\000e\000n\000c\000o\000n\000t\000r\000a\000r\000E\000v\000e\000n\000t\000o\000s\000T\000e\000s\000t\000\050\000\051}{subsection.6.19.2}% 251
\BOOKMARK [3][-]{subsubsection.6.19.2.4}{\376\377\0006\000.\0001\0009\000.\0002\000.\0004\000\040\000e\000n\000c\000o\000n\000t\000r\000a\000r\000E\000v\000e\000n\000t\000o\000T\000e\000s\000t\000\050\000\051}{subsection.6.19.2}% 252
\BOOKMARK [3][-]{subsubsection.6.19.2.5}{\376\377\0006\000.\0001\0009\000.\0002\000.\0005\000\040\000e\000n\000c\000o\000n\000t\000r\000a\000r\000H\000a\000b\000i\000t\000a\000c\000i\000o\000n\000e\000s\000T\000e\000s\000t\000\050\000\051}{subsection.6.19.2}% 253
\BOOKMARK [3][-]{subsubsection.6.19.2.6}{\376\377\0006\000.\0001\0009\000.\0002\000.\0006\000\040\000e\000n\000c\000o\000n\000t\000r\000a\000r\000H\000a\000b\000i\000t\000a\000c\000i\000o\000n\000T\000e\000s\000t\000\050\000\051}{subsection.6.19.2}% 254
\BOOKMARK [3][-]{subsubsection.6.19.2.7}{\376\377\0006\000.\0001\0009\000.\0002\000.\0007\000\040\000e\000n\000c\000o\000n\000t\000r\000a\000r\000R\000e\000s\000e\000r\000v\000a\000s\000T\000e\000s\000t\000\050\000\051}{subsection.6.19.2}% 255
\BOOKMARK [3][-]{subsubsection.6.19.2.8}{\376\377\0006\000.\0001\0009\000.\0002\000.\0008\000\040\000e\000n\000c\000o\000n\000t\000r\000a\000r\000R\000e\000s\000e\000r\000v\000a\000T\000e\000s\000t\000\050\000\051}{subsection.6.19.2}% 256
\BOOKMARK [3][-]{subsubsection.6.19.2.9}{\376\377\0006\000.\0001\0009\000.\0002\000.\0009\000\040\000r\000e\000g\000i\000s\000t\000r\000a\000r\000C\000l\000i\000e\000n\000t\000e\000T\000e\000s\000t\000\050\000\051}{subsection.6.19.2}% 257
\BOOKMARK [2][-]{subsection.6.19.3}{\376\377\0006\000.\0001\0009\000.\0003\000\040\000M\000e\000m\000b\000e\000r\000\040\000D\000a\000t\000a\000\040\000D\000o\000c\000u\000m\000e\000n\000t\000a\000t\000i\000o\000n}{section.6.19}% 258
\BOOKMARK [3][-]{subsubsection.6.19.3.1}{\376\377\0006\000.\0001\0009\000.\0003\000.\0001\000\040\000i}{subsection.6.19.3}% 259
\BOOKMARK [1][-]{section.6.20}{\376\377\0006\000.\0002\0000\000\040\000e\000s\000.\000d\000e\000u\000s\000t\000o\000.\000s\000p\000q\000.\000c\000l\000i\000e\000n\000t\000.\000R\000e\000s\000e\000r\000v\000a\000\040\000C\000l\000a\000s\000s\000\040\000R\000e\000f\000e\000r\000e\000n\000c\000e}{chapter.6}% 260
\BOOKMARK [2][-]{subsection.6.20.1}{\376\377\0006\000.\0002\0000\000.\0001\000\040\000D\000e\000t\000a\000i\000l\000e\000d\000\040\000D\000e\000s\000c\000r\000i\000p\000t\000i\000o\000n}{section.6.20}% 261
\BOOKMARK [2][-]{subsection.6.20.2}{\376\377\0006\000.\0002\0000\000.\0002\000\040\000C\000o\000n\000s\000t\000r\000u\000c\000t\000o\000r\000\040\000\046\000\040\000D\000e\000s\000t\000r\000u\000c\000t\000o\000r\000\040\000D\000o\000c\000u\000m\000e\000n\000t\000a\000t\000i\000o\000n}{section.6.20}% 262
\BOOKMARK [3][-]{subsubsection.6.20.2.1}{\376\377\0006\000.\0002\0000\000.\0002\000.\0001\000\040\000R\000e\000s\000e\000r\000v\000a\000\050\000\051\000\040\000[\0001\000/\0002\000]}{subsection.6.20.2}% 263
\BOOKMARK [3][-]{subsubsection.6.20.2.2}{\376\377\0006\000.\0002\0000\000.\0002\000.\0002\000\040\000R\000e\000s\000e\000r\000v\000a\000\050\000\051\000\040\000[\0002\000/\0002\000]}{subsection.6.20.2}% 264
\BOOKMARK [2][-]{subsection.6.20.3}{\376\377\0006\000.\0002\0000\000.\0003\000\040\000M\000e\000m\000b\000e\000r\000\040\000F\000u\000n\000c\000t\000i\000o\000n\000\040\000D\000o\000c\000u\000m\000e\000n\000t\000a\000t\000i\000o\000n}{section.6.20}% 265
\BOOKMARK [3][-]{subsubsection.6.20.3.1}{\376\377\0006\000.\0002\0000\000.\0003\000.\0001\000\040\000g\000e\000t\000A\000n\000y\000o\000\050\000\051}{subsection.6.20.3}% 266
\BOOKMARK [3][-]{subsubsection.6.20.3.2}{\376\377\0006\000.\0002\0000\000.\0003\000.\0002\000\040\000g\000e\000t\000C\000o\000d\000i\000g\000o\000H\000a\000b\000i\000t\000a\000c\000i\000o\000n\000\050\000\051}{subsection.6.20.3}% 267
\BOOKMARK [3][-]{subsubsection.6.20.3.3}{\376\377\0006\000.\0002\0000\000.\0003\000.\0003\000\040\000g\000e\000t\000C\000o\000d\000i\000g\000o\000R\000e\000s\000e\000r\000v\000a\000\050\000\051}{subsection.6.20.3}% 268
\BOOKMARK [3][-]{subsubsection.6.20.3.4}{\376\377\0006\000.\0002\0000\000.\0003\000.\0004\000\040\000g\000e\000t\000D\000i\000a\000\050\000\051}{subsection.6.20.3}% 269
\BOOKMARK [3][-]{subsubsection.6.20.3.5}{\376\377\0006\000.\0002\0000\000.\0003\000.\0005\000\040\000g\000e\000t\000E\000m\000a\000i\000l\000U\000s\000u\000a\000r\000i\000o\000\050\000\051}{subsection.6.20.3}% 270
\BOOKMARK [3][-]{subsubsection.6.20.3.6}{\376\377\0006\000.\0002\0000\000.\0003\000.\0006\000\040\000g\000e\000t\000M\000e\000s\000\050\000\051}{subsection.6.20.3}% 271
\BOOKMARK [3][-]{subsubsection.6.20.3.7}{\376\377\0006\000.\0002\0000\000.\0003\000.\0007\000\040\000s\000e\000t\000A\000n\000y\000o\000\050\000\051}{subsection.6.20.3}% 272
\BOOKMARK [3][-]{subsubsection.6.20.3.8}{\376\377\0006\000.\0002\0000\000.\0003\000.\0008\000\040\000s\000e\000t\000C\000o\000d\000i\000g\000o\000H\000a\000b\000i\000t\000a\000c\000i\000o\000n\000\050\000\051}{subsection.6.20.3}% 273
\BOOKMARK [3][-]{subsubsection.6.20.3.9}{\376\377\0006\000.\0002\0000\000.\0003\000.\0009\000\040\000s\000e\000t\000C\000o\000d\000i\000g\000o\000R\000e\000s\000e\000r\000v\000a\000\050\000\051}{subsection.6.20.3}% 274
\BOOKMARK [3][-]{subsubsection.6.20.3.10}{\376\377\0006\000.\0002\0000\000.\0003\000.\0001\0000\000\040\000s\000e\000t\000D\000i\000a\000\050\000\051}{subsection.6.20.3}% 275
\BOOKMARK [3][-]{subsubsection.6.20.3.11}{\376\377\0006\000.\0002\0000\000.\0003\000.\0001\0001\000\040\000s\000e\000t\000E\000m\000a\000i\000l\000U\000s\000u\000a\000r\000i\000o\000\050\000\051}{subsection.6.20.3}% 276
\BOOKMARK [3][-]{subsubsection.6.20.3.12}{\376\377\0006\000.\0002\0000\000.\0003\000.\0001\0002\000\040\000s\000e\000t\000M\000e\000s\000\050\000\051}{subsection.6.20.3}% 277
\BOOKMARK [3][-]{subsubsection.6.20.3.13}{\376\377\0006\000.\0002\0000\000.\0003\000.\0001\0003\000\040\000t\000o\000S\000t\000r\000i\000n\000g\000\050\000\051}{subsection.6.20.3}% 278
\BOOKMARK [1][-]{section.6.21}{\376\377\0006\000.\0002\0001\000\040\000e\000s\000.\000d\000e\000u\000s\000t\000o\000.\000s\000p\000q\000.\000c\000l\000i\000e\000n\000t\000.\000R\000e\000s\000e\000r\000v\000a\000T\000e\000s\000t\000\040\000C\000l\000a\000s\000s\000\040\000R\000e\000f\000e\000r\000e\000n\000c\000e}{chapter.6}% 279
\BOOKMARK [2][-]{subsection.6.21.1}{\376\377\0006\000.\0002\0001\000.\0001\000\040\000D\000e\000t\000a\000i\000l\000e\000d\000\040\000D\000e\000s\000c\000r\000i\000p\000t\000i\000o\000n}{section.6.21}% 280
\BOOKMARK [2][-]{subsection.6.21.2}{\376\377\0006\000.\0002\0001\000.\0002\000\040\000M\000e\000m\000b\000e\000r\000\040\000F\000u\000n\000c\000t\000i\000o\000n\000\040\000D\000o\000c\000u\000m\000e\000n\000t\000a\000t\000i\000o\000n}{section.6.21}% 281
\BOOKMARK [3][-]{subsubsection.6.21.2.1}{\376\377\0006\000.\0002\0001\000.\0002\000.\0001\000\040\000g\000e\000t\000A\000n\000y\000o\000T\000e\000s\000t\000\050\000\051}{subsection.6.21.2}% 282
\BOOKMARK [3][-]{subsubsection.6.21.2.2}{\376\377\0006\000.\0002\0001\000.\0002\000.\0002\000\040\000g\000e\000t\000C\000o\000d\000i\000g\000o\000H\000a\000b\000i\000t\000a\000c\000i\000o\000n\000T\000e\000s\000t\000\050\000\051}{subsection.6.21.2}% 283
\BOOKMARK [3][-]{subsubsection.6.21.2.3}{\376\377\0006\000.\0002\0001\000.\0002\000.\0003\000\040\000g\000e\000t\000C\000o\000d\000i\000g\000o\000R\000e\000s\000e\000r\000v\000a\000T\000e\000s\000t\000\050\000\051}{subsection.6.21.2}% 284
\BOOKMARK [3][-]{subsubsection.6.21.2.4}{\376\377\0006\000.\0002\0001\000.\0002\000.\0004\000\040\000g\000e\000t\000D\000i\000a\000T\000e\000s\000t\000\050\000\051}{subsection.6.21.2}% 285
\BOOKMARK [3][-]{subsubsection.6.21.2.5}{\376\377\0006\000.\0002\0001\000.\0002\000.\0005\000\040\000g\000e\000t\000M\000e\000s\000T\000e\000s\000t\000\050\000\051}{subsection.6.21.2}% 286
\BOOKMARK [3][-]{subsubsection.6.21.2.6}{\376\377\0006\000.\0002\0001\000.\0002\000.\0006\000\040\000s\000e\000t\000U\000p\000\050\000\051}{subsection.6.21.2}% 287
\BOOKMARK [1][-]{section.6.22}{\376\377\0006\000.\0002\0002\000\040\000e\000s\000.\000d\000e\000u\000s\000t\000o\000.\000s\000p\000q\000.\000c\000l\000i\000e\000n\000t\000.\000R\000W\000E\000x\000c\000e\000p\000t\000i\000o\000n\000\040\000C\000l\000a\000s\000s\000\040\000R\000e\000f\000e\000r\000e\000n\000c\000e}{chapter.6}% 288
\BOOKMARK [2][-]{subsection.6.22.1}{\376\377\0006\000.\0002\0002\000.\0001\000\040\000D\000e\000t\000a\000i\000l\000e\000d\000\040\000D\000e\000s\000c\000r\000i\000p\000t\000i\000o\000n}{section.6.22}% 289
\BOOKMARK [2][-]{subsection.6.22.2}{\376\377\0006\000.\0002\0002\000.\0002\000\040\000C\000o\000n\000s\000t\000r\000u\000c\000t\000o\000r\000\040\000\046\000\040\000D\000e\000s\000t\000r\000u\000c\000t\000o\000r\000\040\000D\000o\000c\000u\000m\000e\000n\000t\000a\000t\000i\000o\000n}{section.6.22}% 290
\BOOKMARK [3][-]{subsubsection.6.22.2.1}{\376\377\0006\000.\0002\0002\000.\0002\000.\0001\000\040\000R\000W\000E\000x\000c\000e\000p\000t\000i\000o\000n\000\050\000\051}{subsection.6.22.2}% 291
\BOOKMARK [1][-]{section.6.23}{\376\377\0006\000.\0002\0003\000\040\000e\000s\000.\000d\000e\000u\000s\000t\000o\000.\000s\000p\000q\000.\000c\000l\000i\000e\000n\000t\000.\000S\000e\000r\000v\000i\000c\000e\000L\000o\000c\000a\000t\000o\000r\000\040\000C\000l\000a\000s\000s\000\040\000R\000e\000f\000e\000r\000e\000n\000c\000e}{chapter.6}% 292
\BOOKMARK [2][-]{subsection.6.23.1}{\376\377\0006\000.\0002\0003\000.\0001\000\040\000D\000e\000t\000a\000i\000l\000e\000d\000\040\000D\000e\000s\000c\000r\000i\000p\000t\000i\000o\000n}{section.6.23}% 293
\BOOKMARK [2][-]{subsection.6.23.2}{\376\377\0006\000.\0002\0003\000.\0002\000\040\000C\000o\000n\000s\000t\000r\000u\000c\000t\000o\000r\000\040\000\046\000\040\000D\000e\000s\000t\000r\000u\000c\000t\000o\000r\000\040\000D\000o\000c\000u\000m\000e\000n\000t\000a\000t\000i\000o\000n}{section.6.23}% 294
\BOOKMARK [3][-]{subsubsection.6.23.2.1}{\376\377\0006\000.\0002\0003\000.\0002\000.\0001\000\040\000S\000e\000r\000v\000i\000c\000e\000L\000o\000c\000a\000t\000o\000r\000\050\000\051}{subsection.6.23.2}% 295
\BOOKMARK [2][-]{subsection.6.23.3}{\376\377\0006\000.\0002\0003\000.\0003\000\040\000M\000e\000m\000b\000e\000r\000\040\000F\000u\000n\000c\000t\000i\000o\000n\000\040\000D\000o\000c\000u\000m\000e\000n\000t\000a\000t\000i\000o\000n}{section.6.23}% 296
\BOOKMARK [3][-]{subsubsection.6.23.3.1}{\376\377\0006\000.\0002\0003\000.\0003\000.\0001\000\040\000a\000n\000a\000d\000i\000r\000C\000l\000i\000e\000n\000t\000e\000\050\000\051}{subsection.6.23.3}% 297
\BOOKMARK [3][-]{subsubsection.6.23.3.2}{\376\377\0006\000.\0002\0003\000.\0003\000.\0002\000\040\000a\000n\000a\000d\000i\000r\000E\000v\000e\000n\000t\000o\000\050\000\051}{subsection.6.23.3}% 298
\BOOKMARK [3][-]{subsubsection.6.23.3.3}{\376\377\0006\000.\0002\0003\000.\0003\000.\0003\000\040\000a\000n\000a\000d\000i\000r\000R\000e\000s\000e\000r\000v\000a\000\050\000\051}{subsection.6.23.3}% 299
\BOOKMARK [3][-]{subsubsection.6.23.3.4}{\376\377\0006\000.\0002\0003\000.\0003\000.\0004\000\040\000b\000o\000r\000r\000a\000r\000C\000l\000i\000e\000n\000t\000e\000\050\000\051}{subsection.6.23.3}% 300
\BOOKMARK [3][-]{subsubsection.6.23.3.5}{\376\377\0006\000.\0002\0003\000.\0003\000.\0005\000\040\000b\000o\000r\000r\000a\000r\000E\000v\000e\000n\000t\000o\000\050\000\051}{subsection.6.23.3}% 301
\BOOKMARK [3][-]{subsubsection.6.23.3.6}{\376\377\0006\000.\0002\0003\000.\0003\000.\0006\000\040\000b\000o\000r\000r\000a\000r\000R\000e\000s\000e\000r\000v\000a\000\050\000\051}{subsection.6.23.3}% 302
\BOOKMARK [3][-]{subsubsection.6.23.3.7}{\376\377\0006\000.\0002\0003\000.\0003\000.\0007\000\040\000c\000o\000g\000e\000r\000U\000r\000l\000\050\000\051}{subsection.6.23.3}% 303
\BOOKMARK [3][-]{subsubsection.6.23.3.8}{\376\377\0006\000.\0002\0003\000.\0003\000.\0008\000\040\000e\000d\000i\000t\000a\000r\000U\000s\000u\000a\000r\000i\000o\000\050\000\051}{subsection.6.23.3}% 304
\BOOKMARK [3][-]{subsubsection.6.23.3.9}{\376\377\0006\000.\0002\0003\000.\0003\000.\0009\000\040\000g\000e\000t\000R\000e\000s\000e\000r\000v\000a\000\050\000\051}{subsection.6.23.3}% 305
\BOOKMARK [3][-]{subsubsection.6.23.3.10}{\376\377\0006\000.\0002\0003\000.\0003\000.\0001\0000\000\040\000g\000e\000t\000U\000s\000u\000a\000r\000i\000o\000\050\000\051}{subsection.6.23.3}% 306
\BOOKMARK [3][-]{subsubsection.6.23.3.11}{\376\377\0006\000.\0002\0003\000.\0003\000.\0001\0001\000\040\000i\000n\000i\000c\000i\000a\000r\000S\000e\000s\000i\000o\000n\000\050\000\051}{subsection.6.23.3}% 307
\BOOKMARK [3][-]{subsubsection.6.23.3.12}{\376\377\0006\000.\0002\0003\000.\0003\000.\0001\0002\000\040\000o\000b\000t\000e\000n\000e\000r\000C\000l\000i\000e\000n\000t\000e\000s\000\050\000\051}{subsection.6.23.3}% 308
\BOOKMARK [3][-]{subsubsection.6.23.3.13}{\376\377\0006\000.\0002\0003\000.\0003\000.\0001\0003\000\040\000o\000b\000t\000e\000n\000e\000r\000E\000v\000e\000n\000t\000o\000\050\000\051}{subsection.6.23.3}% 309
\BOOKMARK [3][-]{subsubsection.6.23.3.14}{\376\377\0006\000.\0002\0003\000.\0003\000.\0001\0004\000\040\000o\000b\000t\000e\000n\000e\000r\000E\000v\000e\000n\000t\000o\000s\000\050\000\051}{subsection.6.23.3}% 310
\BOOKMARK [3][-]{subsubsection.6.23.3.15}{\376\377\0006\000.\0002\0003\000.\0003\000.\0001\0005\000\040\000o\000b\000t\000e\000n\000e\000r\000H\000a\000b\000i\000t\000a\000c\000i\000o\000n\000\050\000\051}{subsection.6.23.3}% 311
\BOOKMARK [3][-]{subsubsection.6.23.3.16}{\376\377\0006\000.\0002\0003\000.\0003\000.\0001\0006\000\040\000o\000b\000t\000e\000n\000e\000r\000H\000a\000b\000i\000t\000a\000c\000i\000o\000n\000e\000s\000\050\000\051}{subsection.6.23.3}% 312
\BOOKMARK [3][-]{subsubsection.6.23.3.17}{\376\377\0006\000.\0002\0003\000.\0003\000.\0001\0007\000\040\000o\000b\000t\000e\000n\000e\000r\000R\000e\000s\000e\000r\000v\000a\000s\000\050\000\051}{subsection.6.23.3}% 313
\BOOKMARK [1][-]{section.6.24}{\376\377\0006\000.\0002\0004\000\040\000e\000s\000.\000d\000e\000u\000s\000t\000o\000.\000s\000p\000q\000.\000c\000l\000i\000e\000n\000t\000.\000g\000u\000i\000.\000V\000e\000n\000t\000a\000n\000a\000A\000d\000m\000i\000n\000\040\000C\000l\000a\000s\000s\000\040\000R\000e\000f\000e\000r\000e\000n\000c\000e}{chapter.6}% 314
\BOOKMARK [2][-]{subsection.6.24.1}{\376\377\0006\000.\0002\0004\000.\0001\000\040\000D\000e\000t\000a\000i\000l\000e\000d\000\040\000D\000e\000s\000c\000r\000i\000p\000t\000i\000o\000n}{section.6.24}% 315
\BOOKMARK [2][-]{subsection.6.24.2}{\376\377\0006\000.\0002\0004\000.\0002\000\040\000C\000o\000n\000s\000t\000r\000u\000c\000t\000o\000r\000\040\000\046\000\040\000D\000e\000s\000t\000r\000u\000c\000t\000o\000r\000\040\000D\000o\000c\000u\000m\000e\000n\000t\000a\000t\000i\000o\000n}{section.6.24}% 316
\BOOKMARK [3][-]{subsubsection.6.24.2.1}{\376\377\0006\000.\0002\0004\000.\0002\000.\0001\000\040\000V\000e\000n\000t\000a\000n\000a\000A\000d\000m\000i\000n\000\050\000\051}{subsection.6.24.2}% 317
\BOOKMARK [1][-]{section.6.25}{\376\377\0006\000.\0002\0005\000\040\000e\000s\000.\000d\000e\000u\000s\000t\000o\000.\000s\000p\000q\000.\000c\000l\000i\000e\000n\000t\000.\000g\000u\000i\000.\000V\000e\000n\000t\000a\000n\000a\000C\000r\000e\000a\000r\000E\000v\000e\000n\000t\000o\000\040\000C\000l\000a\000s\000s\000\040\000R\000e\000f\000e\000r\000e\000n\000c\000e}{chapter.6}% 318
\BOOKMARK [2][-]{subsection.6.25.1}{\376\377\0006\000.\0002\0005\000.\0001\000\040\000D\000e\000t\000a\000i\000l\000e\000d\000\040\000D\000e\000s\000c\000r\000i\000p\000t\000i\000o\000n}{section.6.25}% 319
\BOOKMARK [2][-]{subsection.6.25.2}{\376\377\0006\000.\0002\0005\000.\0002\000\040\000C\000o\000n\000s\000t\000r\000u\000c\000t\000o\000r\000\040\000\046\000\040\000D\000e\000s\000t\000r\000u\000c\000t\000o\000r\000\040\000D\000o\000c\000u\000m\000e\000n\000t\000a\000t\000i\000o\000n}{section.6.25}% 320
\BOOKMARK [3][-]{subsubsection.6.25.2.1}{\376\377\0006\000.\0002\0005\000.\0002\000.\0001\000\040\000V\000e\000n\000t\000a\000n\000a\000C\000r\000e\000a\000r\000E\000v\000e\000n\000t\000o\000\050\000\051}{subsection.6.25.2}% 321
\BOOKMARK [1][-]{section.6.26}{\376\377\0006\000.\0002\0006\000\040\000e\000s\000.\000d\000e\000u\000s\000t\000o\000.\000s\000p\000q\000.\000c\000l\000i\000e\000n\000t\000.\000g\000u\000i\000.\000V\000e\000n\000t\000a\000n\000a\000D\000a\000t\000o\000s\000C\000l\000i\000e\000n\000t\000e\000\040\000C\000l\000a\000s\000s\000\040\000R\000e\000f\000e\000r\000e\000n\000c\000e}{chapter.6}% 322
\BOOKMARK [2][-]{subsection.6.26.1}{\376\377\0006\000.\0002\0006\000.\0001\000\040\000D\000e\000t\000a\000i\000l\000e\000d\000\040\000D\000e\000s\000c\000r\000i\000p\000t\000i\000o\000n}{section.6.26}% 323
\BOOKMARK [2][-]{subsection.6.26.2}{\376\377\0006\000.\0002\0006\000.\0002\000\040\000C\000o\000n\000s\000t\000r\000u\000c\000t\000o\000r\000\040\000\046\000\040\000D\000e\000s\000t\000r\000u\000c\000t\000o\000r\000\040\000D\000o\000c\000u\000m\000e\000n\000t\000a\000t\000i\000o\000n}{section.6.26}% 324
\BOOKMARK [3][-]{subsubsection.6.26.2.1}{\376\377\0006\000.\0002\0006\000.\0002\000.\0001\000\040\000V\000e\000n\000t\000a\000n\000a\000D\000a\000t\000o\000s\000C\000l\000i\000e\000n\000t\000e\000\050\000\051}{subsection.6.26.2}% 325
\BOOKMARK [1][-]{section.6.27}{\376\377\0006\000.\0002\0007\000\040\000e\000s\000.\000d\000e\000u\000s\000t\000o\000.\000s\000p\000q\000.\000c\000l\000i\000e\000n\000t\000.\000g\000u\000i\000.\000V\000e\000n\000t\000a\000n\000a\000E\000s\000t\000a\000d\000i\000s\000t\000i\000c\000a\000s\000\040\000C\000l\000a\000s\000s\000\040\000R\000e\000f\000e\000r\000e\000n\000c\000e}{chapter.6}% 326
\BOOKMARK [2][-]{subsection.6.27.1}{\376\377\0006\000.\0002\0007\000.\0001\000\040\000D\000e\000t\000a\000i\000l\000e\000d\000\040\000D\000e\000s\000c\000r\000i\000p\000t\000i\000o\000n}{section.6.27}% 327
\BOOKMARK [2][-]{subsection.6.27.2}{\376\377\0006\000.\0002\0007\000.\0002\000\040\000C\000o\000n\000s\000t\000r\000u\000c\000t\000o\000r\000\040\000\046\000\040\000D\000e\000s\000t\000r\000u\000c\000t\000o\000r\000\040\000D\000o\000c\000u\000m\000e\000n\000t\000a\000t\000i\000o\000n}{section.6.27}% 328
\BOOKMARK [3][-]{subsubsection.6.27.2.1}{\376\377\0006\000.\0002\0007\000.\0002\000.\0001\000\040\000V\000e\000n\000t\000a\000n\000a\000E\000s\000t\000a\000d\000i\000s\000t\000i\000c\000a\000s\000\050\000\051}{subsection.6.27.2}% 329
\BOOKMARK [1][-]{section.6.28}{\376\377\0006\000.\0002\0008\000\040\000e\000s\000.\000d\000e\000u\000s\000t\000o\000.\000s\000p\000q\000.\000c\000l\000i\000e\000n\000t\000.\000g\000u\000i\000.\000V\000e\000n\000t\000a\000n\000a\000E\000v\000e\000n\000t\000o\000s\000\040\000C\000l\000a\000s\000s\000\040\000R\000e\000f\000e\000r\000e\000n\000c\000e}{chapter.6}% 330
\BOOKMARK [2][-]{subsection.6.28.1}{\376\377\0006\000.\0002\0008\000.\0001\000\040\000D\000e\000t\000a\000i\000l\000e\000d\000\040\000D\000e\000s\000c\000r\000i\000p\000t\000i\000o\000n}{section.6.28}% 331
\BOOKMARK [2][-]{subsection.6.28.2}{\376\377\0006\000.\0002\0008\000.\0002\000\040\000C\000o\000n\000s\000t\000r\000u\000c\000t\000o\000r\000\040\000\046\000\040\000D\000e\000s\000t\000r\000u\000c\000t\000o\000r\000\040\000D\000o\000c\000u\000m\000e\000n\000t\000a\000t\000i\000o\000n}{section.6.28}% 332
\BOOKMARK [3][-]{subsubsection.6.28.2.1}{\376\377\0006\000.\0002\0008\000.\0002\000.\0001\000\040\000V\000e\000n\000t\000a\000n\000a\000E\000v\000e\000n\000t\000o\000s\000\050\000\051}{subsection.6.28.2}% 333
\BOOKMARK [1][-]{section.6.29}{\376\377\0006\000.\0002\0009\000\040\000e\000s\000.\000d\000e\000u\000s\000t\000o\000.\000s\000p\000q\000.\000c\000l\000i\000e\000n\000t\000.\000g\000u\000i\000.\000V\000e\000n\000t\000a\000n\000a\000F\000e\000e\000d\000b\000a\000c\000k\000\040\000C\000l\000a\000s\000s\000\040\000R\000e\000f\000e\000r\000e\000n\000c\000e}{chapter.6}% 334
\BOOKMARK [2][-]{subsection.6.29.1}{\376\377\0006\000.\0002\0009\000.\0001\000\040\000D\000e\000t\000a\000i\000l\000e\000d\000\040\000D\000e\000s\000c\000r\000i\000p\000t\000i\000o\000n}{section.6.29}% 335
\BOOKMARK [2][-]{subsection.6.29.2}{\376\377\0006\000.\0002\0009\000.\0002\000\040\000C\000o\000n\000s\000t\000r\000u\000c\000t\000o\000r\000\040\000\046\000\040\000D\000e\000s\000t\000r\000u\000c\000t\000o\000r\000\040\000D\000o\000c\000u\000m\000e\000n\000t\000a\000t\000i\000o\000n}{section.6.29}% 336
\BOOKMARK [3][-]{subsubsection.6.29.2.1}{\376\377\0006\000.\0002\0009\000.\0002\000.\0001\000\040\000V\000e\000n\000t\000a\000n\000a\000F\000e\000e\000d\000b\000a\000c\000k\000\050\000\051}{subsection.6.29.2}% 337
\BOOKMARK [1][-]{section.6.30}{\376\377\0006\000.\0003\0000\000\040\000e\000s\000.\000d\000e\000u\000s\000t\000o\000.\000s\000p\000q\000.\000c\000l\000i\000e\000n\000t\000.\000g\000u\000i\000.\000V\000e\000n\000t\000a\000n\000a\000I\000n\000i\000c\000i\000o\000S\000e\000s\000i\000o\000n\000\040\000C\000l\000a\000s\000s\000\040\000R\000e\000f\000e\000r\000e\000n\000c\000e}{chapter.6}% 338
\BOOKMARK [2][-]{subsection.6.30.1}{\376\377\0006\000.\0003\0000\000.\0001\000\040\000D\000e\000t\000a\000i\000l\000e\000d\000\040\000D\000e\000s\000c\000r\000i\000p\000t\000i\000o\000n}{section.6.30}% 339
\BOOKMARK [2][-]{subsection.6.30.2}{\376\377\0006\000.\0003\0000\000.\0002\000\040\000C\000o\000n\000s\000t\000r\000u\000c\000t\000o\000r\000\040\000\046\000\040\000D\000e\000s\000t\000r\000u\000c\000t\000o\000r\000\040\000D\000o\000c\000u\000m\000e\000n\000t\000a\000t\000i\000o\000n}{section.6.30}% 340
\BOOKMARK [3][-]{subsubsection.6.30.2.1}{\376\377\0006\000.\0003\0000\000.\0002\000.\0001\000\040\000V\000e\000n\000t\000a\000n\000a\000I\000n\000i\000c\000i\000o\000S\000e\000s\000i\000o\000n\000\050\000\051}{subsection.6.30.2}% 341
\BOOKMARK [2][-]{subsection.6.30.3}{\376\377\0006\000.\0003\0000\000.\0003\000\040\000M\000e\000m\000b\000e\000r\000\040\000F\000u\000n\000c\000t\000i\000o\000n\000\040\000D\000o\000c\000u\000m\000e\000n\000t\000a\000t\000i\000o\000n}{section.6.30}% 342
\BOOKMARK [3][-]{subsubsection.6.30.3.1}{\376\377\0006\000.\0003\0000\000.\0003\000.\0001\000\040\000c\000a\000r\000g\000a\000r\000E\000m\000a\000i\000l\000U\000s\000u\000a\000r\000i\000o\000\050\000\051}{subsection.6.30.3}% 343
\BOOKMARK [1][-]{section.6.31}{\376\377\0006\000.\0003\0001\000\040\000e\000s\000.\000d\000e\000u\000s\000t\000o\000.\000s\000p\000q\000.\000c\000l\000i\000e\000n\000t\000.\000g\000u\000i\000.\000V\000e\000n\000t\000a\000n\000a\000M\000e\000n\000u\000\040\000C\000l\000a\000s\000s\000\040\000R\000e\000f\000e\000r\000e\000n\000c\000e}{chapter.6}% 344
\BOOKMARK [2][-]{subsection.6.31.1}{\376\377\0006\000.\0003\0001\000.\0001\000\040\000D\000e\000t\000a\000i\000l\000e\000d\000\040\000D\000e\000s\000c\000r\000i\000p\000t\000i\000o\000n}{section.6.31}% 345
\BOOKMARK [2][-]{subsection.6.31.2}{\376\377\0006\000.\0003\0001\000.\0002\000\040\000C\000o\000n\000s\000t\000r\000u\000c\000t\000o\000r\000\040\000\046\000\040\000D\000e\000s\000t\000r\000u\000c\000t\000o\000r\000\040\000D\000o\000c\000u\000m\000e\000n\000t\000a\000t\000i\000o\000n}{section.6.31}% 346
\BOOKMARK [3][-]{subsubsection.6.31.2.1}{\376\377\0006\000.\0003\0001\000.\0002\000.\0001\000\040\000V\000e\000n\000t\000a\000n\000a\000M\000e\000n\000u\000\050\000\051}{subsection.6.31.2}% 347
\BOOKMARK [1][-]{section.6.32}{\376\377\0006\000.\0003\0002\000\040\000e\000s\000.\000d\000e\000u\000s\000t\000o\000.\000s\000p\000q\000.\000c\000l\000i\000e\000n\000t\000.\000g\000u\000i\000.\000V\000e\000n\000t\000a\000n\000a\000M\000o\000s\000t\000r\000a\000r\000R\000e\000s\000e\000r\000v\000a\000s\000\040\000C\000l\000a\000s\000s\000\040\000R\000e\000f\000e\000r\000e\000n\000c\000e}{chapter.6}% 348
\BOOKMARK [2][-]{subsection.6.32.1}{\376\377\0006\000.\0003\0002\000.\0001\000\040\000D\000e\000t\000a\000i\000l\000e\000d\000\040\000D\000e\000s\000c\000r\000i\000p\000t\000i\000o\000n}{section.6.32}% 349
\BOOKMARK [2][-]{subsection.6.32.2}{\376\377\0006\000.\0003\0002\000.\0002\000\040\000C\000o\000n\000s\000t\000r\000u\000c\000t\000o\000r\000\040\000\046\000\040\000D\000e\000s\000t\000r\000u\000c\000t\000o\000r\000\040\000D\000o\000c\000u\000m\000e\000n\000t\000a\000t\000i\000o\000n}{section.6.32}% 350
\BOOKMARK [3][-]{subsubsection.6.32.2.1}{\376\377\0006\000.\0003\0002\000.\0002\000.\0001\000\040\000V\000e\000n\000t\000a\000n\000a\000M\000o\000s\000t\000r\000a\000r\000R\000e\000s\000e\000r\000v\000a\000s\000\050\000\051}{subsection.6.32.2}% 351
\BOOKMARK [1][-]{section.6.33}{\376\377\0006\000.\0003\0003\000\040\000e\000s\000.\000d\000e\000u\000s\000t\000o\000.\000s\000p\000q\000.\000c\000l\000i\000e\000n\000t\000.\000g\000u\000i\000.\000V\000e\000n\000t\000a\000n\000a\000R\000e\000g\000i\000s\000t\000r\000o\000\040\000C\000l\000a\000s\000s\000\040\000R\000e\000f\000e\000r\000e\000n\000c\000e}{chapter.6}% 352
\BOOKMARK [2][-]{subsection.6.33.1}{\376\377\0006\000.\0003\0003\000.\0001\000\040\000D\000e\000t\000a\000i\000l\000e\000d\000\040\000D\000e\000s\000c\000r\000i\000p\000t\000i\000o\000n}{section.6.33}% 353
\BOOKMARK [2][-]{subsection.6.33.2}{\376\377\0006\000.\0003\0003\000.\0002\000\040\000C\000o\000n\000s\000t\000r\000u\000c\000t\000o\000r\000\040\000\046\000\040\000D\000e\000s\000t\000r\000u\000c\000t\000o\000r\000\040\000D\000o\000c\000u\000m\000e\000n\000t\000a\000t\000i\000o\000n}{section.6.33}% 354
\BOOKMARK [3][-]{subsubsection.6.33.2.1}{\376\377\0006\000.\0003\0003\000.\0002\000.\0001\000\040\000V\000e\000n\000t\000a\000n\000a\000R\000e\000g\000i\000s\000t\000r\000o\000\050\000\051}{subsection.6.33.2}% 355
\BOOKMARK [1][-]{section.6.34}{\376\377\0006\000.\0003\0004\000\040\000e\000s\000.\000d\000e\000u\000s\000t\000o\000.\000s\000p\000q\000.\000c\000l\000i\000e\000n\000t\000.\000g\000u\000i\000.\000V\000e\000n\000t\000a\000n\000a\000R\000e\000s\000e\000r\000v\000a\000s\000\040\000C\000l\000a\000s\000s\000\040\000R\000e\000f\000e\000r\000e\000n\000c\000e}{chapter.6}% 356
\BOOKMARK [2][-]{subsection.6.34.1}{\376\377\0006\000.\0003\0004\000.\0001\000\040\000D\000e\000t\000a\000i\000l\000e\000d\000\040\000D\000e\000s\000c\000r\000i\000p\000t\000i\000o\000n}{section.6.34}% 357
\BOOKMARK [2][-]{subsection.6.34.2}{\376\377\0006\000.\0003\0004\000.\0002\000\040\000C\000o\000n\000s\000t\000r\000u\000c\000t\000o\000r\000\040\000\046\000\040\000D\000e\000s\000t\000r\000u\000c\000t\000o\000r\000\040\000D\000o\000c\000u\000m\000e\000n\000t\000a\000t\000i\000o\000n}{section.6.34}% 358
\BOOKMARK [3][-]{subsubsection.6.34.2.1}{\376\377\0006\000.\0003\0004\000.\0002\000.\0001\000\040\000V\000e\000n\000t\000a\000n\000a\000R\000e\000s\000e\000r\000v\000a\000s\000\050\000\051}{subsection.6.34.2}% 359
\BOOKMARK [2][-]{subsection.6.34.3}{\376\377\0006\000.\0003\0004\000.\0003\000\040\000M\000e\000m\000b\000e\000r\000\040\000F\000u\000n\000c\000t\000i\000o\000n\000\040\000D\000o\000c\000u\000m\000e\000n\000t\000a\000t\000i\000o\000n}{section.6.34}% 360
\BOOKMARK [3][-]{subsubsection.6.34.3.1}{\376\377\0006\000.\0003\0004\000.\0003\000.\0001\000\040\000e\000x\000i\000s\000t\000e\000R\000e\000s\000e\000r\000v\000a\000\050\000\051}{subsection.6.34.3}% 361
\BOOKMARK [3][-]{subsubsection.6.34.3.2}{\376\377\0006\000.\0003\0004\000.\0003\000.\0002\000\040\000h\000a\000y\000R\000e\000b\000a\000j\000a\000s\000\050\000\051}{subsection.6.34.3}% 362
\BOOKMARK [1][-]{section.6.35}{\376\377\0006\000.\0003\0005\000\040\000e\000s\000.\000d\000e\000u\000s\000t\000o\000.\000s\000p\000q\000.\000c\000l\000i\000e\000n\000t\000.\000g\000u\000i\000.\000V\000e\000n\000t\000a\000n\000a\000R\000e\000s\000e\000r\000v\000a\000s\000A\000d\000m\000i\000n\000\040\000C\000l\000a\000s\000s\000\040\000R\000e\000f\000e\000r\000e\000n\000c\000e}{chapter.6}% 363
\BOOKMARK [2][-]{subsection.6.35.1}{\376\377\0006\000.\0003\0005\000.\0001\000\040\000D\000e\000t\000a\000i\000l\000e\000d\000\040\000D\000e\000s\000c\000r\000i\000p\000t\000i\000o\000n}{section.6.35}% 364
\BOOKMARK [2][-]{subsection.6.35.2}{\376\377\0006\000.\0003\0005\000.\0002\000\040\000C\000o\000n\000s\000t\000r\000u\000c\000t\000o\000r\000\040\000\046\000\040\000D\000e\000s\000t\000r\000u\000c\000t\000o\000r\000\040\000D\000o\000c\000u\000m\000e\000n\000t\000a\000t\000i\000o\000n}{section.6.35}% 365
\BOOKMARK [3][-]{subsubsection.6.35.2.1}{\376\377\0006\000.\0003\0005\000.\0002\000.\0001\000\040\000V\000e\000n\000t\000a\000n\000a\000R\000e\000s\000e\000r\000v\000a\000s\000A\000d\000m\000i\000n\000\050\000\051}{subsection.6.35.2}% 366
\BOOKMARK [1][-]{section.6.36}{\376\377\0006\000.\0003\0006\000\040\000e\000s\000.\000d\000e\000u\000s\000t\000o\000.\000s\000p\000q\000.\000c\000l\000i\000e\000n\000t\000.\000g\000u\000i\000.\000V\000e\000n\000t\000a\000n\000a\000U\000s\000u\000a\000r\000i\000o\000s\000A\000d\000m\000i\000n\000\040\000C\000l\000a\000s\000s\000\040\000R\000e\000f\000e\000r\000e\000n\000c\000e}{chapter.6}% 367
\BOOKMARK [2][-]{subsection.6.36.1}{\376\377\0006\000.\0003\0006\000.\0001\000\040\000D\000e\000t\000a\000i\000l\000e\000d\000\040\000D\000e\000s\000c\000r\000i\000p\000t\000i\000o\000n}{section.6.36}% 368
\BOOKMARK [2][-]{subsection.6.36.2}{\376\377\0006\000.\0003\0006\000.\0002\000\040\000C\000o\000n\000s\000t\000r\000u\000c\000t\000o\000r\000\040\000\046\000\040\000D\000e\000s\000t\000r\000u\000c\000t\000o\000r\000\040\000D\000o\000c\000u\000m\000e\000n\000t\000a\000t\000i\000o\000n}{section.6.36}% 369
\BOOKMARK [3][-]{subsubsection.6.36.2.1}{\376\377\0006\000.\0003\0006\000.\0002\000.\0001\000\040\000V\000e\000n\000t\000a\000n\000a\000U\000s\000u\000a\000r\000i\000o\000s\000A\000d\000m\000i\000n\000\050\000\051}{subsection.6.36.2}% 370
\BOOKMARK [0][-]{chapter.7}{\376\377\0007\000\040\000F\000i\000l\000e\000\040\000D\000o\000c\000u\000m\000e\000n\000t\000a\000t\000i\000o\000n}{}% 371
\BOOKMARK [1][-]{section.7.1}{\376\377\0007\000.\0001\000\040\000s\000r\000c\000/\000m\000a\000i\000n\000/\000j\000a\000v\000a\000/\000e\000s\000/\000d\000e\000u\000s\000t\000o\000/\000s\000p\000q\000/\000c\000l\000i\000e\000n\000t\000/\000C\000l\000i\000e\000n\000t\000e\000.\000j\000a\000v\000a\000\040\000F\000i\000l\000e\000\040\000R\000e\000f\000e\000r\000e\000n\000c\000e}{chapter.7}% 372
\BOOKMARK [1][-]{section.7.2}{\376\377\0007\000.\0002\000\040\000s\000r\000c\000/\000m\000a\000i\000n\000/\000j\000a\000v\000a\000/\000e\000s\000/\000d\000e\000u\000s\000t\000o\000/\000s\000p\000q\000/\000c\000l\000i\000e\000n\000t\000/\000C\000o\000n\000t\000r\000o\000l\000l\000e\000r\000.\000j\000a\000v\000a\000\040\000F\000i\000l\000e\000\040\000R\000e\000f\000e\000r\000e\000n\000c\000e}{chapter.7}% 373
\BOOKMARK [1][-]{section.7.3}{\376\377\0007\000.\0003\000\040\000s\000r\000c\000/\000m\000a\000i\000n\000/\000j\000a\000v\000a\000/\000e\000s\000/\000d\000e\000u\000s\000t\000o\000/\000s\000p\000q\000/\000c\000l\000i\000e\000n\000t\000/\000E\000s\000t\000a\000d\000i\000s\000t\000i\000c\000a\000F\000e\000e\000d\000b\000a\000c\000k\000.\000j\000a\000v\000a\000\040\000F\000i\000l\000e\000\040\000R\000e\000f\000e\000r\000e\000n\000c\000e}{chapter.7}% 374
\BOOKMARK [1][-]{section.7.4}{\376\377\0007\000.\0004\000\040\000s\000r\000c\000/\000m\000a\000i\000n\000/\000j\000a\000v\000a\000/\000e\000s\000/\000d\000e\000u\000s\000t\000o\000/\000s\000p\000q\000/\000c\000l\000i\000e\000n\000t\000/\000E\000v\000e\000n\000t\000o\000.\000j\000a\000v\000a\000\040\000F\000i\000l\000e\000\040\000R\000e\000f\000e\000r\000e\000n\000c\000e}{chapter.7}% 375
\BOOKMARK [1][-]{section.7.5}{\376\377\0007\000.\0005\000\040\000s\000r\000c\000/\000m\000a\000i\000n\000/\000j\000a\000v\000a\000/\000e\000s\000/\000d\000e\000u\000s\000t\000o\000/\000s\000p\000q\000/\000c\000l\000i\000e\000n\000t\000/\000F\000e\000e\000d\000b\000a\000c\000k\000.\000j\000a\000v\000a\000\040\000F\000i\000l\000e\000\040\000R\000e\000f\000e\000r\000e\000n\000c\000e}{chapter.7}% 376
\BOOKMARK [1][-]{section.7.6}{\376\377\0007\000.\0006\000\040\000s\000r\000c\000/\000m\000a\000i\000n\000/\000j\000a\000v\000a\000/\000e\000s\000/\000d\000e\000u\000s\000t\000o\000/\000s\000p\000q\000/\000c\000l\000i\000e\000n\000t\000/\000G\000e\000t\000P\000r\000o\000p\000e\000r\000t\000i\000e\000s\000.\000j\000a\000v\000a\000\040\000F\000i\000l\000e\000\040\000R\000e\000f\000e\000r\000e\000n\000c\000e}{chapter.7}% 377
\BOOKMARK [1][-]{section.7.7}{\376\377\0007\000.\0007\000\040\000s\000r\000c\000/\000m\000a\000i\000n\000/\000j\000a\000v\000a\000/\000e\000s\000/\000d\000e\000u\000s\000t\000o\000/\000s\000p\000q\000/\000s\000e\000r\000v\000e\000r\000/\000G\000e\000t\000P\000r\000o\000p\000e\000r\000t\000i\000e\000s\000.\000j\000a\000v\000a\000\040\000F\000i\000l\000e\000\040\000R\000e\000f\000e\000r\000e\000n\000c\000e}{chapter.7}% 378
\BOOKMARK [1][-]{section.7.8}{\376\377\0007\000.\0008\000\040\000s\000r\000c\000/\000m\000a\000i\000n\000/\000j\000a\000v\000a\000/\000e\000s\000/\000d\000e\000u\000s\000t\000o\000/\000s\000p\000q\000/\000c\000l\000i\000e\000n\000t\000/\000g\000u\000i\000/\000V\000e\000n\000t\000a\000n\000a\000A\000d\000m\000i\000n\000.\000j\000a\000v\000a\000\040\000F\000i\000l\000e\000\040\000R\000e\000f\000e\000r\000e\000n\000c\000e}{chapter.7}% 379
\BOOKMARK [1][-]{section.7.9}{\376\377\0007\000.\0009\000\040\000s\000r\000c\000/\000m\000a\000i\000n\000/\000j\000a\000v\000a\000/\000e\000s\000/\000d\000e\000u\000s\000t\000o\000/\000s\000p\000q\000/\000c\000l\000i\000e\000n\000t\000/\000g\000u\000i\000/\000V\000e\000n\000t\000a\000n\000a\000C\000r\000e\000a\000r\000E\000v\000e\000n\000t\000o\000.\000j\000a\000v\000a\000\040\000F\000i\000l\000e\000\040\000R\000e\000f\000e\000r\000e\000n\000c\000e}{chapter.7}% 380
\BOOKMARK [1][-]{section.7.10}{\376\377\0007\000.\0001\0000\000\040\000s\000r\000c\000/\000m\000a\000i\000n\000/\000j\000a\000v\000a\000/\000e\000s\000/\000d\000e\000u\000s\000t\000o\000/\000s\000p\000q\000/\000c\000l\000i\000e\000n\000t\000/\000g\000u\000i\000/\000V\000e\000n\000t\000a\000n\000a\000D\000a\000t\000o\000s\000C\000l\000i\000e\000n\000t\000e\000.\000j\000a\000v\000a\000\040\000F\000i\000l\000e\000\040\000R\000e\000f\000e\000r\000e\000n\000c\000e}{chapter.7}% 381
\BOOKMARK [1][-]{section.7.11}{\376\377\0007\000.\0001\0001\000\040\000s\000r\000c\000/\000m\000a\000i\000n\000/\000j\000a\000v\000a\000/\000e\000s\000/\000d\000e\000u\000s\000t\000o\000/\000s\000p\000q\000/\000c\000l\000i\000e\000n\000t\000/\000g\000u\000i\000/\000V\000e\000n\000t\000a\000n\000a\000E\000s\000t\000a\000d\000i\000s\000t\000i\000c\000a\000s\000.\000j\000a\000v\000a\000\040\000F\000i\000l\000e\000\040\000R\000e\000f\000e\000r\000e\000n\000c\000e}{chapter.7}% 382
\BOOKMARK [1][-]{section.7.12}{\376\377\0007\000.\0001\0002\000\040\000s\000r\000c\000/\000m\000a\000i\000n\000/\000j\000a\000v\000a\000/\000e\000s\000/\000d\000e\000u\000s\000t\000o\000/\000s\000p\000q\000/\000c\000l\000i\000e\000n\000t\000/\000g\000u\000i\000/\000V\000e\000n\000t\000a\000n\000a\000E\000v\000e\000n\000t\000o\000s\000.\000j\000a\000v\000a\000\040\000F\000i\000l\000e\000\040\000R\000e\000f\000e\000r\000e\000n\000c\000e}{chapter.7}% 383
\BOOKMARK [1][-]{section.7.13}{\376\377\0007\000.\0001\0003\000\040\000s\000r\000c\000/\000m\000a\000i\000n\000/\000j\000a\000v\000a\000/\000e\000s\000/\000d\000e\000u\000s\000t\000o\000/\000s\000p\000q\000/\000c\000l\000i\000e\000n\000t\000/\000g\000u\000i\000/\000V\000e\000n\000t\000a\000n\000a\000F\000e\000e\000d\000b\000a\000c\000k\000.\000j\000a\000v\000a\000\040\000F\000i\000l\000e\000\040\000R\000e\000f\000e\000r\000e\000n\000c\000e}{chapter.7}% 384
\BOOKMARK [1][-]{section.7.14}{\376\377\0007\000.\0001\0004\000\040\000s\000r\000c\000/\000m\000a\000i\000n\000/\000j\000a\000v\000a\000/\000e\000s\000/\000d\000e\000u\000s\000t\000o\000/\000s\000p\000q\000/\000c\000l\000i\000e\000n\000t\000/\000g\000u\000i\000/\000V\000e\000n\000t\000a\000n\000a\000I\000n\000i\000c\000i\000o\000S\000e\000s\000i\000o\000n\000.\000j\000a\000v\000a\000\040\000F\000i\000l\000e\000\040\000R\000e\000f\000e\000r\000e\000n\000c\000e}{chapter.7}% 385
\BOOKMARK [1][-]{section.7.15}{\376\377\0007\000.\0001\0005\000\040\000s\000r\000c\000/\000m\000a\000i\000n\000/\000j\000a\000v\000a\000/\000e\000s\000/\000d\000e\000u\000s\000t\000o\000/\000s\000p\000q\000/\000c\000l\000i\000e\000n\000t\000/\000g\000u\000i\000/\000V\000e\000n\000t\000a\000n\000a\000M\000e\000n\000u\000.\000j\000a\000v\000a\000\040\000F\000i\000l\000e\000\040\000R\000e\000f\000e\000r\000e\000n\000c\000e}{chapter.7}% 386
\BOOKMARK [1][-]{section.7.16}{\376\377\0007\000.\0001\0006\000\040\000s\000r\000c\000/\000m\000a\000i\000n\000/\000j\000a\000v\000a\000/\000e\000s\000/\000d\000e\000u\000s\000t\000o\000/\000s\000p\000q\000/\000c\000l\000i\000e\000n\000t\000/\000g\000u\000i\000/\000V\000e\000n\000t\000a\000n\000a\000M\000o\000s\000t\000r\000a\000r\000R\000e\000s\000e\000r\000v\000a\000s\000.\000j\000a\000v\000a\000\040\000F\000i\000l\000e\000\040\000R\000e\000f\000e\000r\000e\000n\000c\000e}{chapter.7}% 387
\BOOKMARK [1][-]{section.7.17}{\376\377\0007\000.\0001\0007\000\040\000s\000r\000c\000/\000m\000a\000i\000n\000/\000j\000a\000v\000a\000/\000e\000s\000/\000d\000e\000u\000s\000t\000o\000/\000s\000p\000q\000/\000c\000l\000i\000e\000n\000t\000/\000g\000u\000i\000/\000V\000e\000n\000t\000a\000n\000a\000R\000e\000g\000i\000s\000t\000r\000o\000.\000j\000a\000v\000a\000\040\000F\000i\000l\000e\000\040\000R\000e\000f\000e\000r\000e\000n\000c\000e}{chapter.7}% 388
\BOOKMARK [1][-]{section.7.18}{\376\377\0007\000.\0001\0008\000\040\000s\000r\000c\000/\000m\000a\000i\000n\000/\000j\000a\000v\000a\000/\000e\000s\000/\000d\000e\000u\000s\000t\000o\000/\000s\000p\000q\000/\000c\000l\000i\000e\000n\000t\000/\000g\000u\000i\000/\000V\000e\000n\000t\000a\000n\000a\000R\000e\000s\000e\000r\000v\000a\000s\000.\000j\000a\000v\000a\000\040\000F\000i\000l\000e\000\040\000R\000e\000f\000e\000r\000e\000n\000c\000e}{chapter.7}% 389
\BOOKMARK [1][-]{section.7.19}{\376\377\0007\000.\0001\0009\000\040\000s\000r\000c\000/\000m\000a\000i\000n\000/\000j\000a\000v\000a\000/\000e\000s\000/\000d\000e\000u\000s\000t\000o\000/\000s\000p\000q\000/\000c\000l\000i\000e\000n\000t\000/\000g\000u\000i\000/\000V\000e\000n\000t\000a\000n\000a\000R\000e\000s\000e\000r\000v\000a\000s\000A\000d\000m\000i\000n\000.\000j\000a\000v\000a\000\040\000F\000i\000l\000e\000\040\000R\000e\000f\000e\000r\000e\000n\000c\000e}{chapter.7}% 390
\BOOKMARK [1][-]{section.7.20}{\376\377\0007\000.\0002\0000\000\040\000s\000r\000c\000/\000m\000a\000i\000n\000/\000j\000a\000v\000a\000/\000e\000s\000/\000d\000e\000u\000s\000t\000o\000/\000s\000p\000q\000/\000c\000l\000i\000e\000n\000t\000/\000g\000u\000i\000/\000V\000e\000n\000t\000a\000n\000a\000U\000s\000u\000a\000r\000i\000o\000s\000A\000d\000m\000i\000n\000.\000j\000a\000v\000a\000\040\000F\000i\000l\000e\000\040\000R\000e\000f\000e\000r\000e\000n\000c\000e}{chapter.7}% 391
\BOOKMARK [1][-]{section.7.21}{\376\377\0007\000.\0002\0001\000\040\000s\000r\000c\000/\000m\000a\000i\000n\000/\000j\000a\000v\000a\000/\000e\000s\000/\000d\000e\000u\000s\000t\000o\000/\000s\000p\000q\000/\000c\000l\000i\000e\000n\000t\000/\000H\000a\000b\000i\000t\000a\000c\000i\000o\000n\000.\000j\000a\000v\000a\000\040\000F\000i\000l\000e\000\040\000R\000e\000f\000e\000r\000e\000n\000c\000e}{chapter.7}% 392
\BOOKMARK [1][-]{section.7.22}{\376\377\0007\000.\0002\0002\000\040\000s\000r\000c\000/\000m\000a\000i\000n\000/\000j\000a\000v\000a\000/\000e\000s\000/\000d\000e\000u\000s\000t\000o\000/\000s\000p\000q\000/\000c\000l\000i\000e\000n\000t\000/\000M\000a\000i\000n\000.\000j\000a\000v\000a\000\040\000F\000i\000l\000e\000\040\000R\000e\000f\000e\000r\000e\000n\000c\000e}{chapter.7}% 393
\BOOKMARK [1][-]{section.7.23}{\376\377\0007\000.\0002\0003\000\040\000s\000r\000c\000/\000m\000a\000i\000n\000/\000j\000a\000v\000a\000/\000e\000s\000/\000d\000e\000u\000s\000t\000o\000/\000s\000p\000q\000/\000s\000e\000r\000v\000e\000r\000/\000M\000a\000i\000n\000.\000j\000a\000v\000a\000\040\000F\000i\000l\000e\000\040\000R\000e\000f\000e\000r\000e\000n\000c\000e}{chapter.7}% 394
\BOOKMARK [1][-]{section.7.24}{\376\377\0007\000.\0002\0004\000\040\000s\000r\000c\000/\000m\000a\000i\000n\000/\000j\000a\000v\000a\000/\000e\000s\000/\000d\000e\000u\000s\000t\000o\000/\000s\000p\000q\000/\000c\000l\000i\000e\000n\000t\000/\000R\000e\000s\000e\000r\000v\000a\000.\000j\000a\000v\000a\000\040\000F\000i\000l\000e\000\040\000R\000e\000f\000e\000r\000e\000n\000c\000e}{chapter.7}% 395
\BOOKMARK [1][-]{section.7.25}{\376\377\0007\000.\0002\0005\000\040\000s\000r\000c\000/\000m\000a\000i\000n\000/\000j\000a\000v\000a\000/\000e\000s\000/\000d\000e\000u\000s\000t\000o\000/\000s\000p\000q\000/\000c\000l\000i\000e\000n\000t\000/\000R\000W\000E\000x\000c\000e\000p\000t\000i\000o\000n\000.\000j\000a\000v\000a\000\040\000F\000i\000l\000e\000\040\000R\000e\000f\000e\000r\000e\000n\000c\000e}{chapter.7}% 396
\BOOKMARK [1][-]{section.7.26}{\376\377\0007\000.\0002\0006\000\040\000s\000r\000c\000/\000m\000a\000i\000n\000/\000j\000a\000v\000a\000/\000e\000s\000/\000d\000e\000u\000s\000t\000o\000/\000s\000p\000q\000/\000c\000l\000i\000e\000n\000t\000/\000S\000e\000r\000v\000i\000c\000e\000L\000o\000c\000a\000t\000o\000r\000.\000j\000a\000v\000a\000\040\000F\000i\000l\000e\000\040\000R\000e\000f\000e\000r\000e\000n\000c\000e}{chapter.7}% 397
\BOOKMARK [1][-]{section.7.27}{\376\377\0007\000.\0002\0007\000\040\000s\000r\000c\000/\000m\000a\000i\000n\000/\000j\000a\000v\000a\000/\000e\000s\000/\000d\000e\000u\000s\000t\000o\000/\000s\000p\000q\000/\000s\000e\000r\000v\000e\000r\000/\000D\000B\000M\000a\000n\000a\000g\000e\000r\000.\000j\000a\000v\000a\000\040\000F\000i\000l\000e\000\040\000R\000e\000f\000e\000r\000e\000n\000c\000e}{chapter.7}% 398
\BOOKMARK [1][-]{section.7.28}{\376\377\0007\000.\0002\0008\000\040\000s\000r\000c\000/\000m\000a\000i\000n\000/\000j\000a\000v\000a\000/\000e\000s\000/\000d\000e\000u\000s\000t\000o\000/\000s\000p\000q\000/\000s\000e\000r\000v\000e\000r\000/\000I\000R\000e\000m\000o\000t\000e\000F\000a\000c\000a\000d\000e\000.\000j\000a\000v\000a\000\040\000F\000i\000l\000e\000\040\000R\000e\000f\000e\000r\000e\000n\000c\000e}{chapter.7}% 399
\BOOKMARK [1][-]{section.7.29}{\376\377\0007\000.\0002\0009\000\040\000s\000r\000c\000/\000m\000a\000i\000n\000/\000j\000a\000v\000a\000/\000e\000s\000/\000d\000e\000u\000s\000t\000o\000/\000s\000p\000q\000/\000s\000e\000r\000v\000e\000r\000/\000R\000e\000m\000o\000t\000e\000F\000a\000c\000a\000d\000e\000.\000j\000a\000v\000a\000\040\000F\000i\000l\000e\000\040\000R\000e\000f\000e\000r\000e\000n\000c\000e}{chapter.7}% 400
\BOOKMARK [1][-]{section.7.30}{\376\377\0007\000.\0003\0000\000\040\000s\000r\000c\000/\000t\000e\000s\000t\000/\000j\000a\000v\000a\000/\000e\000s\000/\000d\000e\000u\000s\000t\000o\000/\000s\000p\000q\000/\000c\000l\000i\000e\000n\000t\000/\000C\000l\000i\000e\000n\000t\000e\000T\000e\000s\000t\000.\000j\000a\000v\000a\000\040\000F\000i\000l\000e\000\040\000R\000e\000f\000e\000r\000e\000n\000c\000e}{chapter.7}% 401
\BOOKMARK [1][-]{section.7.31}{\376\377\0007\000.\0003\0001\000\040\000s\000r\000c\000/\000t\000e\000s\000t\000/\000j\000a\000v\000a\000/\000e\000s\000/\000d\000e\000u\000s\000t\000o\000/\000s\000p\000q\000/\000c\000l\000i\000e\000n\000t\000/\000C\000o\000n\000t\000r\000o\000l\000l\000e\000r\000T\000e\000s\000t\000.\000j\000a\000v\000a\000\040\000F\000i\000l\000e\000\040\000R\000e\000f\000e\000r\000e\000n\000c\000e}{chapter.7}% 402
\BOOKMARK [1][-]{section.7.32}{\376\377\0007\000.\0003\0002\000\040\000s\000r\000c\000/\000t\000e\000s\000t\000/\000j\000a\000v\000a\000/\000e\000s\000/\000d\000e\000u\000s\000t\000o\000/\000s\000p\000q\000/\000c\000l\000i\000e\000n\000t\000/\000H\000a\000b\000i\000t\000a\000c\000i\000o\000n\000T\000e\000s\000t\000.\000j\000a\000v\000a\000\040\000F\000i\000l\000e\000\040\000R\000e\000f\000e\000r\000e\000n\000c\000e}{chapter.7}% 403
\BOOKMARK [1][-]{section.7.33}{\376\377\0007\000.\0003\0003\000\040\000s\000r\000c\000/\000t\000e\000s\000t\000/\000j\000a\000v\000a\000/\000e\000s\000/\000d\000e\000u\000s\000t\000o\000/\000s\000p\000q\000/\000c\000l\000i\000e\000n\000t\000/\000R\000e\000s\000e\000r\000v\000a\000T\000e\000s\000t\000.\000j\000a\000v\000a\000\040\000F\000i\000l\000e\000\040\000R\000e\000f\000e\000r\000e\000n\000c\000e}{chapter.7}% 404
\BOOKMARK [1][-]{section.7.34}{\376\377\0007\000.\0003\0004\000\040\000s\000r\000c\000/\000t\000e\000s\000t\000/\000j\000a\000v\000a\000/\000e\000s\000/\000d\000e\000u\000s\000t\000o\000/\000s\000p\000q\000/\000s\000e\000r\000v\000e\000r\000/\000R\000e\000m\000o\000t\000e\000F\000a\000c\000a\000d\000e\000T\000e\000s\000t\000.\000j\000a\000v\000a\000\040\000F\000i\000l\000e\000\040\000R\000e\000f\000e\000r\000e\000n\000c\000e}{chapter.7}% 405
\BOOKMARK [0][-]{section*.137}{\376\377\000I\000n\000d\000e\000x}{}% 406
