This is pdfTeX, Version 3.141592653-2.6-1.40.22 (MiKTeX 21.2) (preloaded format=pdflatex 2021.5.20)  20 MAY 2021 16:59
entering extended mode
**./refman.tex
(refman.tex
LaTeX2e <2020-10-01> patch level 4
L3 programming layer <2021-02-18> xparse <2020-03-03>
(C:\Users\mikel\AppData\Local\Programs\MiKTeX\tex/latex/base\book.cls
Document Class: book 2020/04/10 v1.4m Standard LaTeX document class
(C:\Users\mikel\AppData\Local\Programs\MiKTeX\tex/latex/base\bk10.clo
File: bk10.clo 2020/04/10 v1.4m Standard LaTeX file (size option)
)
\c@part=\count179
\c@chapter=\count180
\c@section=\count181
\c@subsection=\count182
\c@subsubsection=\count183
\c@paragraph=\count184
\c@subparagraph=\count185
\c@figure=\count186
\c@table=\count187
\abovecaptionskip=\skip47
\belowcaptionskip=\skip48
\bibindent=\dimen138
)
(C:\Users\mikel\AppData\Local\Programs\MiKTeX\tex/latex/base\ifthen.sty
Package: ifthen 2014/09/29 v1.1c Standard LaTeX ifthen package (DPC)
)
(C:\Users\mikel\AppData\Local\Programs\MiKTeX\tex/latex/latex-tools\array.sty
Rollback for package 'array' requested -> date 2016-10-06.
         Best approximation is the release introduced on 2016-10-06.

(C:\Users\mikel\AppData\Local\Programs\MiKTeX\tex/latex/latex-tools\array-2016-
10-06.sty
Package: array 2016/10/06 v2.4d Tabular extension package (FMi)
\col@sep=\dimen139
\extrarowheight=\dimen140
\NC@list=\toks15
\extratabsurround=\skip49
\backup@length=\skip50
))
(C:\Users\mikel\AppData\Local\Programs\MiKTeX\tex/latex/base\fixltx2e.sty
Package: fixltx2e 2016/12/29 v2.1a fixes to LaTeX (obsolete)
Applying: [2015/01/01] Old fixltx2e package on input line 46.


Package fixltx2e Warning: fixltx2e is not required with releases after 2015
(fixltx2e)                All fixes are now in the LaTeX kernel.
(fixltx2e)                See the latexrelease package for details.

Already applied: [0000/00/00] Old fixltx2e package on input line 53.
) (doxygen.sty
Package: doxygen 

(C:\Users\mikel\AppData\Local\Programs\MiKTeX\tex/latex/base\alltt.sty
Package: alltt 1997/06/16 v2.0g defines alltt environment
)
(C:\Users\mikel\AppData\Local\Programs\MiKTeX\tex/latex/latex-tools\calc.sty
Package: calc 2017/05/25 v4.3 Infix arithmetic (KKT,FJ)
\calc@Acount=\count188
\calc@Bcount=\count189
\calc@Adimen=\dimen141
\calc@Bdimen=\dimen142
\calc@Askip=\skip51
\calc@Bskip=\skip52
LaTeX Info: Redefining \setlength on input line 80.
LaTeX Info: Redefining \addtolength on input line 81.
\calc@Ccount=\count190
\calc@Cskip=\skip53
)
(C:\Users\mikel\AppData\Local\Programs\MiKTeX\tex/latex/float\float.sty
Package: float 2001/11/08 v1.3d Float enhancements (AL)
\c@float@type=\count191
\float@exts=\toks16
\float@box=\box47
\@float@everytoks=\toks17
\@floatcapt=\box48
)
(C:\Users\mikel\AppData\Local\Programs\MiKTeX\tex/latex/latex-tools\verbatim.st
y
Package: verbatim 2020-07-07 v1.5u LaTeX2e package for verbatim enhancements
\every@verbatim=\toks18
\verbatim@line=\toks19
\verbatim@in@stream=\read2
) (C:\Users\mikel\AppData\Local\Programs\MiKTeX\tex/latex/xcolor\xcolor.sty
Package: xcolor 2016/05/11 v2.12 LaTeX color extensions (UK)

(C:\Users\mikel\AppData\Local\Programs\MiKTeX\tex/latex/graphics-cfg\color.cfg
File: color.cfg 2016/01/02 v1.6 sample color configuration
)
Package xcolor Info: Driver file: pdftex.def on input line 225.

(C:\Users\mikel\AppData\Local\Programs\MiKTeX\tex/latex/graphics-def\pdftex.def
File: pdftex.def 2020/10/05 v1.2a Graphics/color driver for pdftex
) (C:\Users\mikel\AppData\Local\Programs\MiKTeX\tex/latex/colortbl\colortbl.sty
Package: colortbl 2020/01/04 v1.0e Color table columns (DPC)
\everycr=\toks20
\minrowclearance=\skip54
)
\rownum=\count192
Package xcolor Info: Model `cmy' substituted by `cmy0' on input line 1348.
Package xcolor Info: Model `hsb' substituted by `rgb' on input line 1352.
Package xcolor Info: Model `RGB' extended on input line 1364.
Package xcolor Info: Model `HTML' substituted by `rgb' on input line 1366.
Package xcolor Info: Model `Hsb' substituted by `hsb' on input line 1367.
Package xcolor Info: Model `tHsb' substituted by `hsb' on input line 1368.
Package xcolor Info: Model `HSB' substituted by `hsb' on input line 1369.
Package xcolor Info: Model `Gray' substituted by `gray' on input line 1370.
Package xcolor Info: Model `wave' substituted by `hsb' on input line 1371.
) (longtable_doxygen.sty
Package: longtable_doxygen 2014/10/28 v4.11 Multi-page Table package (DPC) - fr
ozen version for doxygen
\LTleft=\skip55
\LTright=\skip56
\LTpre=\skip57
\LTpost=\skip58
\LTchunksize=\count193
\LTcapwidth=\dimen143
\LT@head=\box49
\LT@firsthead=\box50
\LT@foot=\box51
\LT@lastfoot=\box52
\LT@cols=\count194
\LT@rows=\count195
\c@LT@tables=\count196
\c@LT@chunks=\count197
\LT@p@ftn=\toks21
) (tabu_doxygen.sty
Package: tabu_doxygen 2011/02/26 v2.8 - flexible LaTeX tabulars (FC), frozen ve
rsion for doxygen

(C:\Users\mikel\AppData\Local\Programs\MiKTeX\tex/latex/varwidth\varwidth.sty
Package: varwidth 2009/03/30 ver 0.92;  Variable-width minipages
\@vwid@box=\box53
\sift@deathcycles=\count198
\@vwid@loff=\dimen144
\@vwid@roff=\dimen145
)
\c@taburow=\count199
\tabu@nbcols=\count266
\tabu@cnt=\count267
\tabu@Xcol=\count268
\tabu@alloc=\count269
\tabu@nested=\count270
\tabu@target=\dimen146
\tabu@spreadtarget=\dimen147
\tabu@naturalX=\dimen148
\tabucolX=\dimen149
\tabu@Xsum=\dimen150
\extrarowdepth=\dimen151
\abovetabulinesep=\dimen152
\belowtabulinesep=\dimen153
\tabustrutrule=\dimen154
\tabu@thebody=\toks22
\tabu@footnotes=\toks23
\tabu@box=\box54
\tabu@arstrutbox=\box55
\tabu@hleads=\box56
\tabu@vleads=\box57
\tabu@cellskip=\skip59
) (C:\Users\mikel\AppData\Local\Programs\MiKTeX\tex/latex/fancyvrb\fancyvrb.sty
Package: fancyvrb 2021/01/20 v3.7 verbatim text (tvz,hv)

(C:\Users\mikel\AppData\Local\Programs\MiKTeX\tex/latex/graphics\keyval.sty
Package: keyval 2014/10/28 v1.15 key=value parser (DPC)
\KV@toks@=\toks24
)
\FV@CodeLineNo=\count271
\FV@InFile=\read3
\FV@TabBox=\box58
\c@FancyVerbLine=\count272
\FV@StepNumber=\count273
\FV@OutFile=\write3
)
(C:\Users\mikel\AppData\Local\Programs\MiKTeX\tex/latex/latex-tools\tabularx.st
y
Package: tabularx 2020/01/15 v2.11c `tabularx' package (DPC)
\TX@col@width=\dimen155
\TX@old@table=\dimen156
\TX@old@col=\dimen157
\TX@target=\dimen158
\TX@delta=\dimen159
\TX@cols=\count274
\TX@ftn=\toks25
)
(C:\Users\mikel\AppData\Local\Programs\MiKTeX\tex/latex/latex-tools\multicol.st
y
Package: multicol 2019/12/09 v1.8y multicolumn formatting (FMi)
\c@tracingmulticols=\count275
\mult@box=\box59
\multicol@leftmargin=\dimen160
\c@unbalance=\count276
\c@collectmore=\count277
\doublecol@number=\count278
\multicoltolerance=\count279
\multicolpretolerance=\count280
\full@width=\dimen161
\page@free=\dimen162
\premulticols=\dimen163
\postmulticols=\dimen164
\multicolsep=\skip60
\multicolbaselineskip=\skip61
\partial@page=\box60
\last@line=\box61
\maxbalancingoverflow=\dimen165
\mult@rightbox=\box62
\mult@grightbox=\box63
\mult@gfirstbox=\box64
\mult@firstbox=\box65
\@tempa=\box66
\@tempa=\box67
\@tempa=\box68
\@tempa=\box69
\@tempa=\box70
\@tempa=\box71
\@tempa=\box72
\@tempa=\box73
\@tempa=\box74
\@tempa=\box75
\@tempa=\box76
\@tempa=\box77
\@tempa=\box78
\@tempa=\box79
\@tempa=\box80
\@tempa=\box81
\@tempa=\box82
\@tempa=\box83
\@tempa=\box84
\@tempa=\box85
\@tempa=\box86
\@tempa=\box87
\@tempa=\box88
\@tempa=\box89
\@tempa=\box90
\@tempa=\box91
\@tempa=\box92
\@tempa=\box93
\@tempa=\box94
\@tempa=\box95
\@tempa=\box96
\@tempa=\box97
\@tempa=\box98
\@tempa=\box99
\@tempa=\box100
\@tempa=\box101
\@tempa=\box102
\c@minrows=\count281
\c@columnbadness=\count282
\c@finalcolumnbadness=\count283
\last@try=\dimen166
\multicolovershoot=\dimen167
\multicolundershoot=\dimen168
\mult@nat@firstbox=\box103
\colbreak@box=\box104
\mc@col@check@num=\count284
)
(C:\Users\mikel\AppData\Local\Programs\MiKTeX\tex/latex/multirow\multirow.sty
Package: multirow 2021/03/15 v2.8 Span multiple rows of a table
\multirow@colwidth=\skip62
\multirow@cntb=\count285
\multirow@dima=\skip63
\bigstrutjot=\dimen169
)
(C:\Users\mikel\AppData\Local\Programs\MiKTeX\tex/latex/hanging\hanging.sty
Package: hanging 2009/09/02 v1.2b hanging paragraphs and punctuation
\h@ngcommawd=\skip64
\h@ngfstopwd=\skip65
\h@ngquotewd=\skip66
\h@ngdquotewd=\skip67
\h@ngquerywd=\skip68
\h@ngexclwd=\skip69
\h@ngcolonwd=\skip70
\h@ngscolonwd=\skip71
)
(C:\Users\mikel\AppData\Local\Programs\MiKTeX\tex/generic/iftex\ifpdf.sty
Package: ifpdf 2019/10/25 v3.4 ifpdf legacy package. Use iftex instead.

(C:\Users\mikel\AppData\Local\Programs\MiKTeX\tex/generic/iftex\iftex.sty
Package: iftex 2020/03/06 v1.0d TeX engine tests
))
(C:\Users\mikel\AppData\Local\Programs\MiKTeX\tex/latex/adjustbox\adjustbox.sty
Package: adjustbox 2020/08/19 v1.3 Adjusting TeX boxes (trim, clip, ...)
(C:\Users\mikel\AppData\Local\Programs\MiKTeX\tex/latex/xkeyval\xkeyval.sty
Package: xkeyval 2020/11/20 v2.8 package option processing (HA)

(C:\Users\mikel\AppData\Local\Programs\MiKTeX\tex/generic/xkeyval\xkeyval.tex
(C:\Users\mikel\AppData\Local\Programs\MiKTeX\tex/generic/xkeyval\xkvutils.tex
\XKV@toks=\toks26
\XKV@tempa@toks=\toks27
)
\XKV@depth=\count286
File: xkeyval.tex 2014/12/03 v2.7a key=value parser (HA)
))
(C:\Users\mikel\AppData\Local\Programs\MiKTeX\tex/latex/adjustbox\adjcalc.sty
Package: adjcalc 2012/05/16 v1.1 Provides advanced setlength with multiple back
-ends (calc, etex, pgfmath)
)
(C:\Users\mikel\AppData\Local\Programs\MiKTeX\tex/latex/adjustbox\trimclip.sty
Package: trimclip 2020/08/19 v1.2 Trim and clip general TeX material

(C:\Users\mikel\AppData\Local\Programs\MiKTeX\tex/latex/graphics\graphicx.sty
Package: graphicx 2020/09/09 v1.2b Enhanced LaTeX Graphics (DPC,SPQR)

(C:\Users\mikel\AppData\Local\Programs\MiKTeX\tex/latex/graphics\graphics.sty
Package: graphics 2020/08/30 v1.4c Standard LaTeX Graphics (DPC,SPQR)

(C:\Users\mikel\AppData\Local\Programs\MiKTeX\tex/latex/graphics\trig.sty
Package: trig 2016/01/03 v1.10 sin cos tan (DPC)
)
(C:\Users\mikel\AppData\Local\Programs\MiKTeX\tex/latex/graphics-cfg\graphics.c
fg
File: graphics.cfg 2016/06/04 v1.11 sample graphics configuration
)
Package graphics Info: Driver file: pdftex.def on input line 105.
)
\Gin@req@height=\dimen170
\Gin@req@width=\dimen171
)
(C:\Users\mikel\AppData\Local\Programs\MiKTeX\tex/latex/collectbox\collectbox.s
ty
Package: collectbox 2012/05/17 v0.4b Collect macro arguments as boxes
\collectedbox=\box105
)
\tc@llx=\dimen172
\tc@lly=\dimen173
\tc@urx=\dimen174
\tc@ury=\dimen175
Package trimclip Info: Using driver 'tc-pdftex.def'.

(C:\Users\mikel\AppData\Local\Programs\MiKTeX\tex/latex/adjustbox\tc-pdftex.def
File: tc-pdftex.def 2019/01/04 v2.2 Clipping driver for pdftex
))
\adjbox@Width=\dimen176
\adjbox@Height=\dimen177
\adjbox@Depth=\dimen178
\adjbox@Totalheight=\dimen179
\adjbox@pwidth=\dimen180
\adjbox@pheight=\dimen181
\adjbox@pdepth=\dimen182
\adjbox@ptotalheight=\dimen183

(C:\Users\mikel\AppData\Local\Programs\MiKTeX\tex/latex/ifoddpage\ifoddpage.sty
Package: ifoddpage 2016/04/23 v1.1 Conditionals for odd/even page detection
\c@checkoddpage=\count287
)) (C:\Users\mikel\AppData\Local\Programs\MiKTeX\tex/latex/amsfonts\amssymb.sty
Package: amssymb 2013/01/14 v3.01 AMS font symbols
(C:\Users\mikel\AppData\Local\Programs\MiKTeX\tex/latex/amsfonts\amsfonts.sty
Package: amsfonts 2013/01/14 v3.01 Basic AMSFonts support
\@emptytoks=\toks28
\symAMSa=\mathgroup4
\symAMSb=\mathgroup5
LaTeX Font Info:    Redeclaring math symbol \hbar on input line 98.
LaTeX Font Info:    Overwriting math alphabet `\mathfrak' in version `bold'
(Font)                  U/euf/m/n --> U/euf/b/n on input line 106.
))
(C:\Users\mikel\AppData\Local\Programs\MiKTeX\tex/latex/stackengine\stackengine
.sty
Package: stackengine 2017/02/13 v4.01\ Stacking text and objects in convenient 
ways

(C:\Users\mikel\AppData\Local\Programs\MiKTeX\tex/latex/etoolbox\etoolbox.sty
Package: etoolbox 2020/10/05 v2.5k e-TeX tools for LaTeX (JAW)
\etb@tempcnta=\count288
)
(C:\Users\mikel\AppData\Local\Programs\MiKTeX\tex/latex/listofitems\listofitems
.sty
(C:\Users\mikel\AppData\Local\Programs\MiKTeX\tex/generic/listofitems\listofite
ms.tex
\loi_cnt_foreach_nest=\count289
\loi_nestcnt=\count290
)
Package: listofitems 2019/08/21 v1.63 Grab items in lists using user-specified 
sep char (CT)
)
\c@@stackindex=\count291
\@boxshift=\skip72
\stack@tmplength=\skip73
\temp@stkl=\skip74
\@stackedboxwidth=\skip75
\@addedbox=\box106
\@anchorbox=\box107
\stackedbox=\box108
\@centerbox=\box109
\c@ROWcellindex@=\count292
) (C:\Users\mikel\AppData\Local\Programs\MiKTeX\tex/latex/ulem\ulem.sty
\UL@box=\box110
\UL@hyphenbox=\box111
\UL@skip=\skip76
\UL@hook=\toks29
\UL@height=\dimen184
\UL@pe=\count293
\UL@pixel=\dimen185
\ULC@box=\box112
Package: ulem 2019/11/18
\ULdepth=\dimen186
)
\xrefbox=\box113
\xreflength=\skip77
\CodeWidthChar=\skip78
\CodeHeightChar=\skip79
\DoxyCodeWidth=\skip80
) (C:\Users\mikel\AppData\Local\Programs\MiKTeX\tex/latex/base\inputenc.sty
Package: inputenc 2020/08/01 v1.3d Input encoding file
\inpenc@prehook=\toks30
\inpenc@posthook=\toks31
)
(C:\Users\mikel\AppData\Local\Programs\MiKTeX\tex/latex/base\makeidx.sty
Package: makeidx 2014/09/29 v1.0m Standard LaTeX package
)
(C:\Users\mikel\AppData\Local\Programs\MiKTeX\tex/latex/base\textcomp.sty
Package: textcomp 2020/02/02 v2.0n Standard LaTeX package
)
(C:\Users\mikel\AppData\Local\Programs\MiKTeX\tex/latex/wasysym\wasysym.sty
Package: wasysym 2020/01/19 v2.4 Wasy-2 symbol support package
\symwasy=\mathgroup6
LaTeX Font Info:    Overwriting symbol font `wasy' in version `bold'
(Font)                  U/wasy/m/n --> U/wasy/b/n on input line 93.
)
(C:\Users\mikel\AppData\Local\Programs\MiKTeX\tex/generic/iftex\ifxetex.sty
Package: ifxetex 2019/10/25 v0.7 ifxetex legacy package. Use iftex instead.
)
(C:\Users\mikel\AppData\Local\Programs\MiKTeX\tex/latex/base\fontenc.sty
Package: fontenc 2020/08/10 v2.0s Standard LaTeX package
)
(C:\Users\mikel\AppData\Local\Programs\MiKTeX\tex/latex/psnfss\helvet.sty
Package: helvet 2020/03/25 PSNFSS-v9.3 (WaS) 
)
(C:\Users\mikel\AppData\Local\Programs\MiKTeX\tex/latex/psnfss\courier.sty
Package: courier 2020/03/25 PSNFSS-v9.3 (WaS) 
)
(C:\Users\mikel\AppData\Local\Programs\MiKTeX\tex/latex/sectsty\sectsty.sty
Package: sectsty 2002/02/25 v2.0.2 Commands to change all sectional heading sty
les


LaTeX Warning: Command \underbar  has changed.
               Check if current package is valid.


LaTeX Warning: Command \underline  has changed.
               Check if current package is valid.

) (C:\Users\mikel\AppData\Local\Programs\MiKTeX\tex/latex/geometry\geometry.sty
Package: geometry 2020/01/02 v5.9 Page Geometry
(C:\Users\mikel\AppData\Local\Programs\MiKTeX\tex/generic/iftex\ifvtex.sty
Package: ifvtex 2019/10/25 v1.7 ifvtex legacy package. Use iftex instead.
)
\Gm@cnth=\count294
\Gm@cntv=\count295
\c@Gm@tempcnt=\count296
\Gm@bindingoffset=\dimen187
\Gm@wd@mp=\dimen188
\Gm@odd@mp=\dimen189
\Gm@even@mp=\dimen190
\Gm@layoutwidth=\dimen191
\Gm@layoutheight=\dimen192
\Gm@layouthoffset=\dimen193
\Gm@layoutvoffset=\dimen194
\Gm@dimlist=\toks32

(C:\Users\mikel\AppData\Local\Programs\MiKTeX\tex/latex/geometry\geometry.cfg))
(C:\Users\mikel\AppData\Local\Programs\MiKTeX\tex/latex/fancyhdr\fancyhdr.sty
Package: fancyhdr 2021/01/28 v4.0.1 Extensive control of page headers and foote
rs
\f@nch@headwidth=\skip81
\f@nch@O@elh=\skip82
\f@nch@O@erh=\skip83
\f@nch@O@olh=\skip84
\f@nch@O@orh=\skip85
\f@nch@O@elf=\skip86
\f@nch@O@erf=\skip87
\f@nch@O@olf=\skip88
\f@nch@O@orf=\skip89
)
(C:\Users\mikel\AppData\Local\Programs\MiKTeX\tex/latex/natbib\natbib.sty
Package: natbib 2010/09/13 8.31b (PWD, AO)
\bibhang=\skip90
\bibsep=\skip91
LaTeX Info: Redefining \cite on input line 694.
\c@NAT@ctr=\count297
)
(C:\Users\mikel\AppData\Local\Programs\MiKTeX\tex/latex/tocloft\tocloft.sty
Package: tocloft 2017/08/31 v2.3i parameterised ToC, etc., typesetting
Package tocloft Info: The document has chapter divisions on input line 51.
\cftparskip=\skip92
\cftbeforetoctitleskip=\skip93
\cftaftertoctitleskip=\skip94
\cftbeforepartskip=\skip95
\cftpartnumwidth=\skip96
\cftpartindent=\skip97
\cftbeforechapskip=\skip98
\cftchapindent=\skip99
\cftchapnumwidth=\skip100
\cftbeforesecskip=\skip101
\cftsecindent=\skip102
\cftsecnumwidth=\skip103
\cftbeforesubsecskip=\skip104
\cftsubsecindent=\skip105
\cftsubsecnumwidth=\skip106
\cftbeforesubsubsecskip=\skip107
\cftsubsubsecindent=\skip108
\cftsubsubsecnumwidth=\skip109
\cftbeforeparaskip=\skip110
\cftparaindent=\skip111
\cftparanumwidth=\skip112
\cftbeforesubparaskip=\skip113
\cftsubparaindent=\skip114
\cftsubparanumwidth=\skip115
\cftbeforeloftitleskip=\skip116
\cftafterloftitleskip=\skip117
\cftbeforefigskip=\skip118
\cftfigindent=\skip119
\cftfignumwidth=\skip120
\c@lofdepth=\count298
\c@lotdepth=\count299
\cftbeforelottitleskip=\skip121
\cftafterlottitleskip=\skip122
\cftbeforetabskip=\skip123
\cfttabindent=\skip124
\cfttabnumwidth=\skip125
)
\@indexfile=\write4
\openout4 = `refman.idx'.


Writing index file refman.idx

(C:\Users\mikel\AppData\Local\Programs\MiKTeX\tex/latex/newunicodechar\newunico
dechar.sty
Package: newunicodechar 2018/04/08 v1.2 Defining Unicode characters
)

Package newunicodechar Warning: Redefining Unicode character on input line 115.



Package newunicodechar Warning: Redefining Unicode character on input line 116.


(C:\Users\mikel\AppData\Local\Programs\MiKTeX\tex/latex/caption\caption.sty
Package: caption 2020/10/26 v3.5g Customizing captions (AR)

(C:\Users\mikel\AppData\Local\Programs\MiKTeX\tex/latex/caption\caption3.sty
Package: caption3 2020/10/21 v2.2e caption3 kernel (AR)
\captionmargin=\dimen195
\captionmargin@=\dimen196
\captionwidth=\dimen197
\caption@tempdima=\dimen198
\caption@indent=\dimen199
\caption@parindent=\dimen256
\caption@hangindent=\dimen257
Package caption Info: Standard document class detected.
)
\c@caption@flags=\count300
\c@continuedfloat=\count301
Package caption Info: float package is loaded.
Package caption Info: longtable package is loaded.

(C:\Users\mikel\AppData\Local\Programs\MiKTeX\tex/latex/caption\ltcaption.sty
Package: ltcaption 2020/05/30 v1.4b longtable captions (AR)
)) (C:\Users\mikel\AppData\Local\Programs\MiKTeX\tex/latex/etoc\etoc.sty
Package: etoc 2020/05/15 v1.09c Completely customisable TOCs (JFB)
\Etoc@toctoks=\toks33
\c@etoc@tocid=\count302
\c@etoc@tocdepth=\count303
\etoc@framed@titlebox=\box114
\etoc@framed@contentsbox=\box115
)
LaTeX Font Info:    Trying to load font information for T1+phv on input line 13
1.

(C:\Users\mikel\AppData\Local\Programs\MiKTeX\tex/latex/psnfss\t1phv.fd
File: t1phv.fd 2020/03/25 scalable font definitions for T1/phv.
)
LaTeX Font Info:    Font shape `T1/phv/m/n' will be
(Font)              scaled to size 8.99994pt on input line 131.

(C:\Users\mikel\AppData\Local\Programs\MiKTeX\tex/latex/l3backend\l3backend-pdf
tex.def
File: l3backend-pdftex.def 2021-02-18 L3 backend support: PDF output (pdfTeX)
\l__color_backend_stack_int=\count304
\l__pdf_internal_box=\box116
) (refman.aux)
\openout1 = `refman.aux'.

LaTeX Font Info:    Checking defaults for OML/cmm/m/it on input line 131.
LaTeX Font Info:    ... okay on input line 131.
LaTeX Font Info:    Checking defaults for OMS/cmsy/m/n on input line 131.
LaTeX Font Info:    ... okay on input line 131.
LaTeX Font Info:    Checking defaults for OT1/cmr/m/n on input line 131.
LaTeX Font Info:    ... okay on input line 131.
LaTeX Font Info:    Checking defaults for T1/cmr/m/n on input line 131.
LaTeX Font Info:    ... okay on input line 131.
LaTeX Font Info:    Checking defaults for TS1/cmr/m/n on input line 131.
LaTeX Font Info:    ... okay on input line 131.
LaTeX Font Info:    Checking defaults for OMX/cmex/m/n on input line 131.
LaTeX Font Info:    ... okay on input line 131.
LaTeX Font Info:    Checking defaults for U/cmr/m/n on input line 131.
LaTeX Font Info:    ... okay on input line 131.

(C:\Users\mikel\AppData\Local\Programs\MiKTeX\tex/context/base/mkii\supp-pdf.mk
ii
[Loading MPS to PDF converter (version 2006.09.02).]
\scratchcounter=\count305
\scratchdimen=\dimen258
\scratchbox=\box117
\nofMPsegments=\count306
\nofMParguments=\count307
\everyMPshowfont=\toks34
\MPscratchCnt=\count308
\MPscratchDim=\dimen259
\MPnumerator=\count309
\makeMPintoPDFobject=\count310
\everyMPtoPDFconversion=\toks35
)
(C:\Users\mikel\AppData\Local\Programs\MiKTeX\tex/latex/epstopdf-pkg\epstopdf-b
ase.sty
Package: epstopdf-base 2020-01-24 v2.11 Base part for package epstopdf
Package epstopdf-base Info: Redefining graphics rule for `.eps' on input line 4
85.
)
*geometry* driver: auto-detecting
*geometry* detected driver: pdftex
*geometry* verbose mode - [ preamble ] result:
* driver: pdftex
* paper: a4paper
* layout: <same size as paper>
* layoutoffset:(h,v)=(0.0pt,0.0pt)
* modes: twoside 
* h-part:(L,W,R)=(71.13188pt, 455.24411pt, 71.13188pt)
* v-part:(T,H,B)=(71.13188pt, 702.78308pt, 71.13188pt)
* \paperwidth=597.50787pt
* \paperheight=845.04684pt
* \textwidth=455.24411pt
* \textheight=702.78308pt
* \oddsidemargin=-1.1381pt
* \evensidemargin=-1.1381pt
* \topmargin=-31.2056pt
* \headheight=12.0pt
* \headsep=18.06749pt
* \topskip=10.0pt
* \footskip=25.29494pt
* \marginparwidth=125.0pt
* \marginparsep=7.0pt
* \columnsep=10.0pt
* \skip\footins=9.0pt plus 4.0pt minus 2.0pt
* \hoffset=0.0pt
* \voffset=0.0pt
* \mag=1000
* \@twocolumnfalse
* \@twosidetrue
* \@mparswitchtrue
* \@reversemarginfalse
* (1in=72.27pt=25.4mm, 1cm=28.453pt)

Package caption Info: Begin \AtBeginDocument code.
Package caption Info: End \AtBeginDocument code.
\Etoc@tf=\read4
LaTeX Font Info:    Font shape `T1/phv/m/n' will be
(Font)              scaled to size 12.9599pt on input line 139.
LaTeX Font Info:    Font shape `T1/phv/m/n' will be
(Font)              scaled to size 6.29996pt on input line 139.
LaTeX Font Info:    Trying to load font information for U+msa on input line 139
.
(C:\Users\mikel\AppData\Local\Programs\MiKTeX\tex/latex/amsfonts\umsa.fd
File: umsa.fd 2013/01/14 v3.01 AMS symbols A
)
LaTeX Font Info:    Trying to load font information for U+msb on input line 139
.

(C:\Users\mikel\AppData\Local\Programs\MiKTeX\tex/latex/amsfonts\umsb.fd
File: umsb.fd 2013/01/14 v3.01 AMS symbols B
)
LaTeX Font Info:    Trying to load font information for U+wasy on input line 13
9.

(C:\Users\mikel\AppData\Local\Programs\MiKTeX\tex/latex/wasysym\uwasy.fd
File: uwasy.fd 2020/01/19 v2.4 Wasy-2 symbol font definitions
)
LaTeX Font Info:    Font shape `T1/phv/m/n' will be
(Font)              scaled to size 10.79993pt on input line 141.

[1


{C:/Users/mikel/AppData/Local/MiKTeX/pdftex/config/pdftex.map}] [2

]
\tf@toc=\write5
\openout5 = `refman.toc'.

LaTeX Font Info:    Font shape `T1/phv/b/n' will be
(Font)              scaled to size 8.99994pt on input line 147.
LaTeX Font Info:    Font shape `T1/phv/m/n' will be
(Font)              scaled to size 7.19995pt on input line 147.
LaTeX Font Info:    Trying to load font information for T1+pcr on input line 14
7.

(C:\Users\mikel\AppData\Local\Programs\MiKTeX\tex/latex/psnfss\t1pcr.fd
File: t1pcr.fd 2001/06/04 font definitions for T1/pcr.
)
LaTeX Font Info:    Font shape `T1/phv/b/n' will be
(Font)              scaled to size 6.29996pt on input line 147.

[1] [2] [3] [4] [5] [6] [7] [8] [9] [10]
Chapter 1.
LaTeX Font Info:    Font shape `T1/phv/m/n' will be
(Font)              scaled to size 18.66588pt on input line 151.
LaTeX Font Info:    Font shape `T1/phv/b/n' will be
(Font)              scaled to size 18.66588pt on input line 151.
LaTeX Font Info:    Font shape `T1/phv/bc/n' will be
(Font)              scaled to size 18.66588pt on input line 151.
LaTeX Font Info:    Font shape `T1/phv/m/n' will be
(Font)              scaled to size 22.39185pt on input line 151.
LaTeX Font Info:    Font shape `T1/phv/b/n' will be
(Font)              scaled to size 22.39185pt on input line 151.
LaTeX Font Info:    Font shape `T1/phv/bc/n' will be
(Font)              scaled to size 22.39185pt on input line 151.
(namespaces.tex
LaTeX Font Info:    Font shape `T1/phv/b/n' will be
(Font)              scaled to size 12.9599pt on input line 1.
) [1


] [2

]
Chapter 2.
(hierarchy.tex [3]) [4]
Chapter 3.
(annotated.tex) [5

] [6

]
Chapter 4.
(files.tex) [7] [8

]
Chapter 5.
(namespacees_1_1deusto_1_1spq_1_1client.tex
LaTeX Font Info:    Font shape `T1/phv/b/n' will be
(Font)              scaled to size 10.79993pt on input line 3.
LaTeX Font Info:    Trying to load font information for TS1+phv on input line 6
.

(C:\Users\mikel\AppData\Local\Programs\MiKTeX\tex/latex/psnfss\ts1phv.fd
File: ts1phv.fd 2020/03/25 scalable font definitions for TS1/phv.
)
LaTeX Font Info:    Font shape `TS1/phv/m/n' will be
(Font)              scaled to size 8.99994pt on input line 6.
)
(namespacees_1_1deusto_1_1spq_1_1client_1_1gui.tex)
(namespacees_1_1deusto_1_1spq_1_1server.tex [9]) [10]
Chapter 6.
(classes_1_1deusto_1_1spq_1_1client_1_1_cliente.tex
LaTeX Font Info:    Font shape `T1/phv/bc/n' will be
(Font)              scaled to size 8.99994pt on input line 44.

Underfull \hbox (badness 10000) detected at line 44
[][][]
 []

LaTeX Font Info:    Font shape `T1/phv/b/n' will be
(Font)              scaled to size 7.19995pt on input line 57.
LaTeX Font Info:    Font shape `T1/pcr/m/it' in size <8> not available
(Font)              Font shape `T1/pcr/m/sl' tried instead on input line 58.
LaTeX Font Info:    Font shape `T1/pcr/m/it' in size <7> not available
(Font)              Font shape `T1/pcr/m/sl' tried instead on input line 58.
[11

] [12] [13]) (classes_1_1deusto_1_1spq_1_1client_1_1_cliente_test.tex
[14] [15]) (classes_1_1deusto_1_1spq_1_1client_1_1_controller.tex [16]
Underfull \hbox (badness 10000) detected at line 48
[][][]
 []

[17]
Underfull \hbox (badness 10000) detected at line 97
[][][]
 []

[18]
Underfull \hbox (badness 10000) detected at line 135
[][][]
 []

[19] [20]
Underfull \hbox (badness 10000) detected at line 213
[][][]
 []


Underfull \hbox (badness 10000) detected at line 253
[][][]
 []

[21]) (classes_1_1deusto_1_1spq_1_1client_1_1_controller_test.tex [22] [23])
(classes_1_1deusto_1_1spq_1_1server_1_1_d_b_manager.tex [24] [25] [26] [27]
Underfull \hbox (badness 10000) detected at line 305
[][][]
 []

[28] [29] [30])
(classes_1_1deusto_1_1spq_1_1client_1_1_estadistica_feedback.tex [31]
Underfull \hbox (badness 10000) detected at line 37
[][][]
 []


Underfull \hbox (badness 10000) in paragraph at lines 48--49
\T1/pcr/m/n/8 static Map$\OML/cmm/m/it/8 <$\T1/pcr/m/n/8 Integer, Double$\OML/c
mm/m/it/8 >$ \T1/pcr/m/n/8 es.[]deusto.[]spq.[]client.[]Estadistica[]Feedback.[
]Read[]And[]Load ( ) throws
 []


Underfull \hbox (badness 10000) detected at line 52
[][][]
 []

[32]
Underfull \hbox (badness 10000) detected at line 81
[][][]
 []

) (classes_1_1deusto_1_1spq_1_1client_1_1_evento.tex [33] [34] [35] [36])
(classes_1_1deusto_1_1spq_1_1client_1_1_feedback.tex [37] [38])
(classes_1_1deusto_1_1spq_1_1client_1_1_get_properties.tex)
(classes_1_1deusto_1_1spq_1_1server_1_1_get_properties.tex [39])
(classes_1_1deusto_1_1spq_1_1client_1_1_habitacion.tex [40]
Underfull \hbox (badness 10000) detected at line 33
[][][]
 []

[41] [42]) (classes_1_1deusto_1_1spq_1_1client_1_1_habitacion_test.tex [43])
(interfacees_1_1deusto_1_1spq_1_1server_1_1_i_remote_facade.tex

pdfTeX warning: pdflatex (file ./interfacees_1_1deusto_1_1spq_1_1server_1_1_i_r
emote_facade.pdf): PDF inclusion: found PDF version <1.7>, but at most version 
<1.5> allowed
 <./interfacees_1_1deusto_1_1spq_1_1server_1_1_i_remote_facade.pdf>
<interfacees_1_1deusto_1_1spq_1_1server_1_1_i_remote_facade.pdf, id=188, 501.87
5pt x 175.65625pt>
File: interfacees_1_1deusto_1_1spq_1_1server_1_1_i_remote_facade.pdf Graphic fi
le (type pdf)
<use interfacees_1_1deusto_1_1spq_1_1server_1_1_i_remote_facade.pdf>
Package pdftex.def Info: interfacees_1_1deusto_1_1spq_1_1server_1_1_i_remote_fa
cade.pdf  used on input line 6.
(pdftex.def)             Requested size: 162.58669pt x 56.9055pt.
 [44]
[45] [46])
(classes_1_1deusto_1_1spq_1_1client_1_1gui_1_1_ventana_registro_1_1_j_number_te
xt_field.tex

pdfTeX warning: pdflatex (file ./classes_1_1deusto_1_1spq_1_1client_1_1gui_1_1_
ventana_registro_1_1_j_number_text_field.pdf): PDF inclusion: found PDF version
 <1.7>, but at most version <1.5> allowed
 <./classes_1_1deusto_1_1spq_1_1client_1_1gui_1_1_ventana_registro_1_1_j_number
_text_field.pdf>
<classes_1_1deusto_1_1spq_1_1client_1_1gui_1_1_ventana_registro_1_1_j_number_te
xt_field.pdf, id=203, 501.875pt x 113.42375pt>
File: classes_1_1deusto_1_1spq_1_1client_1_1gui_1_1_ventana_registro_1_1_j_numb
er_text_field.pdf Graphic file (type pdf)
<use classes_1_1deusto_1_1spq_1_1client_1_1gui_1_1_ventana_registro_1_1_j_numbe
r_text_field.pdf>
Package pdftex.def Info: classes_1_1deusto_1_1spq_1_1client_1_1gui_1_1_ventana_
registro_1_1_j_number_text_field.pdf  used on input line 6.
(pdftex.def)             Requested size: 251.79457pt x 56.9055pt.
) (classes_1_1deusto_1_1spq_1_1client_1_1_main.tex [47]
Underfull \hbox (badness 10000) detected at line 11
[][][]
 []

) (classes_1_1deusto_1_1spq_1_1server_1_1_main.tex [48]
Overfull \vbox (5.74634pt too high) has occurred while \output is active []


[49]
Underfull \hbox (badness 10000) detected at line 81
[][][]
 []

) (enumes_1_1deusto_1_1spq_1_1client_1_1_feedback_1_1_recomendacion.tex
[50]) (classes_1_1deusto_1_1spq_1_1server_1_1_remote_facade.tex

pdfTeX warning: pdflatex (file ./classes_1_1deusto_1_1spq_1_1server_1_1_remote_
facade.pdf): PDF inclusion: found PDF version <1.7>, but at most version <1.5> 
allowed
 <./classes_1_1deusto_1_1spq_1_1server_1_1_remote_facade.pdf>
<classes_1_1deusto_1_1spq_1_1server_1_1_remote_facade.pdf, id=222, 501.875pt x 
175.65625pt>
File: classes_1_1deusto_1_1spq_1_1server_1_1_remote_facade.pdf Graphic file (ty
pe pdf)
<use classes_1_1deusto_1_1spq_1_1server_1_1_remote_facade.pdf>
Package pdftex.def Info: classes_1_1deusto_1_1spq_1_1server_1_1_remote_facade.p
df  used on input line 6.
(pdftex.def)             Requested size: 162.58669pt x 56.9055pt.
 [51] [52]
[53] [54]) (classes_1_1deusto_1_1spq_1_1server_1_1_remote_facade_test.tex
[55] [56]) (classes_1_1deusto_1_1spq_1_1client_1_1_reserva.tex [57]
Underfull \hbox (badness 10000) detected at line 39
[][][]
 []

[58] [59] [60]) (classes_1_1deusto_1_1spq_1_1client_1_1_reserva_test.tex
[61] [62]) (classes_1_1deusto_1_1spq_1_1client_1_1_r_w_exception.tex

pdfTeX warning: pdflatex (file ./classes_1_1deusto_1_1spq_1_1client_1_1_r_w_exc
eption.pdf): PDF inclusion: found PDF version <1.7>, but at most version <1.5> 
allowed
 <./classes_1_1deusto_1_1spq_1_1client_1_1_r_w_exception.pdf>
<classes_1_1deusto_1_1spq_1_1client_1_1_r_w_exception.pdf, id=266, 501.875pt x 
192.72pt>
File: classes_1_1deusto_1_1spq_1_1client_1_1_r_w_exception.pdf Graphic file (ty
pe pdf)
<use classes_1_1deusto_1_1spq_1_1client_1_1_r_w_exception.pdf>
Package pdftex.def Info: classes_1_1deusto_1_1spq_1_1client_1_1_r_w_exception.p
df  used on input line 6.
(pdftex.def)             Requested size: 148.18968pt x 56.9055pt.
 [63])
(classes_1_1deusto_1_1spq_1_1client_1_1_service_locator.tex
Underfull \hbox (badness 10000) detected at line 48
[][][]
 []

[64]
Underfull \hbox (badness 10000) detected at line 92
[][][]
 []

[65]
Underfull \hbox (badness 10000) detected at line 130
[][][]
 []

[66] [67]) (classes_1_1deusto_1_1spq_1_1client_1_1gui_1_1_ventana_admin.tex

pdfTeX warning: pdflatex (file ./classes_1_1deusto_1_1spq_1_1client_1_1gui_1_1_
ventana_admin.pdf): PDF inclusion: found PDF version <1.7>, but at most version
 <1.5> allowed
 <./classes_1_1deusto_1_1spq_1_1client_1_1gui_1_1_ventana_admin.pdf>
<classes_1_1deusto_1_1spq_1_1client_1_1gui_1_1_ventana_admin.pdf, id=288, 501.8
75pt x 169.63374pt>
File: classes_1_1deusto_1_1spq_1_1client_1_1gui_1_1_ventana_admin.pdf Graphic f
ile (type pdf)
<use classes_1_1deusto_1_1spq_1_1client_1_1gui_1_1_ventana_admin.pdf>
Package pdftex.def Info: classes_1_1deusto_1_1spq_1_1client_1_1gui_1_1_ventana_
admin.pdf  used on input line 6.
(pdftex.def)             Requested size: 168.35315pt x 56.9055pt.
 [68])
(classes_1_1deusto_1_1spq_1_1client_1_1gui_1_1_ventana_crear_evento.tex

pdfTeX warning: pdflatex (file ./classes_1_1deusto_1_1spq_1_1client_1_1gui_1_1_
ventana_crear_evento.pdf): PDF inclusion: found PDF version <1.7>, but at most 
version <1.5> allowed
 <./classes_1_1deusto_1_1spq_1_1client_1_1gui_1_1_ventana_crear_evento.pdf>
<classes_1_1deusto_1_1spq_1_1client_1_1gui_1_1_ventana_crear_evento.pdf, id=297
, 501.875pt x 146.5475pt>
File: classes_1_1deusto_1_1spq_1_1client_1_1gui_1_1_ventana_crear_evento.pdf Gr
aphic file (type pdf)
<use classes_1_1deusto_1_1spq_1_1client_1_1gui_1_1_ventana_crear_evento.pdf>
Package pdftex.def Info: classes_1_1deusto_1_1spq_1_1client_1_1gui_1_1_ventana_
crear_evento.pdf  used on input line 6.
(pdftex.def)             Requested size: 194.88042pt x 56.9055pt.

[69]) (classes_1_1deusto_1_1spq_1_1client_1_1gui_1_1_ventana_datos_cliente.tex

pdfTeX warning: pdflatex (file ./classes_1_1deusto_1_1spq_1_1client_1_1gui_1_1_
ventana_datos_cliente.pdf): PDF inclusion: found PDF version <1.7>, but at most
 version <1.5> allowed
 <./classes_1_1deusto_1_1spq_1_1client_1_1gui_1_1_ventana_datos_cliente.pdf>
<classes_1_1deusto_1_1spq_1_1client_1_1gui_1_1_ventana_datos_cliente.pdf, id=30
6, 501.875pt x 146.5475pt>
File: classes_1_1deusto_1_1spq_1_1client_1_1gui_1_1_ventana_datos_cliente.pdf G
raphic file (type pdf)
<use classes_1_1deusto_1_1spq_1_1client_1_1gui_1_1_ventana_datos_cliente.pdf>
Package pdftex.def Info: classes_1_1deusto_1_1spq_1_1client_1_1gui_1_1_ventana_
datos_cliente.pdf  used on input line 6.
(pdftex.def)             Requested size: 194.88042pt x 56.9055pt.

[70]) (classes_1_1deusto_1_1spq_1_1client_1_1gui_1_1_ventana_estadisticas.tex

pdfTeX warning: pdflatex (file ./classes_1_1deusto_1_1spq_1_1client_1_1gui_1_1_
ventana_estadisticas.pdf): PDF inclusion: found PDF version <1.7>, but at most 
version <1.5> allowed
 <./classes_1_1deusto_1_1spq_1_1client_1_1gui_1_1_ventana_estadisticas.pdf>
<classes_1_1deusto_1_1spq_1_1client_1_1gui_1_1_ventana_estadisticas.pdf, id=315
, 501.875pt x 149.55875pt>
File: classes_1_1deusto_1_1spq_1_1client_1_1gui_1_1_ventana_estadisticas.pdf Gr
aphic file (type pdf)
<use classes_1_1deusto_1_1spq_1_1client_1_1gui_1_1_ventana_estadisticas.pdf>
Package pdftex.def Info: classes_1_1deusto_1_1spq_1_1client_1_1gui_1_1_ventana_
estadisticas.pdf  used on input line 6.
(pdftex.def)             Requested size: 190.95953pt x 56.9055pt.

[71]) (classes_1_1deusto_1_1spq_1_1client_1_1gui_1_1_ventana_eventos.tex

pdfTeX warning: pdflatex (file ./classes_1_1deusto_1_1spq_1_1client_1_1gui_1_1_
ventana_eventos.pdf): PDF inclusion: found PDF version <1.7>, but at most versi
on <1.5> allowed
 <./classes_1_1deusto_1_1spq_1_1client_1_1gui_1_1_ventana_eventos.pdf>
<classes_1_1deusto_1_1spq_1_1client_1_1gui_1_1_ventana_eventos.pdf, id=324, 501
.875pt x 162.6075pt>
File: classes_1_1deusto_1_1spq_1_1client_1_1gui_1_1_ventana_eventos.pdf Graphic
 file (type pdf)
<use classes_1_1deusto_1_1spq_1_1client_1_1gui_1_1_ventana_eventos.pdf>
Package pdftex.def Info: classes_1_1deusto_1_1spq_1_1client_1_1gui_1_1_ventana_
eventos.pdf  used on input line 6.
(pdftex.def)             Requested size: 175.6359pt x 56.9055pt.
)
(classes_1_1deusto_1_1spq_1_1client_1_1gui_1_1_ventana_feedback.tex

pdfTeX warning: pdflatex (file ./classes_1_1deusto_1_1spq_1_1client_1_1gui_1_1_
ventana_feedback.pdf): PDF inclusion: found PDF version <1.7>, but at most vers
ion <1.5> allowed
 <./classes_1_1deusto_1_1spq_1_1client_1_1gui_1_1_ventana_feedback.pdf>
<classes_1_1deusto_1_1spq_1_1client_1_1gui_1_1_ventana_feedback.pdf, id=330, 50
1.875pt x 155.58125pt>
File: classes_1_1deusto_1_1spq_1_1client_1_1gui_1_1_ventana_feedback.pdf Graphi
c file (type pdf)
<use classes_1_1deusto_1_1spq_1_1client_1_1gui_1_1_ventana_feedback.pdf>
Package pdftex.def Info: classes_1_1deusto_1_1spq_1_1client_1_1gui_1_1_ventana_
feedback.pdf  used on input line 6.
(pdftex.def)             Requested size: 183.56192pt x 56.9055pt.

[72]) (classes_1_1deusto_1_1spq_1_1client_1_1gui_1_1_ventana_inicio_sesion.tex

pdfTeX warning: pdflatex (file ./classes_1_1deusto_1_1spq_1_1client_1_1gui_1_1_
ventana_inicio_sesion.pdf): PDF inclusion: found PDF version <1.7>, but at most
 version <1.5> allowed
 <./classes_1_1deusto_1_1spq_1_1client_1_1gui_1_1_ventana_inicio_sesion.pdf>
<classes_1_1deusto_1_1spq_1_1client_1_1gui_1_1_ventana_inicio_sesion.pdf, id=33
9, 501.875pt x 148.555pt>
File: classes_1_1deusto_1_1spq_1_1client_1_1gui_1_1_ventana_inicio_sesion.pdf G
raphic file (type pdf)
<use classes_1_1deusto_1_1spq_1_1client_1_1gui_1_1_ventana_inicio_sesion.pdf>
Package pdftex.def Info: classes_1_1deusto_1_1spq_1_1client_1_1gui_1_1_ventana_
inicio_sesion.pdf  used on input line 6.
(pdftex.def)             Requested size: 192.24606pt x 56.9055pt.

[73]) (classes_1_1deusto_1_1spq_1_1client_1_1gui_1_1_ventana_menu.tex

pdfTeX warning: pdflatex (file ./classes_1_1deusto_1_1spq_1_1client_1_1gui_1_1_
ventana_menu.pdf): PDF inclusion: found PDF version <1.7>, but at most version 
<1.5> allowed
 <./classes_1_1deusto_1_1spq_1_1client_1_1gui_1_1_ventana_menu.pdf>
<classes_1_1deusto_1_1spq_1_1client_1_1gui_1_1_ventana_menu.pdf, id=349, 501.87
5pt x 171.64125pt>
File: classes_1_1deusto_1_1spq_1_1client_1_1gui_1_1_ventana_menu.pdf Graphic fi
le (type pdf)
<use classes_1_1deusto_1_1spq_1_1client_1_1gui_1_1_ventana_menu.pdf>
Package pdftex.def Info: classes_1_1deusto_1_1spq_1_1client_1_1gui_1_1_ventana_
menu.pdf  used on input line 6.
(pdftex.def)             Requested size: 166.38506pt x 56.9055pt.
 [74])
(classes_1_1deusto_1_1spq_1_1client_1_1gui_1_1_ventana_mostrar_reservas.tex

pdfTeX warning: pdflatex (file ./classes_1_1deusto_1_1spq_1_1client_1_1gui_1_1_
ventana_mostrar_reservas.pdf): PDF inclusion: found PDF version <1.7>, but at m
ost version <1.5> allowed
 <./classes_1_1deusto_1_1spq_1_1client_1_1gui_1_1_ventana_mostrar_reservas.pdf>
<classes_1_1deusto_1_1spq_1_1client_1_1gui_1_1_ventana_mostrar_reservas.pdf, id
=358, 501.875pt x 134.5025pt>
File: classes_1_1deusto_1_1spq_1_1client_1_1gui_1_1_ventana_mostrar_reservas.pd
f Graphic file (type pdf)
<use classes_1_1deusto_1_1spq_1_1client_1_1gui_1_1_ventana_mostrar_reservas.pdf
>
Package pdftex.def Info: classes_1_1deusto_1_1spq_1_1client_1_1gui_1_1_ventana_
mostrar_reservas.pdf  used on input line 6.
(pdftex.def)             Requested size: 212.33296pt x 56.9055pt.
[75]) (classes_1_1deusto_1_1spq_1_1client_1_1gui_1_1_ventana_registro.tex

pdfTeX warning: pdflatex (file ./classes_1_1deusto_1_1spq_1_1client_1_1gui_1_1_
ventana_registro.pdf): PDF inclusion: found PDF version <1.7>, but at most vers
ion <1.5> allowed
 <./classes_1_1deusto_1_1spq_1_1client_1_1gui_1_1_ventana_registro.pdf>
<classes_1_1deusto_1_1spq_1_1client_1_1gui_1_1_ventana_registro.pdf, id=367, 50
1.875pt x 161.60374pt>
File: classes_1_1deusto_1_1spq_1_1client_1_1gui_1_1_ventana_registro.pdf Graphi
c file (type pdf)
<use classes_1_1deusto_1_1spq_1_1client_1_1gui_1_1_ventana_registro.pdf>
Package pdftex.def Info: classes_1_1deusto_1_1spq_1_1client_1_1gui_1_1_ventana_
registro.pdf  used on input line 6.
(pdftex.def)             Requested size: 176.72333pt x 56.9055pt.

[76]) (classes_1_1deusto_1_1spq_1_1client_1_1gui_1_1_ventana_reservas.tex

pdfTeX warning: pdflatex (file ./classes_1_1deusto_1_1spq_1_1client_1_1gui_1_1_
ventana_reservas.pdf): PDF inclusion: found PDF version <1.7>, but at most vers
ion <1.5> allowed
 <./classes_1_1deusto_1_1spq_1_1client_1_1gui_1_1_ventana_reservas.pdf>
<classes_1_1deusto_1_1spq_1_1client_1_1gui_1_1_ventana_reservas.pdf, id=376, 50
1.875pt x 157.58875pt>
File: classes_1_1deusto_1_1spq_1_1client_1_1gui_1_1_ventana_reservas.pdf Graphi
c file (type pdf)
<use classes_1_1deusto_1_1spq_1_1client_1_1gui_1_1_ventana_reservas.pdf>
Package pdftex.def Info: classes_1_1deusto_1_1spq_1_1client_1_1gui_1_1_ventana_
reservas.pdf  used on input line 6.
(pdftex.def)             Requested size: 181.22623pt x 56.9055pt.

[77]) (classes_1_1deusto_1_1spq_1_1client_1_1gui_1_1_ventana_reservas_admin.tex


pdfTeX warning: pdflatex (file ./classes_1_1deusto_1_1spq_1_1client_1_1gui_1_1_
ventana_reservas_admin.pdf): PDF inclusion: found PDF version <1.7>, but at mos
t version <1.5> allowed
 <./classes_1_1deusto_1_1spq_1_1client_1_1gui_1_1_ventana_reservas_admin.pdf>
<classes_1_1deusto_1_1spq_1_1client_1_1gui_1_1_ventana_reservas_admin.pdf, id=3
85, 501.875pt x 138.5175pt>
File: classes_1_1deusto_1_1spq_1_1client_1_1gui_1_1_ventana_reservas_admin.pdf 
Graphic file (type pdf)
<use classes_1_1deusto_1_1spq_1_1client_1_1gui_1_1_ventana_reservas_admin.pdf>
Package pdftex.def Info: classes_1_1deusto_1_1spq_1_1client_1_1gui_1_1_ventana_
reservas_admin.pdf  used on input line 6.
(pdftex.def)             Requested size: 206.17595pt x 56.9055pt.

[78]) (classes_1_1deusto_1_1spq_1_1client_1_1gui_1_1_ventana_usuarios_admin.tex


pdfTeX warning: pdflatex (file ./classes_1_1deusto_1_1spq_1_1client_1_1gui_1_1_
ventana_usuarios_admin.pdf): PDF inclusion: found PDF version <1.7>, but at mos
t version <1.5> allowed
 <./classes_1_1deusto_1_1spq_1_1client_1_1gui_1_1_ventana_usuarios_admin.pdf>
<classes_1_1deusto_1_1spq_1_1client_1_1gui_1_1_ventana_usuarios_admin.pdf, id=3
94, 501.875pt x 140.525pt>
File: classes_1_1deusto_1_1spq_1_1client_1_1gui_1_1_ventana_usuarios_admin.pdf 
Graphic file (type pdf)
<use classes_1_1deusto_1_1spq_1_1client_1_1gui_1_1_ventana_usuarios_admin.pdf>
Package pdftex.def Info: classes_1_1deusto_1_1spq_1_1client_1_1gui_1_1_ventana_
usuarios_admin.pdf  used on input line 6.
(pdftex.def)             Requested size: 203.23528pt x 56.9055pt.
)
[79] [80

]
Chapter 7.
(_cliente_8java.tex) (_controller_8java.tex) (_estadistica_feedback_8java.tex)
(_evento_8java.tex [81]) (_feedback_8java.tex)
(client_2_get_properties_8java.tex) (server_2_get_properties_8java.tex)
(_ventana_admin_8java.tex) (_ventana_crear_evento_8java.tex [82])
(_ventana_datos_cliente_8java.tex) (_ventana_estadisticas_8java.tex)
(_ventana_eventos_8java.tex [83]) (_ventana_feedback_8java.tex)
(_ventana_inicio_sesion_8java.tex) (_ventana_menu_8java.tex)
(_ventana_mostrar_reservas_8java.tex [84]) (_ventana_registro_8java.tex)
(_ventana_reservas_8java.tex) (_ventana_reservas_admin_8java.tex)
(_ventana_usuarios_admin_8java.tex [85]) (_habitacion_8java.tex)
(client_2_main_8java.tex) (server_2_main_8java.tex) (_reserva_8java.tex
[86]) (_r_w_exception_8java.tex) (_service_locator_8java.tex)
(_d_b_manager_8java.tex) (_i_remote_facade_8java.tex [87])
(_remote_facade_8java.tex) (_cliente_test_8java.tex)
(_controller_test_8java.tex) (_habitacion_test_8java.tex [88])
(_reserva_test_8java.tex) (_remote_facade_test_8java.tex) [89] [90

] (refman.ind [91


]
Overfull \hbox (16.54861pt too wide) in paragraph at lines 221--222
[]\T1/phv/m/n/10 es.deusto.spq.client.gui.VentanaRegistro.JNumberTextField,
 []

[92] [93] [94]
Underfull \hbox (badness 10000) in paragraph at lines 532--533
[]| \T1/phv/m/n/10 es.deusto.spq.client.Feedback.Recomendacion,
 []

[95]
Underfull \hbox (badness 10000) in paragraph at lines 640--641
[]| \T1/phv/m/n/10 es.deusto.spq.client.Feedback.Recomendacion,
 []


Overfull \hbox (18.2135pt too wide) in paragraph at lines 645--647
[]\T1/phv/m/n/10 src/main/java/es/deusto/spq/client/EstadisticaFeedback.java,
 []


Underfull \hbox (badness 10000) in paragraph at lines 649--650
[]\T1/phv/m/n/10 src/main/java/es/deusto/spq/client/GetProperties.java,
 []


Overfull \hbox (32.87395pt too wide) in paragraph at lines 651--653
[]\T1/phv/m/n/10 src/main/java/es/deusto/spq/client/gui/VentanaCrearEvento.java
,
 []


Overfull \hbox (34.32294pt too wide) in paragraph at lines 653--655
[]\T1/phv/m/n/10 src/main/java/es/deusto/spq/client/gui/VentanaDatosCliente.jav
a,
 []


Overfull \hbox (30.82207pt too wide) in paragraph at lines 655--657
[]\T1/phv/m/n/10 src/main/java/es/deusto/spq/client/gui/VentanaEstadisticas.jav
a,
 []


Overfull \hbox (15.09932pt too wide) in paragraph at lines 657--659
[]\T1/phv/m/n/10 src/main/java/es/deusto/spq/client/gui/VentanaEventos.java,
 []


Overfull \hbox (22.01132pt too wide) in paragraph at lines 659--661
[]\T1/phv/m/n/10 src/main/java/es/deusto/spq/client/gui/VentanaFeedback.java,
 []


Overfull \hbox (31.46092pt too wide) in paragraph at lines 661--663
[]\T1/phv/m/n/10 src/main/java/es/deusto/spq/client/gui/VentanaInicioSesion.jav
a,
 []


Overfull \hbox (51.26974pt too wide) in paragraph at lines 664--666
[]\T1/phv/m/n/10 src/main/java/es/deusto/spq/client/gui/VentanaMostrarReservas.
java,
 []


Overfull \hbox (16.08928pt too wide) in paragraph at lines 666--668
[]\T1/phv/m/n/10 src/main/java/es/deusto/spq/client/gui/VentanaRegistro.java,
 []


Overfull \hbox (20.8593pt too wide) in paragraph at lines 668--670
[]\T1/phv/m/n/10 src/main/java/es/deusto/spq/client/gui/VentanaReservas.java,
 []


Overfull \hbox (46.49977pt too wide) in paragraph at lines 670--672
[]\T1/phv/m/n/10 src/main/java/es/deusto/spq/client/gui/VentanaReservasAdmin.ja
va,
 []


Overfull \hbox (44.08774pt too wide) in paragraph at lines 672--674
[]\T1/phv/m/n/10 src/main/java/es/deusto/spq/client/gui/VentanaUsuariosAdmin.ja
va,
 []


Underfull \hbox (badness 10000) in paragraph at lines 677--678
[]\T1/phv/m/n/10 src/main/java/es/deusto/spq/client/RWException.java,
 []


Underfull \hbox (badness 10000) in paragraph at lines 678--679
[]\T1/phv/m/n/10 src/main/java/es/deusto/spq/client/ServiceLocator.java,
 []


Underfull \hbox (badness 10000) in paragraph at lines 680--681
[]\T1/phv/m/n/10 src/main/java/es/deusto/spq/server/GetProperties.java,
 []


Underfull \hbox (badness 10000) in paragraph at lines 686--687
[]\T1/phv/m/n/10 src/test/java/es/deusto/spq/client/HabitacionTest.java,
 []

[96]
Underfull \hbox (badness 10000) in paragraph at lines 729--730
[]| \T1/phv/m/n/10 es.deusto.spq.client.gui.VentanaMostrarReservas,
 []


Underfull \hbox (badness 10000) in paragraph at lines 735--736
[]| \T1/phv/m/n/10 es.deusto.spq.client.gui.VentanaReservasAdmin,
 []


Underfull \hbox (badness 10000) in paragraph at lines 737--738
[]| \T1/phv/m/n/10 es.deusto.spq.client.gui.VentanaUsuariosAdmin,
 []

[97

]) (refman.aux) ) 
Here is how much of TeX's memory you used:
 10405 strings out of 479334
 192422 string characters out of 2857084
 563938 words of memory out of 3000000
 27418 multiletter control sequences out of 15000+200000
 460802 words of font info for 96 fonts, out of 3000000 for 9000
 1141 hyphenation exceptions out of 8191
 112i,16n,117p,750b,574s stack positions out of 5000i,500n,10000p,200000b,50000s
{C:/Users/mikel/AppData/Local/Programs/MiKTeX/fonts/enc/dvips/
base/8r.enc}<C:/Users/mikel/AppData/Local/Programs/MiKTeX/fonts/type1/public/am
sfonts/cm/cmmi10.pfb><C:/Users/mikel/AppData/Local/Programs/MiKTeX/fonts/type1/
public/amsfonts/cm/cmmi7.pfb><C:/Users/mikel/AppData/Local/Programs/MiKTeX/font
s/type1/public/amsfonts/cm/cmmi8.pfb><C:/Users/mikel/AppData/Local/Programs/MiK
TeX/fonts/type1/public/amsfonts/cm/cmsy7.pfb><C:/Users/mikel/AppData/Local/Prog
rams/MiKTeX/fonts/type1/urw/courier/ucrb8a.pfb><C:/Users/mikel/AppData/Local/Pr
ograms/MiKTeX/fonts/type1/urw/courier/ucrr8a.pfb><C:/Users/mikel/AppData/Local/
Programs/MiKTeX/fonts/type1/urw/courier/ucrro8a.pfb><C:/Users/mikel/AppData/Loc
al/Programs/MiKTeX/fonts/type1/urw/helvetic/uhvb8a.pfb><C:/Users/mikel/AppData/
Local/Programs/MiKTeX/fonts/type1/urw/helvetic/uhvb8ac.pfb><C:/Users/mikel/AppD
ata/Local/Programs/MiKTeX/fonts/type1/urw/helvetic/uhvbo8a.pfb><C:/Users/mikel/
AppData/Local/Programs/MiKTeX/fonts/type1/urw/helvetic/uhvr8a.pfb><C:/Users/mik
el/AppData/Local/Programs/MiKTeX/fonts/type1/urw/helvetic/uhvro8a.pfb>
Output written on refman.pdf (109 pages, 339344 bytes).
PDF statistics:
 504 PDF objects out of 1000 (max. 8388607)
 0 named destinations out of 1000 (max. 500000)
 86 words of extra memory for PDF output out of 10000 (max. 10000000)

